[0.243s] DEBUG:colcon:Command line arguments: ['/usr/bin/colcon', 'build']
[0.243s] DEBUG:colcon:Parsed command line arguments: Namespace(log_base=None, log_level=None, verb_name='build', build_base='build', install_base='install', merge_install=False, symlink_install=False, test_result_base=None, continue_on_error=False, executor='parallel', parallel_workers=8, event_handlers=None, ignore_user_meta=False, metas=['./colcon.meta'], base_paths=['.'], packages_ignore=None, packages_ignore_regex=None, paths=None, packages_up_to=None, packages_up_to_regex=None, packages_above=None, packages_above_and_dependencies=None, packages_above_depth=None, packages_select_by_dep=None, packages_skip_by_dep=None, packages_skip_up_to=None, packages_select_build_failed=False, packages_skip_build_finished=False, packages_select_test_failures=False, packages_skip_test_passed=False, packages_select=None, packages_skip=None, packages_select_regex=None, packages_skip_regex=None, packages_start=None, packages_end=None, allow_overriding=[], cmake_args=None, cmake_target=None, cmake_target_skip_unavailable=False, cmake_clean_cache=False, cmake_clean_first=False, cmake_force_configure=False, ament_cmake_args=None, catkin_cmake_args=None, catkin_skip_building_tests=False, verb_parser=<colcon_defaults.argument_parser.defaults.DefaultArgumentsDecorator object at 0x7fb74847dd20>, verb_extension=<colcon_core.verb.build.BuildVerb object at 0x7fb74847cee0>, main=<bound method BuildVerb.main of <colcon_core.verb.build.BuildVerb object at 0x7fb74847cee0>>)
[0.418s] Level 1:colcon.colcon_core.package_discovery:discover_packages(colcon_meta) check parameters
[0.419s] Level 1:colcon.colcon_core.package_discovery:discover_packages(recursive) check parameters
[0.419s] Level 1:colcon.colcon_core.package_discovery:discover_packages(ignore) check parameters
[0.419s] Level 1:colcon.colcon_core.package_discovery:discover_packages(path) check parameters
[0.419s] Level 1:colcon.colcon_core.package_discovery:discover_packages(colcon_meta) discover
[0.419s] Level 1:colcon.colcon_core.package_discovery:discover_packages(recursive) discover
[0.419s] INFO:colcon.colcon_core.package_discovery:Crawling recursively for packages in '/home/yadi/perceptron'
[0.419s] Level 1:colcon.colcon_core.package_identification:_identify(.) by extensions ['ignore', 'ignore_ament_install']
[0.419s] Level 1:colcon.colcon_core.package_identification:_identify(.) by extension 'ignore'
[0.419s] Level 1:colcon.colcon_core.package_identification:_identify(.) by extension 'ignore_ament_install'
[0.419s] Level 1:colcon.colcon_core.package_identification:_identify(.) by extensions ['colcon_pkg']
[0.419s] Level 1:colcon.colcon_core.package_identification:_identify(.) by extension 'colcon_pkg'
[0.419s] Level 1:colcon.colcon_core.package_identification:_identify(.) by extensions ['colcon_meta']
[0.420s] Level 1:colcon.colcon_core.package_identification:_identify(.) by extension 'colcon_meta'
[0.420s] Level 1:colcon.colcon_core.package_identification:_identify(.) by extensions ['ros']
[0.420s] Level 1:colcon.colcon_core.package_identification:_identify(.) by extension 'ros'
[0.431s] Level 1:colcon.colcon_core.package_identification:_identify(.) by extensions ['cmake', 'python']
[0.431s] Level 1:colcon.colcon_core.package_identification:_identify(.) by extension 'cmake'
[0.431s] Level 1:colcon.colcon_core.package_identification:_identify(.) by extension 'python'
[0.432s] Level 1:colcon.colcon_core.package_identification:_identify(.) by extensions ['python_setup_py']
[0.432s] Level 1:colcon.colcon_core.package_identification:_identify(.) by extension 'python_setup_py'
[0.432s] Level 1:colcon.colcon_core.package_identification:_identify(build) by extensions ['ignore', 'ignore_ament_install']
[0.432s] Level 1:colcon.colcon_core.package_identification:_identify(build) by extension 'ignore'
[0.432s] Level 1:colcon.colcon_core.package_identification:_identify(build) ignored
[0.432s] Level 1:colcon.colcon_core.package_identification:_identify(install) by extensions ['ignore', 'ignore_ament_install']
[0.432s] Level 1:colcon.colcon_core.package_identification:_identify(install) by extension 'ignore'
[0.432s] Level 1:colcon.colcon_core.package_identification:_identify(install) ignored
[0.432s] Level 1:colcon.colcon_core.package_identification:_identify(log) by extensions ['ignore', 'ignore_ament_install']
[0.433s] Level 1:colcon.colcon_core.package_identification:_identify(log) by extension 'ignore'
[0.433s] Level 1:colcon.colcon_core.package_identification:_identify(log) ignored
[0.433s] Level 1:colcon.colcon_core.package_identification:_identify(src) by extensions ['ignore', 'ignore_ament_install']
[0.433s] Level 1:colcon.colcon_core.package_identification:_identify(src) by extension 'ignore'
[0.433s] Level 1:colcon.colcon_core.package_identification:_identify(src) by extension 'ignore_ament_install'
[0.433s] Level 1:colcon.colcon_core.package_identification:_identify(src) by extensions ['colcon_pkg']
[0.433s] Level 1:colcon.colcon_core.package_identification:_identify(src) by extension 'colcon_pkg'
[0.433s] Level 1:colcon.colcon_core.package_identification:_identify(src) by extensions ['colcon_meta']
[0.433s] Level 1:colcon.colcon_core.package_identification:_identify(src) by extension 'colcon_meta'
[0.433s] Level 1:colcon.colcon_core.package_identification:_identify(src) by extensions ['ros']
[0.433s] Level 1:colcon.colcon_core.package_identification:_identify(src) by extension 'ros'
[0.433s] Level 1:colcon.colcon_core.package_identification:_identify(src) by extensions ['cmake', 'python']
[0.433s] Level 1:colcon.colcon_core.package_identification:_identify(src) by extension 'cmake'
[0.433s] Level 1:colcon.colcon_core.package_identification:_identify(src) by extension 'python'
[0.433s] Level 1:colcon.colcon_core.package_identification:_identify(src) by extensions ['python_setup_py']
[0.434s] Level 1:colcon.colcon_core.package_identification:_identify(src) by extension 'python_setup_py'
[0.434s] Level 1:colcon.colcon_core.package_identification:_identify(src/perceptron_robot_bringup) by extensions ['ignore', 'ignore_ament_install']
[0.434s] Level 1:colcon.colcon_core.package_identification:_identify(src/perceptron_robot_bringup) by extension 'ignore'
[0.434s] Level 1:colcon.colcon_core.package_identification:_identify(src/perceptron_robot_bringup) by extension 'ignore_ament_install'
[0.434s] Level 1:colcon.colcon_core.package_identification:_identify(src/perceptron_robot_bringup) by extensions ['colcon_pkg']
[0.434s] Level 1:colcon.colcon_core.package_identification:_identify(src/perceptron_robot_bringup) by extension 'colcon_pkg'
[0.434s] Level 1:colcon.colcon_core.package_identification:_identify(src/perceptron_robot_bringup) by extensions ['colcon_meta']
[0.434s] Level 1:colcon.colcon_core.package_identification:_identify(src/perceptron_robot_bringup) by extension 'colcon_meta'
[0.434s] Level 1:colcon.colcon_core.package_identification:_identify(src/perceptron_robot_bringup) by extensions ['ros']
[0.434s] Level 1:colcon.colcon_core.package_identification:_identify(src/perceptron_robot_bringup) by extension 'ros'
[0.437s] DEBUG:colcon.colcon_core.package_identification:Package 'src/perceptron_robot_bringup' with type 'ros.ament_python' and name 'perceptron_robot_bringup'
[0.437s] Level 1:colcon.colcon_core.package_identification:_identify(src/perceptron_robot_control) by extensions ['ignore', 'ignore_ament_install']
[0.437s] Level 1:colcon.colcon_core.package_identification:_identify(src/perceptron_robot_control) by extension 'ignore'
[0.438s] Level 1:colcon.colcon_core.package_identification:_identify(src/perceptron_robot_control) by extension 'ignore_ament_install'
[0.438s] Level 1:colcon.colcon_core.package_identification:_identify(src/perceptron_robot_control) by extensions ['colcon_pkg']
[0.438s] Level 1:colcon.colcon_core.package_identification:_identify(src/perceptron_robot_control) by extension 'colcon_pkg'
[0.438s] Level 1:colcon.colcon_core.package_identification:_identify(src/perceptron_robot_control) by extensions ['colcon_meta']
[0.438s] Level 1:colcon.colcon_core.package_identification:_identify(src/perceptron_robot_control) by extension 'colcon_meta'
[0.438s] Level 1:colcon.colcon_core.package_identification:_identify(src/perceptron_robot_control) by extensions ['ros']
[0.438s] Level 1:colcon.colcon_core.package_identification:_identify(src/perceptron_robot_control) by extension 'ros'
[0.439s] DEBUG:colcon.colcon_core.package_identification:Package 'src/perceptron_robot_control' with type 'ros.ament_python' and name 'perceptron_robot_control'
[0.439s] Level 1:colcon.colcon_core.package_identification:_identify(src/perceptron_robot_description) by extensions ['ignore', 'ignore_ament_install']
[0.439s] Level 1:colcon.colcon_core.package_identification:_identify(src/perceptron_robot_description) by extension 'ignore'
[0.439s] Level 1:colcon.colcon_core.package_identification:_identify(src/perceptron_robot_description) by extension 'ignore_ament_install'
[0.439s] Level 1:colcon.colcon_core.package_identification:_identify(src/perceptron_robot_description) by extensions ['colcon_pkg']
[0.439s] Level 1:colcon.colcon_core.package_identification:_identify(src/perceptron_robot_description) by extension 'colcon_pkg'
[0.440s] Level 1:colcon.colcon_core.package_identification:_identify(src/perceptron_robot_description) by extensions ['colcon_meta']
[0.440s] Level 1:colcon.colcon_core.package_identification:_identify(src/perceptron_robot_description) by extension 'colcon_meta'
[0.440s] Level 1:colcon.colcon_core.package_identification:_identify(src/perceptron_robot_description) by extensions ['ros']
[0.440s] Level 1:colcon.colcon_core.package_identification:_identify(src/perceptron_robot_description) by extension 'ros'
[0.440s] DEBUG:colcon.colcon_core.package_identification:Package 'src/perceptron_robot_description' with type 'ros.ament_python' and name 'perceptron_robot_description'
[0.440s] Level 1:colcon.colcon_core.package_identification:_identify(src/perceptron_robot_gazebo) by extensions ['ignore', 'ignore_ament_install']
[0.441s] Level 1:colcon.colcon_core.package_identification:_identify(src/perceptron_robot_gazebo) by extension 'ignore'
[0.441s] Level 1:colcon.colcon_core.package_identification:_identify(src/perceptron_robot_gazebo) by extension 'ignore_ament_install'
[0.441s] Level 1:colcon.colcon_core.package_identification:_identify(src/perceptron_robot_gazebo) by extensions ['colcon_pkg']
[0.441s] Level 1:colcon.colcon_core.package_identification:_identify(src/perceptron_robot_gazebo) by extension 'colcon_pkg'
[0.441s] Level 1:colcon.colcon_core.package_identification:_identify(src/perceptron_robot_gazebo) by extensions ['colcon_meta']
[0.441s] Level 1:colcon.colcon_core.package_identification:_identify(src/perceptron_robot_gazebo) by extension 'colcon_meta'
[0.441s] Level 1:colcon.colcon_core.package_identification:_identify(src/perceptron_robot_gazebo) by extensions ['ros']
[0.441s] Level 1:colcon.colcon_core.package_identification:_identify(src/perceptron_robot_gazebo) by extension 'ros'
[0.442s] DEBUG:colcon.colcon_core.package_identification:Package 'src/perceptron_robot_gazebo' with type 'ros.ament_python' and name 'perceptron_robot_gazebo'
[0.442s] Level 1:colcon.colcon_core.package_discovery:discover_packages(recursive) using defaults
[0.442s] Level 1:colcon.colcon_core.package_discovery:discover_packages(ignore) discover
[0.442s] Level 1:colcon.colcon_core.package_discovery:discover_packages(ignore) using defaults
[0.442s] Level 1:colcon.colcon_core.package_discovery:discover_packages(path) discover
[0.442s] Level 1:colcon.colcon_core.package_discovery:discover_packages(path) using defaults
[0.476s] Level 1:colcon.colcon_core.package_discovery:discover_packages(prefix_path) check parameters
[0.476s] Level 1:colcon.colcon_core.package_discovery:discover_packages(prefix_path) discover
[0.477s] WARNING:colcon.colcon_ros.prefix_path.ament:The path '/home/yadi/perceptron/install/perceptron_robot_gazebo' in the environment variable AMENT_PREFIX_PATH doesn't exist
[0.478s] WARNING:colcon.colcon_ros.prefix_path.ament:The path '/home/yadi/perceptron/install/perceptron_robot_description' in the environment variable AMENT_PREFIX_PATH doesn't exist
[0.478s] WARNING:colcon.colcon_ros.prefix_path.ament:The path '/home/yadi/perceptron/install/perceptron_robot_control' in the environment variable AMENT_PREFIX_PATH doesn't exist
[0.478s] WARNING:colcon.colcon_ros.prefix_path.ament:The path '/home/yadi/perceptron/install/perceptron_robot_bringup' in the environment variable AMENT_PREFIX_PATH doesn't exist
[0.479s] DEBUG:colcon.colcon_installed_package_information.package_discovery:Found 0 installed packages in /home/yadi/perceptron/install
[0.481s] DEBUG:colcon.colcon_installed_package_information.package_discovery:Found 369 installed packages in /opt/ros/humble
[0.484s] Level 1:colcon.colcon_core.package_discovery:discover_packages(prefix_path) using defaults
[0.537s] Level 5:colcon.colcon_core.verb:set package 'perceptron_robot_bringup' build argument 'cmake_args' from command line to 'None'
[0.537s] Level 5:colcon.colcon_core.verb:set package 'perceptron_robot_bringup' build argument 'cmake_target' from command line to 'None'
[0.538s] Level 5:colcon.colcon_core.verb:set package 'perceptron_robot_bringup' build argument 'cmake_target_skip_unavailable' from command line to 'False'
[0.538s] Level 5:colcon.colcon_core.verb:set package 'perceptron_robot_bringup' build argument 'cmake_clean_cache' from command line to 'False'
[0.538s] Level 5:colcon.colcon_core.verb:set package 'perceptron_robot_bringup' build argument 'cmake_clean_first' from command line to 'False'
[0.538s] Level 5:colcon.colcon_core.verb:set package 'perceptron_robot_bringup' build argument 'cmake_force_configure' from command line to 'False'
[0.538s] Level 5:colcon.colcon_core.verb:set package 'perceptron_robot_bringup' build argument 'ament_cmake_args' from command line to 'None'
[0.538s] Level 5:colcon.colcon_core.verb:set package 'perceptron_robot_bringup' build argument 'catkin_cmake_args' from command line to 'None'
[0.538s] Level 5:colcon.colcon_core.verb:set package 'perceptron_robot_bringup' build argument 'catkin_skip_building_tests' from command line to 'False'
[0.538s] DEBUG:colcon.colcon_core.verb:Building package 'perceptron_robot_bringup' with the following arguments: {'ament_cmake_args': None, 'build_base': '/home/yadi/perceptron/build/perceptron_robot_bringup', 'catkin_cmake_args': None, 'catkin_skip_building_tests': False, 'cmake_args': None, 'cmake_clean_cache': False, 'cmake_clean_first': False, 'cmake_force_configure': False, 'cmake_target': None, 'cmake_target_skip_unavailable': False, 'install_base': '/home/yadi/perceptron/install/perceptron_robot_bringup', 'merge_install': False, 'path': '/home/yadi/perceptron/src/perceptron_robot_bringup', 'symlink_install': False, 'test_result_base': None}
[0.538s] Level 5:colcon.colcon_core.verb:set package 'perceptron_robot_control' build argument 'cmake_args' from command line to 'None'
[0.538s] Level 5:colcon.colcon_core.verb:set package 'perceptron_robot_control' build argument 'cmake_target' from command line to 'None'
[0.538s] Level 5:colcon.colcon_core.verb:set package 'perceptron_robot_control' build argument 'cmake_target_skip_unavailable' from command line to 'False'
[0.538s] Level 5:colcon.colcon_core.verb:set package 'perceptron_robot_control' build argument 'cmake_clean_cache' from command line to 'False'
[0.538s] Level 5:colcon.colcon_core.verb:set package 'perceptron_robot_control' build argument 'cmake_clean_first' from command line to 'False'
[0.538s] Level 5:colcon.colcon_core.verb:set package 'perceptron_robot_control' build argument 'cmake_force_configure' from command line to 'False'
[0.538s] Level 5:colcon.colcon_core.verb:set package 'perceptron_robot_control' build argument 'ament_cmake_args' from command line to 'None'
[0.538s] Level 5:colcon.colcon_core.verb:set package 'perceptron_robot_control' build argument 'catkin_cmake_args' from command line to 'None'
[0.538s] Level 5:colcon.colcon_core.verb:set package 'perceptron_robot_control' build argument 'catkin_skip_building_tests' from command line to 'False'
[0.538s] DEBUG:colcon.colcon_core.verb:Building package 'perceptron_robot_control' with the following arguments: {'ament_cmake_args': None, 'build_base': '/home/yadi/perceptron/build/perceptron_robot_control', 'catkin_cmake_args': None, 'catkin_skip_building_tests': False, 'cmake_args': None, 'cmake_clean_cache': False, 'cmake_clean_first': False, 'cmake_force_configure': False, 'cmake_target': None, 'cmake_target_skip_unavailable': False, 'install_base': '/home/yadi/perceptron/install/perceptron_robot_control', 'merge_install': False, 'path': '/home/yadi/perceptron/src/perceptron_robot_control', 'symlink_install': False, 'test_result_base': None}
[0.539s] Level 5:colcon.colcon_core.verb:set package 'perceptron_robot_description' build argument 'cmake_args' from command line to 'None'
[0.539s] Level 5:colcon.colcon_core.verb:set package 'perceptron_robot_description' build argument 'cmake_target' from command line to 'None'
[0.539s] Level 5:colcon.colcon_core.verb:set package 'perceptron_robot_description' build argument 'cmake_target_skip_unavailable' from command line to 'False'
[0.539s] Level 5:colcon.colcon_core.verb:set package 'perceptron_robot_description' build argument 'cmake_clean_cache' from command line to 'False'
[0.539s] Level 5:colcon.colcon_core.verb:set package 'perceptron_robot_description' build argument 'cmake_clean_first' from command line to 'False'
[0.539s] Level 5:colcon.colcon_core.verb:set package 'perceptron_robot_description' build argument 'cmake_force_configure' from command line to 'False'
[0.539s] Level 5:colcon.colcon_core.verb:set package 'perceptron_robot_description' build argument 'ament_cmake_args' from command line to 'None'
[0.539s] Level 5:colcon.colcon_core.verb:set package 'perceptron_robot_description' build argument 'catkin_cmake_args' from command line to 'None'
[0.539s] Level 5:colcon.colcon_core.verb:set package 'perceptron_robot_description' build argument 'catkin_skip_building_tests' from command line to 'False'
[0.539s] DEBUG:colcon.colcon_core.verb:Building package 'perceptron_robot_description' with the following arguments: {'ament_cmake_args': None, 'build_base': '/home/yadi/perceptron/build/perceptron_robot_description', 'catkin_cmake_args': None, 'catkin_skip_building_tests': False, 'cmake_args': None, 'cmake_clean_cache': False, 'cmake_clean_first': False, 'cmake_force_configure': False, 'cmake_target': None, 'cmake_target_skip_unavailable': False, 'install_base': '/home/yadi/perceptron/install/perceptron_robot_description', 'merge_install': False, 'path': '/home/yadi/perceptron/src/perceptron_robot_description', 'symlink_install': False, 'test_result_base': None}
[0.539s] Level 5:colcon.colcon_core.verb:set package 'perceptron_robot_gazebo' build argument 'cmake_args' from command line to 'None'
[0.540s] Level 5:colcon.colcon_core.verb:set package 'perceptron_robot_gazebo' build argument 'cmake_target' from command line to 'None'
[0.540s] Level 5:colcon.colcon_core.verb:set package 'perceptron_robot_gazebo' build argument 'cmake_target_skip_unavailable' from command line to 'False'
[0.540s] Level 5:colcon.colcon_core.verb:set package 'perceptron_robot_gazebo' build argument 'cmake_clean_cache' from command line to 'False'
[0.540s] Level 5:colcon.colcon_core.verb:set package 'perceptron_robot_gazebo' build argument 'cmake_clean_first' from command line to 'False'
[0.540s] Level 5:colcon.colcon_core.verb:set package 'perceptron_robot_gazebo' build argument 'cmake_force_configure' from command line to 'False'
[0.540s] Level 5:colcon.colcon_core.verb:set package 'perceptron_robot_gazebo' build argument 'ament_cmake_args' from command line to 'None'
[0.540s] Level 5:colcon.colcon_core.verb:set package 'perceptron_robot_gazebo' build argument 'catkin_cmake_args' from command line to 'None'
[0.540s] Level 5:colcon.colcon_core.verb:set package 'perceptron_robot_gazebo' build argument 'catkin_skip_building_tests' from command line to 'False'
[0.540s] DEBUG:colcon.colcon_core.verb:Building package 'perceptron_robot_gazebo' with the following arguments: {'ament_cmake_args': None, 'build_base': '/home/yadi/perceptron/build/perceptron_robot_gazebo', 'catkin_cmake_args': None, 'catkin_skip_building_tests': False, 'cmake_args': None, 'cmake_clean_cache': False, 'cmake_clean_first': False, 'cmake_force_configure': False, 'cmake_target': None, 'cmake_target_skip_unavailable': False, 'install_base': '/home/yadi/perceptron/install/perceptron_robot_gazebo', 'merge_install': False, 'path': '/home/yadi/perceptron/src/perceptron_robot_gazebo', 'symlink_install': False, 'test_result_base': None}
[0.540s] INFO:colcon.colcon_core.executor:Executing jobs using 'parallel' executor
[0.541s] DEBUG:colcon.colcon_parallel_executor.executor.parallel:run_until_complete
[0.542s] INFO:colcon.colcon_ros.task.ament_python.build:Building ROS package in '/home/yadi/perceptron/src/perceptron_robot_bringup' with build type 'ament_python'
[0.542s] Level 1:colcon.colcon_core.shell:create_environment_hook('perceptron_robot_bringup', 'ament_prefix_path')
[0.546s] INFO:colcon.colcon_core.plugin_system:Skipping extension 'colcon_core.shell.bat': Not used on non-Windows systems
[0.547s] INFO:colcon.colcon_core.shell:Creating environment hook '/home/yadi/perceptron/install/perceptron_robot_bringup/share/perceptron_robot_bringup/hook/ament_prefix_path.ps1'
[0.549s] INFO:colcon.colcon_core.shell:Creating environment descriptor '/home/yadi/perceptron/install/perceptron_robot_bringup/share/perceptron_robot_bringup/hook/ament_prefix_path.dsv'
[0.549s] INFO:colcon.colcon_core.shell:Creating environment hook '/home/yadi/perceptron/install/perceptron_robot_bringup/share/perceptron_robot_bringup/hook/ament_prefix_path.sh'
[0.550s] INFO:colcon.colcon_core.shell:Skip shell extension 'powershell' for command environment: Not usable outside of PowerShell
[0.550s] DEBUG:colcon.colcon_core.shell:Skip shell extension 'dsv' for command environment
[0.555s] INFO:colcon.colcon_ros.task.ament_python.build:Building ROS package in '/home/yadi/perceptron/src/perceptron_robot_control' with build type 'ament_python'
[0.555s] Level 1:colcon.colcon_core.shell:create_environment_hook('perceptron_robot_control', 'ament_prefix_path')
[0.557s] INFO:colcon.colcon_core.shell:Creating environment hook '/home/yadi/perceptron/install/perceptron_robot_control/share/perceptron_robot_control/hook/ament_prefix_path.ps1'
[0.567s] INFO:colcon.colcon_core.shell:Creating environment descriptor '/home/yadi/perceptron/install/perceptron_robot_control/share/perceptron_robot_control/hook/ament_prefix_path.dsv'
[0.567s] INFO:colcon.colcon_core.shell:Creating environment hook '/home/yadi/perceptron/install/perceptron_robot_control/share/perceptron_robot_control/hook/ament_prefix_path.sh'
[0.568s] INFO:colcon.colcon_core.shell:Skip shell extension 'powershell' for command environment: Not usable outside of PowerShell
[0.568s] DEBUG:colcon.colcon_core.shell:Skip shell extension 'dsv' for command environment
[0.573s] INFO:colcon.colcon_ros.task.ament_python.build:Building ROS package in '/home/yadi/perceptron/src/perceptron_robot_description' with build type 'ament_python'
[0.573s] Level 1:colcon.colcon_core.shell:create_environment_hook('perceptron_robot_description', 'ament_prefix_path')
[0.574s] INFO:colcon.colcon_core.shell:Creating environment hook '/home/yadi/perceptron/install/perceptron_robot_description/share/perceptron_robot_description/hook/ament_prefix_path.ps1'
[0.586s] INFO:colcon.colcon_core.shell:Creating environment descriptor '/home/yadi/perceptron/install/perceptron_robot_description/share/perceptron_robot_description/hook/ament_prefix_path.dsv'
[0.586s] INFO:colcon.colcon_core.shell:Creating environment hook '/home/yadi/perceptron/install/perceptron_robot_description/share/perceptron_robot_description/hook/ament_prefix_path.sh'
[0.587s] INFO:colcon.colcon_core.shell:Skip shell extension 'powershell' for command environment: Not usable outside of PowerShell
[0.587s] DEBUG:colcon.colcon_core.shell:Skip shell extension 'dsv' for command environment
[0.590s] INFO:colcon.colcon_ros.task.ament_python.build:Building ROS package in '/home/yadi/perceptron/src/perceptron_robot_gazebo' with build type 'ament_python'
[0.591s] Level 1:colcon.colcon_core.shell:create_environment_hook('perceptron_robot_gazebo', 'ament_prefix_path')
[0.591s] INFO:colcon.colcon_core.shell:Creating environment hook '/home/yadi/perceptron/install/perceptron_robot_gazebo/share/perceptron_robot_gazebo/hook/ament_prefix_path.ps1'
[0.601s] INFO:colcon.colcon_core.shell:Creating environment descriptor '/home/yadi/perceptron/install/perceptron_robot_gazebo/share/perceptron_robot_gazebo/hook/ament_prefix_path.dsv'
[0.601s] INFO:colcon.colcon_core.shell:Creating environment hook '/home/yadi/perceptron/install/perceptron_robot_gazebo/share/perceptron_robot_gazebo/hook/ament_prefix_path.sh'
[0.602s] INFO:colcon.colcon_core.shell:Skip shell extension 'powershell' for command environment: Not usable outside of PowerShell
[0.602s] DEBUG:colcon.colcon_core.shell:Skip shell extension 'dsv' for command environment
[0.921s] INFO:colcon.colcon_core.task.python.build:Building Python package in '/home/yadi/perceptron/src/perceptron_robot_bringup'
[0.921s] INFO:colcon.colcon_core.shell:Skip shell extension 'powershell' for command environment: Not usable outside of PowerShell
[0.922s] DEBUG:colcon.colcon_core.shell:Skip shell extension 'dsv' for command environment
[1.202s] INFO:colcon.colcon_core.task.python.build:Building Python package in '/home/yadi/perceptron/src/perceptron_robot_control'
[1.203s] INFO:colcon.colcon_core.shell:Skip shell extension 'powershell' for command environment: Not usable outside of PowerShell
[1.203s] DEBUG:colcon.colcon_core.shell:Skip shell extension 'dsv' for command environment
[1.498s] INFO:colcon.colcon_core.task.python.build:Building Python package in '/home/yadi/perceptron/src/perceptron_robot_description'
[1.498s] INFO:colcon.colcon_core.shell:Skip shell extension 'powershell' for command environment: Not usable outside of PowerShell
[1.498s] DEBUG:colcon.colcon_core.shell:Skip shell extension 'dsv' for command environment
[1.773s] INFO:colcon.colcon_core.task.python.build:Building Python package in '/home/yadi/perceptron/src/perceptron_robot_gazebo'
[1.774s] INFO:colcon.colcon_core.shell:Skip shell extension 'powershell' for command environment: Not usable outside of PowerShell
[1.774s] DEBUG:colcon.colcon_core.shell:Skip shell extension 'dsv' for command environment
[2.469s] DEBUG:colcon.colcon_core.event_handler.log_command:Invoking command in '/home/yadi/perceptron/src/perceptron_robot_bringup': PYTHONPATH=/home/yadi/perceptron/build/perceptron_robot_bringup/prefix_override:/usr/lib/python3/dist-packages/colcon_core/task/python/colcon_distutils_commands:/home/yadi/perceptron/install/perceptron_robot_bringup/lib/python3.10/site-packages:${PYTHONPATH} /usr/bin/python3 -W ignore:setup.py install is deprecated -W ignore:easy_install command is deprecated setup.py egg_info --egg-base ../../build/perceptron_robot_bringup build --build-base /home/yadi/perceptron/build/perceptron_robot_bringup/build install --record /home/yadi/perceptron/build/perceptron_robot_bringup/install.log --single-version-externally-managed install_data
[2.503s] DEBUG:colcon.colcon_core.event_handler.log_command:Invoking command in '/home/yadi/perceptron/src/perceptron_robot_gazebo': PYTHONPATH=/home/yadi/perceptron/build/perceptron_robot_gazebo/prefix_override:/usr/lib/python3/dist-packages/colcon_core/task/python/colcon_distutils_commands:/home/yadi/perceptron/install/perceptron_robot_gazebo/lib/python3.10/site-packages:${PYTHONPATH} /usr/bin/python3 -W ignore:setup.py install is deprecated -W ignore:easy_install command is deprecated setup.py egg_info --egg-base ../../build/perceptron_robot_gazebo build --build-base /home/yadi/perceptron/build/perceptron_robot_gazebo/build install --record /home/yadi/perceptron/build/perceptron_robot_gazebo/install.log --single-version-externally-managed install_data
[2.511s] DEBUG:colcon.colcon_core.event_handler.log_command:Invoking command in '/home/yadi/perceptron/src/perceptron_robot_description': PYTHONPATH=/home/yadi/perceptron/build/perceptron_robot_description/prefix_override:/usr/lib/python3/dist-packages/colcon_core/task/python/colcon_distutils_commands:/home/yadi/perceptron/install/perceptron_robot_description/lib/python3.10/site-packages:${PYTHONPATH} /usr/bin/python3 -W ignore:setup.py install is deprecated -W ignore:easy_install command is deprecated setup.py egg_info --egg-base ../../build/perceptron_robot_description build --build-base /home/yadi/perceptron/build/perceptron_robot_description/build install --record /home/yadi/perceptron/build/perceptron_robot_description/install.log --single-version-externally-managed install_data
[2.513s] DEBUG:colcon.colcon_core.event_handler.log_command:Invoking command in '/home/yadi/perceptron/src/perceptron_robot_control': PYTHONPATH=/home/yadi/perceptron/build/perceptron_robot_control/prefix_override:/usr/lib/python3/dist-packages/colcon_core/task/python/colcon_distutils_commands:/home/yadi/perceptron/install/perceptron_robot_control/lib/python3.10/site-packages:${PYTHONPATH} /usr/bin/python3 -W ignore:setup.py install is deprecated -W ignore:easy_install command is deprecated setup.py egg_info --egg-base ../../build/perceptron_robot_control build --build-base /home/yadi/perceptron/build/perceptron_robot_control/build install --record /home/yadi/perceptron/build/perceptron_robot_control/install.log --single-version-externally-managed install_data
[3.030s] DEBUG:colcon.colcon_core.event_handler.log_command:Invoked command in '/home/yadi/perceptron/src/perceptron_robot_gazebo' returned '0': PYTHONPATH=/home/yadi/perceptron/build/perceptron_robot_gazebo/prefix_override:/usr/lib/python3/dist-packages/colcon_core/task/python/colcon_distutils_commands:/home/yadi/perceptron/install/perceptron_robot_gazebo/lib/python3.10/site-packages:${PYTHONPATH} /usr/bin/python3 -W ignore:setup.py install is deprecated -W ignore:easy_install command is deprecated setup.py egg_info --egg-base ../../build/perceptron_robot_gazebo build --build-base /home/yadi/perceptron/build/perceptron_robot_gazebo/build install --record /home/yadi/perceptron/build/perceptron_robot_gazebo/install.log --single-version-externally-managed install_data
[3.033s] Level 1:colcon.colcon_core.environment:checking '/home/yadi/perceptron/install/perceptron_robot_gazebo' for CMake module files
[3.035s] Level 1:colcon.colcon_core.environment:checking '/home/yadi/perceptron/install/perceptron_robot_gazebo' for CMake config files
[3.036s] Level 1:colcon.colcon_core.environment:checking '/home/yadi/perceptron/install/perceptron_robot_gazebo/lib'
[3.037s] Level 1:colcon.colcon_core.environment:checking '/home/yadi/perceptron/install/perceptron_robot_gazebo/bin'
[3.037s] Level 1:colcon.colcon_core.environment:checking '/home/yadi/perceptron/install/perceptron_robot_gazebo/lib/pkgconfig/perceptron_robot_gazebo.pc'
[3.038s] Level 1:colcon.colcon_core.environment:checking '/home/yadi/perceptron/install/perceptron_robot_gazebo/lib/python3.10/site-packages'
[3.038s] Level 1:colcon.colcon_core.shell:create_environment_hook('perceptron_robot_gazebo', 'pythonpath')
[3.038s] INFO:colcon.colcon_core.shell:Creating environment hook '/home/yadi/perceptron/install/perceptron_robot_gazebo/share/perceptron_robot_gazebo/hook/pythonpath.ps1'
[3.039s] INFO:colcon.colcon_core.shell:Creating environment descriptor '/home/yadi/perceptron/install/perceptron_robot_gazebo/share/perceptron_robot_gazebo/hook/pythonpath.dsv'
[3.040s] INFO:colcon.colcon_core.shell:Creating environment hook '/home/yadi/perceptron/install/perceptron_robot_gazebo/share/perceptron_robot_gazebo/hook/pythonpath.sh'
[3.041s] Level 1:colcon.colcon_core.environment:checking '/home/yadi/perceptron/install/perceptron_robot_gazebo/bin'
[3.041s] Level 1:colcon.colcon_core.environment:create_environment_scripts_only(perceptron_robot_gazebo)
[3.042s] INFO:colcon.colcon_core.shell:Creating package script '/home/yadi/perceptron/install/perceptron_robot_gazebo/share/perceptron_robot_gazebo/package.ps1'
[3.044s] INFO:colcon.colcon_core.shell:Creating package descriptor '/home/yadi/perceptron/install/perceptron_robot_gazebo/share/perceptron_robot_gazebo/package.dsv'
[3.045s] INFO:colcon.colcon_core.shell:Creating package script '/home/yadi/perceptron/install/perceptron_robot_gazebo/share/perceptron_robot_gazebo/package.sh'
[3.046s] INFO:colcon.colcon_core.shell:Creating package script '/home/yadi/perceptron/install/perceptron_robot_gazebo/share/perceptron_robot_gazebo/package.bash'
[3.049s] INFO:colcon.colcon_core.shell:Creating package script '/home/yadi/perceptron/install/perceptron_robot_gazebo/share/perceptron_robot_gazebo/package.zsh'
[3.051s] Level 1:colcon.colcon_core.environment:create_file_with_runtime_dependencies(/home/yadi/perceptron/install/perceptron_robot_gazebo/share/colcon-core/packages/perceptron_robot_gazebo)
[3.057s] Level 1:colcon.colcon_core.environment:checking '/home/yadi/perceptron/install/perceptron_robot_bringup' for CMake module files
[3.061s] DEBUG:colcon.colcon_core.event_handler.log_command:Invoked command in '/home/yadi/perceptron/src/perceptron_robot_bringup' returned '0': PYTHONPATH=/home/yadi/perceptron/build/perceptron_robot_bringup/prefix_override:/usr/lib/python3/dist-packages/colcon_core/task/python/colcon_distutils_commands:/home/yadi/perceptron/install/perceptron_robot_bringup/lib/python3.10/site-packages:${PYTHONPATH} /usr/bin/python3 -W ignore:setup.py install is deprecated -W ignore:easy_install command is deprecated setup.py egg_info --egg-base ../../build/perceptron_robot_bringup build --build-base /home/yadi/perceptron/build/perceptron_robot_bringup/build install --record /home/yadi/perceptron/build/perceptron_robot_bringup/install.log --single-version-externally-managed install_data
[3.061s] Level 1:colcon.colcon_core.environment:checking '/home/yadi/perceptron/install/perceptron_robot_bringup' for CMake config files
[3.062s] Level 1:colcon.colcon_core.environment:checking '/home/yadi/perceptron/install/perceptron_robot_bringup/lib'
[3.062s] Level 1:colcon.colcon_core.environment:checking '/home/yadi/perceptron/install/perceptron_robot_bringup/bin'
[3.063s] Level 1:colcon.colcon_core.environment:checking '/home/yadi/perceptron/install/perceptron_robot_bringup/lib/pkgconfig/perceptron_robot_bringup.pc'
[3.063s] Level 1:colcon.colcon_core.environment:checking '/home/yadi/perceptron/install/perceptron_robot_bringup/lib/python3.10/site-packages'
[3.063s] Level 1:colcon.colcon_core.shell:create_environment_hook('perceptron_robot_bringup', 'pythonpath')
[3.064s] INFO:colcon.colcon_core.shell:Creating environment hook '/home/yadi/perceptron/install/perceptron_robot_bringup/share/perceptron_robot_bringup/hook/pythonpath.ps1'
[3.064s] INFO:colcon.colcon_core.shell:Creating environment descriptor '/home/yadi/perceptron/install/perceptron_robot_bringup/share/perceptron_robot_bringup/hook/pythonpath.dsv'
[3.065s] INFO:colcon.colcon_core.shell:Creating environment hook '/home/yadi/perceptron/install/perceptron_robot_bringup/share/perceptron_robot_bringup/hook/pythonpath.sh'
[3.066s] Level 1:colcon.colcon_core.environment:checking '/home/yadi/perceptron/install/perceptron_robot_bringup/bin'
[3.066s] Level 1:colcon.colcon_core.environment:create_environment_scripts_only(perceptron_robot_bringup)
[3.066s] INFO:colcon.colcon_core.shell:Creating package script '/home/yadi/perceptron/install/perceptron_robot_bringup/share/perceptron_robot_bringup/package.ps1'
[3.067s] INFO:colcon.colcon_core.shell:Creating package descriptor '/home/yadi/perceptron/install/perceptron_robot_bringup/share/perceptron_robot_bringup/package.dsv'
[3.067s] INFO:colcon.colcon_core.shell:Creating package script '/home/yadi/perceptron/install/perceptron_robot_bringup/share/perceptron_robot_bringup/package.sh'
[3.068s] INFO:colcon.colcon_core.shell:Creating package script '/home/yadi/perceptron/install/perceptron_robot_bringup/share/perceptron_robot_bringup/package.bash'
[3.068s] INFO:colcon.colcon_core.shell:Creating package script '/home/yadi/perceptron/install/perceptron_robot_bringup/share/perceptron_robot_bringup/package.zsh'
[3.069s] Level 1:colcon.colcon_core.environment:create_file_with_runtime_dependencies(/home/yadi/perceptron/install/perceptron_robot_bringup/share/colcon-core/packages/perceptron_robot_bringup)
[3.072s] Level 1:colcon.colcon_core.environment:checking '/home/yadi/perceptron/install/perceptron_robot_description' for CMake module files
[3.073s] Level 1:colcon.colcon_core.environment:checking '/home/yadi/perceptron/install/perceptron_robot_description' for CMake config files
[3.074s] DEBUG:colcon.colcon_core.event_handler.log_command:Invoked command in '/home/yadi/perceptron/src/perceptron_robot_description' returned '0': PYTHONPATH=/home/yadi/perceptron/build/perceptron_robot_description/prefix_override:/usr/lib/python3/dist-packages/colcon_core/task/python/colcon_distutils_commands:/home/yadi/perceptron/install/perceptron_robot_description/lib/python3.10/site-packages:${PYTHONPATH} /usr/bin/python3 -W ignore:setup.py install is deprecated -W ignore:easy_install command is deprecated setup.py egg_info --egg-base ../../build/perceptron_robot_description build --build-base /home/yadi/perceptron/build/perceptron_robot_description/build install --record /home/yadi/perceptron/build/perceptron_robot_description/install.log --single-version-externally-managed install_data
[3.074s] Level 1:colcon.colcon_core.environment:checking '/home/yadi/perceptron/install/perceptron_robot_description/lib'
[3.074s] Level 1:colcon.colcon_core.environment:checking '/home/yadi/perceptron/install/perceptron_robot_description/bin'
[3.074s] Level 1:colcon.colcon_core.environment:checking '/home/yadi/perceptron/install/perceptron_robot_description/lib/pkgconfig/perceptron_robot_description.pc'
[3.075s] Level 1:colcon.colcon_core.environment:checking '/home/yadi/perceptron/install/perceptron_robot_description/lib/python3.10/site-packages'
[3.075s] Level 1:colcon.colcon_core.shell:create_environment_hook('perceptron_robot_description', 'pythonpath')
[3.075s] INFO:colcon.colcon_core.shell:Creating environment hook '/home/yadi/perceptron/install/perceptron_robot_description/share/perceptron_robot_description/hook/pythonpath.ps1'
[3.079s] INFO:colcon.colcon_core.shell:Creating environment descriptor '/home/yadi/perceptron/install/perceptron_robot_description/share/perceptron_robot_description/hook/pythonpath.dsv'
[3.081s] INFO:colcon.colcon_core.shell:Creating environment hook '/home/yadi/perceptron/install/perceptron_robot_description/share/perceptron_robot_description/hook/pythonpath.sh'
[3.082s] Level 1:colcon.colcon_core.environment:checking '/home/yadi/perceptron/install/perceptron_robot_description/bin'
[3.082s] Level 1:colcon.colcon_core.environment:create_environment_scripts_only(perceptron_robot_description)
[3.082s] INFO:colcon.colcon_core.shell:Creating package script '/home/yadi/perceptron/install/perceptron_robot_description/share/perceptron_robot_description/package.ps1'
[3.083s] INFO:colcon.colcon_core.shell:Creating package descriptor '/home/yadi/perceptron/install/perceptron_robot_description/share/perceptron_robot_description/package.dsv'
[3.083s] INFO:colcon.colcon_core.shell:Creating package script '/home/yadi/perceptron/install/perceptron_robot_description/share/perceptron_robot_description/package.sh'
[3.083s] INFO:colcon.colcon_core.shell:Creating package script '/home/yadi/perceptron/install/perceptron_robot_description/share/perceptron_robot_description/package.bash'
[3.084s] INFO:colcon.colcon_core.shell:Creating package script '/home/yadi/perceptron/install/perceptron_robot_description/share/perceptron_robot_description/package.zsh'
[3.085s] Level 1:colcon.colcon_core.environment:create_file_with_runtime_dependencies(/home/yadi/perceptron/install/perceptron_robot_description/share/colcon-core/packages/perceptron_robot_description)
[3.086s] Level 1:colcon.colcon_core.environment:checking '/home/yadi/perceptron/install/perceptron_robot_control' for CMake module files
[3.087s] Level 1:colcon.colcon_core.environment:checking '/home/yadi/perceptron/install/perceptron_robot_control' for CMake config files
[3.088s] DEBUG:colcon.colcon_core.event_handler.log_command:Invoked command in '/home/yadi/perceptron/src/perceptron_robot_control' returned '0': PYTHONPATH=/home/yadi/perceptron/build/perceptron_robot_control/prefix_override:/usr/lib/python3/dist-packages/colcon_core/task/python/colcon_distutils_commands:/home/yadi/perceptron/install/perceptron_robot_control/lib/python3.10/site-packages:${PYTHONPATH} /usr/bin/python3 -W ignore:setup.py install is deprecated -W ignore:easy_install command is deprecated setup.py egg_info --egg-base ../../build/perceptron_robot_control build --build-base /home/yadi/perceptron/build/perceptron_robot_control/build install --record /home/yadi/perceptron/build/perceptron_robot_control/install.log --single-version-externally-managed install_data
[3.088s] Level 1:colcon.colcon_core.environment:checking '/home/yadi/perceptron/install/perceptron_robot_control/lib'
[3.088s] Level 1:colcon.colcon_core.environment:checking '/home/yadi/perceptron/install/perceptron_robot_control/bin'
[3.088s] Level 1:colcon.colcon_core.environment:checking '/home/yadi/perceptron/install/perceptron_robot_control/lib/pkgconfig/perceptron_robot_control.pc'
[3.089s] Level 1:colcon.colcon_core.environment:checking '/home/yadi/perceptron/install/perceptron_robot_control/lib/python3.10/site-packages'
[3.089s] Level 1:colcon.colcon_core.shell:create_environment_hook('perceptron_robot_control', 'pythonpath')
[3.089s] INFO:colcon.colcon_core.shell:Creating environment hook '/home/yadi/perceptron/install/perceptron_robot_control/share/perceptron_robot_control/hook/pythonpath.ps1'
[3.090s] INFO:colcon.colcon_core.shell:Creating environment descriptor '/home/yadi/perceptron/install/perceptron_robot_control/share/perceptron_robot_control/hook/pythonpath.dsv'
[3.090s] INFO:colcon.colcon_core.shell:Creating environment hook '/home/yadi/perceptron/install/perceptron_robot_control/share/perceptron_robot_control/hook/pythonpath.sh'
[3.091s] Level 1:colcon.colcon_core.environment:checking '/home/yadi/perceptron/install/perceptron_robot_control/bin'
[3.091s] Level 1:colcon.colcon_core.environment:create_environment_scripts_only(perceptron_robot_control)
[3.091s] INFO:colcon.colcon_core.shell:Creating package script '/home/yadi/perceptron/install/perceptron_robot_control/share/perceptron_robot_control/package.ps1'
[3.092s] INFO:colcon.colcon_core.shell:Creating package descriptor '/home/yadi/perceptron/install/perceptron_robot_control/share/perceptron_robot_control/package.dsv'
[3.095s] INFO:colcon.colcon_core.shell:Creating package script '/home/yadi/perceptron/install/perceptron_robot_control/share/perceptron_robot_control/package.sh'
[3.097s] INFO:colcon.colcon_core.shell:Creating package script '/home/yadi/perceptron/install/perceptron_robot_control/share/perceptron_robot_control/package.bash'
[3.099s] INFO:colcon.colcon_core.shell:Creating package script '/home/yadi/perceptron/install/perceptron_robot_control/share/perceptron_robot_control/package.zsh'
[3.099s] Level 1:colcon.colcon_core.environment:create_file_with_runtime_dependencies(/home/yadi/perceptron/install/perceptron_robot_control/share/colcon-core/packages/perceptron_robot_control)
[3.100s] DEBUG:colcon.colcon_parallel_executor.executor.parallel:closing loop
[3.100s] DEBUG:colcon.colcon_parallel_executor.executor.parallel:loop closed
[3.101s] DEBUG:colcon.colcon_parallel_executor.executor.parallel:run_until_complete finished with '0'
[3.101s] DEBUG:colcon.colcon_core.event_reactor:joining thread
[3.182s] INFO:colcon.colcon_core.plugin_system:Skipping extension 'colcon_notification.desktop_notification.notify_send': Could not find 'notify-send'
[3.183s] INFO:colcon.colcon_core.plugin_system:Skipping extension 'colcon_notification.desktop_notification.terminal_notifier': Not used on non-Darwin systems
[3.183s] INFO:colcon.colcon_core.plugin_system:Skipping extension 'colcon_notification.desktop_notification.win32': Not used on non-Windows systems
[3.183s] INFO:colcon.colcon_notification.desktop_notification:Sending desktop notification using 'notify2'
[3.183s] DEBUG:colcon.colcon_notification.desktop_notification.notify2:Failed to initialize notify2: org.freedesktop.DBus.Error.FileNotFound: Failed to connect to socket /run/user/1000/bus: No such file or directory
[3.183s] DEBUG:colcon.colcon_core.event_reactor:joined thread
[3.183s] INFO:colcon.colcon_core.shell:Creating prefix script '/home/yadi/perceptron/install/local_setup.ps1'
[3.184s] INFO:colcon.colcon_core.shell:Creating prefix util module '/home/yadi/perceptron/install/_local_setup_util_ps1.py'
[3.186s] INFO:colcon.colcon_core.shell:Creating prefix chain script '/home/yadi/perceptron/install/setup.ps1'
[3.187s] INFO:colcon.colcon_core.shell:Creating prefix script '/home/yadi/perceptron/install/local_setup.sh'
[3.187s] INFO:colcon.colcon_core.shell:Creating prefix util module '/home/yadi/perceptron/install/_local_setup_util_sh.py'
[3.188s] INFO:colcon.colcon_core.shell:Creating prefix chain script '/home/yadi/perceptron/install/setup.sh'
[3.189s] INFO:colcon.colcon_core.shell:Creating prefix script '/home/yadi/perceptron/install/local_setup.bash'
[3.189s] INFO:colcon.colcon_core.shell:Creating prefix chain script '/home/yadi/perceptron/install/setup.bash'
[3.190s] INFO:colcon.colcon_core.shell:Creating prefix script '/home/yadi/perceptron/install/local_setup.zsh'
[3.191s] INFO:colcon.colcon_core.shell:Creating prefix chain script '/home/yadi/perceptron/install/setup.zsh'
