running egg_info
creating ../../build/perceptron_robot_description/perceptron_robot_description.egg-info
writing ../../build/perceptron_robot_description/perceptron_robot_description.egg-info/PKG-INFO
writing dependency_links to ../../build/perceptron_robot_description/perceptron_robot_description.egg-info/dependency_links.txt
writing entry points to ../../build/perceptron_robot_description/perceptron_robot_description.egg-info/entry_points.txt
writing requirements to ../../build/perceptron_robot_description/perceptron_robot_description.egg-info/requires.txt
writing top-level names to ../../build/perceptron_robot_description/perceptron_robot_description.egg-info/top_level.txt
writing manifest file '../../build/perceptron_robot_description/perceptron_robot_description.egg-info/SOURCES.txt'
reading manifest file '../../build/perceptron_robot_description/perceptron_robot_description.egg-info/SOURCES.txt'
writing manifest file '../../build/perceptron_robot_description/perceptron_robot_description.egg-info/SOURCES.txt'
running build
running build_py
creating /home/yadi/perceptron/build/perceptron_robot_description/build
creating /home/yadi/perceptron/build/perceptron_robot_description/build/lib
creating /home/yadi/perceptron/build/perceptron_robot_description/build/lib/perceptron_robot_description
copying perceptron_robot_description/__init__.py -> /home/yadi/perceptron/build/perceptron_robot_description/build/lib/perceptron_robot_description
running install
running install_lib
creating /home/yadi/perceptron/install/perceptron_robot_description/lib/python3.10/site-packages/perceptron_robot_description
copying /home/yadi/perceptron/build/perceptron_robot_description/build/lib/perceptron_robot_description/__init__.py -> /home/yadi/perceptron/install/perceptron_robot_description/lib/python3.10/site-packages/perceptron_robot_description
byte-compiling /home/yadi/perceptron/install/perceptron_robot_description/lib/python3.10/site-packages/perceptron_robot_description/__init__.py to __init__.cpython-310.pyc
running install_data
creating /home/yadi/perceptron/install/perceptron_robot_description/share/ament_index
creating /home/yadi/perceptron/install/perceptron_robot_description/share/ament_index/resource_index
creating /home/yadi/perceptron/install/perceptron_robot_description/share/ament_index/resource_index/packages
copying resource/perceptron_robot_description -> /home/yadi/perceptron/install/perceptron_robot_description/share/ament_index/resource_index/packages
copying package.xml -> /home/yadi/perceptron/install/perceptron_robot_description/share/perceptron_robot_description
creating /home/yadi/perceptron/install/perceptron_robot_description/share/perceptron_robot_description/urdf
copying urdf/perceptron_robot.trans -> /home/yadi/perceptron/install/perceptron_robot_description/share/perceptron_robot_description/urdf
copying urdf/perceptron_robot.gazebo -> /home/yadi/perceptron/install/perceptron_robot_description/share/perceptron_robot_description/urdf
copying urdf/materials.xacro -> /home/yadi/perceptron/install/perceptron_robot_description/share/perceptron_robot_description/urdf
copying urdf/perceptron_robot.xacro -> /home/yadi/perceptron/install/perceptron_robot_description/share/perceptron_robot_description/urdf
creating /home/yadi/perceptron/install/perceptron_robot_description/share/perceptron_robot_description/launch
copying launch/display.launch.py -> /home/yadi/perceptron/install/perceptron_robot_description/share/perceptron_robot_description/launch
creating /home/yadi/perceptron/install/perceptron_robot_description/share/perceptron_robot_description/meshes
copying meshes/rim_1_1.stl -> /home/yadi/perceptron/install/perceptron_robot_description/share/perceptron_robot_description/meshes
copying meshes/rim_1_6.stl -> /home/yadi/perceptron/install/perceptron_robot_description/share/perceptron_robot_description/meshes
copying meshes/tyre_6.stl -> /home/yadi/perceptron/install/perceptron_robot_description/share/perceptron_robot_description/meshes
copying meshes/rim_1_5.stl -> /home/yadi/perceptron/install/perceptron_robot_description/share/perceptron_robot_description/meshes
copying meshes/base_link.stl -> /home/yadi/perceptron/install/perceptron_robot_description/share/perceptron_robot_description/meshes
copying meshes/tyre_5.stl -> /home/yadi/perceptron/install/perceptron_robot_description/share/perceptron_robot_description/meshes
copying meshes/tyre_1.stl -> /home/yadi/perceptron/install/perceptron_robot_description/share/perceptron_robot_description/meshes
copying meshes/rim_1_7.stl -> /home/yadi/perceptron/install/perceptron_robot_description/share/perceptron_robot_description/meshes
copying meshes/tyre_7.stl -> /home/yadi/perceptron/install/perceptron_robot_description/share/perceptron_robot_description/meshes
running install_egg_info
Copying ../../build/perceptron_robot_description/perceptron_robot_description.egg-info to /home/yadi/perceptron/install/perceptron_robot_description/lib/python3.10/site-packages/perceptron_robot_description-0.0.0-py3.10.egg-info
running install_scripts
writing list of installed files to '/home/yadi/perceptron/build/perceptron_robot_description/install.log'
