[0.525s] DEBUG:colcon:Command line arguments: ['/usr/bin/colcon', 'build', '--symlink-install']
[0.525s] DEBUG:colcon:Parsed command line arguments: Namespace(log_base=None, log_level=None, verb_name='build', build_base='build', install_base='install', merge_install=False, symlink_install=True, test_result_base=None, continue_on_error=False, executor='parallel', parallel_workers=4, event_handlers=None, ignore_user_meta=False, metas=['./colcon.meta'], base_paths=['.'], packages_ignore=None, packages_ignore_regex=None, paths=None, packages_up_to=None, packages_up_to_regex=None, packages_above=None, packages_above_and_dependencies=None, packages_above_depth=None, packages_select_by_dep=None, packages_skip_by_dep=None, packages_skip_up_to=None, packages_select_build_failed=False, packages_skip_build_finished=False, packages_select_test_failures=False, packages_skip_test_passed=False, packages_select=None, packages_skip=None, packages_select_regex=None, packages_skip_regex=None, packages_start=None, packages_end=None, cmake_args=None, cmake_target=None, cmake_target_skip_unavailable=False, cmake_clean_cache=False, cmake_clean_first=False, cmake_force_configure=False, ament_cmake_args=None, catkin_cmake_args=None, catkin_skip_building_tests=False, mixin_files=None, mixin=None, verb_parser=<colcon_mixin.mixin.mixin_argument.MixinArgumentDecorator object at 0x7f8ab7b610>, verb_extension=<colcon_core.verb.build.BuildVerb object at 0x7f8ab7b130>, main=<bound method BuildVerb.main of <colcon_core.verb.build.BuildVerb object at 0x7f8ab7b130>>, mixin_verb=('build',))
[1.210s] Level 1:colcon.colcon_core.package_discovery:discover_packages(colcon_meta) check parameters
[1.213s] INFO:colcon.colcon_metadata.package_discovery.colcon_meta:Using configuration from '/root/.colcon/metadata/default/Gazebo.meta'
[1.216s] INFO:colcon.colcon_metadata.package_discovery.colcon_meta:Using configuration from '/root/.colcon/metadata/default/fastdds.meta'
[1.218s] INFO:colcon.colcon_metadata.package_discovery.colcon_meta:Using configuration from '/root/.colcon/metadata/default/fastrtps.meta'
[1.218s] Level 1:colcon.colcon_core.package_discovery:discover_packages(recursive) check parameters
[1.218s] Level 1:colcon.colcon_core.package_discovery:discover_packages(ignore) check parameters
[1.218s] Level 1:colcon.colcon_core.package_discovery:discover_packages(path) check parameters
[1.218s] Level 1:colcon.colcon_core.package_discovery:discover_packages(colcon_meta) discover
[1.219s] Level 1:colcon.colcon_core.package_discovery:discover_packages(recursive) discover
[1.219s] INFO:colcon.colcon_core.package_discovery:Crawling recursively for packages in '/ros2_ws/perceptron'
[1.219s] Level 1:colcon.colcon_core.package_identification:_identify(.) by extensions ['ignore', 'ignore_ament_install']
[1.220s] Level 1:colcon.colcon_core.package_identification:_identify(.) by extension 'ignore'
[1.220s] Level 1:colcon.colcon_core.package_identification:_identify(.) by extension 'ignore_ament_install'
[1.220s] Level 1:colcon.colcon_core.package_identification:_identify(.) by extensions ['colcon_pkg']
[1.220s] Level 1:colcon.colcon_core.package_identification:_identify(.) by extension 'colcon_pkg'
[1.220s] Level 1:colcon.colcon_core.package_identification:_identify(.) by extensions ['colcon_meta']
[1.221s] Level 1:colcon.colcon_core.package_identification:_identify(.) by extension 'colcon_meta'
[1.221s] Level 1:colcon.colcon_core.package_identification:_identify(.) by extensions ['ros']
[1.221s] Level 1:colcon.colcon_core.package_identification:_identify(.) by extension 'ros'
[1.273s] Level 1:colcon.colcon_core.package_identification:_identify(.) by extensions ['cmake', 'python']
[1.274s] Level 1:colcon.colcon_core.package_identification:_identify(.) by extension 'cmake'
[1.274s] Level 1:colcon.colcon_core.package_identification:_identify(.) by extension 'python'
[1.274s] Level 1:colcon.colcon_core.package_identification:_identify(.) by extensions ['python_setup_py']
[1.274s] Level 1:colcon.colcon_core.package_identification:_identify(.) by extension 'python_setup_py'
[1.275s] Level 1:colcon.colcon_core.package_identification:_identify(build) by extensions ['ignore', 'ignore_ament_install']
[1.275s] Level 1:colcon.colcon_core.package_identification:_identify(build) by extension 'ignore'
[1.275s] Level 1:colcon.colcon_core.package_identification:_identify(build) ignored
[1.276s] Level 1:colcon.colcon_core.package_identification:_identify(install) by extensions ['ignore', 'ignore_ament_install']
[1.276s] Level 1:colcon.colcon_core.package_identification:_identify(install) by extension 'ignore'
[1.276s] Level 1:colcon.colcon_core.package_identification:_identify(install) ignored
[1.277s] Level 1:colcon.colcon_core.package_identification:_identify(log) by extensions ['ignore', 'ignore_ament_install']
[1.277s] Level 1:colcon.colcon_core.package_identification:_identify(log) by extension 'ignore'
[1.277s] Level 1:colcon.colcon_core.package_identification:_identify(log) ignored
[1.278s] Level 1:colcon.colcon_core.package_identification:_identify(src) by extensions ['ignore', 'ignore_ament_install']
[1.278s] Level 1:colcon.colcon_core.package_identification:_identify(src) by extension 'ignore'
[1.278s] Level 1:colcon.colcon_core.package_identification:_identify(src) by extension 'ignore_ament_install'
[1.278s] Level 1:colcon.colcon_core.package_identification:_identify(src) by extensions ['colcon_pkg']
[1.279s] Level 1:colcon.colcon_core.package_identification:_identify(src) by extension 'colcon_pkg'
[1.279s] Level 1:colcon.colcon_core.package_identification:_identify(src) by extensions ['colcon_meta']
[1.279s] Level 1:colcon.colcon_core.package_identification:_identify(src) by extension 'colcon_meta'
[1.279s] Level 1:colcon.colcon_core.package_identification:_identify(src) by extensions ['ros']
[1.279s] Level 1:colcon.colcon_core.package_identification:_identify(src) by extension 'ros'
[1.280s] Level 1:colcon.colcon_core.package_identification:_identify(src) by extensions ['cmake', 'python']
[1.280s] Level 1:colcon.colcon_core.package_identification:_identify(src) by extension 'cmake'
[1.280s] Level 1:colcon.colcon_core.package_identification:_identify(src) by extension 'python'
[1.280s] Level 1:colcon.colcon_core.package_identification:_identify(src) by extensions ['python_setup_py']
[1.280s] Level 1:colcon.colcon_core.package_identification:_identify(src) by extension 'python_setup_py'
[1.281s] Level 1:colcon.colcon_core.package_identification:_identify(src/perceptron_robot_description) by extensions ['ignore', 'ignore_ament_install']
[1.281s] Level 1:colcon.colcon_core.package_identification:_identify(src/perceptron_robot_description) by extension 'ignore'
[1.281s] Level 1:colcon.colcon_core.package_identification:_identify(src/perceptron_robot_description) by extension 'ignore_ament_install'
[1.282s] Level 1:colcon.colcon_core.package_identification:_identify(src/perceptron_robot_description) by extensions ['colcon_pkg']
[1.282s] Level 1:colcon.colcon_core.package_identification:_identify(src/perceptron_robot_description) by extension 'colcon_pkg'
[1.282s] Level 1:colcon.colcon_core.package_identification:_identify(src/perceptron_robot_description) by extensions ['colcon_meta']
[1.282s] Level 1:colcon.colcon_core.package_identification:_identify(src/perceptron_robot_description) by extension 'colcon_meta'
[1.282s] Level 1:colcon.colcon_core.package_identification:_identify(src/perceptron_robot_description) by extensions ['ros']
[1.282s] Level 1:colcon.colcon_core.package_identification:_identify(src/perceptron_robot_description) by extension 'ros'
[1.292s] DEBUG:colcon.colcon_core.package_identification:Package 'src/perceptron_robot_description' with type 'ros.ament_python' and name 'perceptron_robot_description'
[1.293s] Level 1:colcon.colcon_core.package_identification:_identify(src/perceptron_robot_hardware) by extensions ['ignore', 'ignore_ament_install']
[1.293s] Level 1:colcon.colcon_core.package_identification:_identify(src/perceptron_robot_hardware) by extension 'ignore'
[1.294s] Level 1:colcon.colcon_core.package_identification:_identify(src/perceptron_robot_hardware) by extension 'ignore_ament_install'
[1.294s] Level 1:colcon.colcon_core.package_identification:_identify(src/perceptron_robot_hardware) by extensions ['colcon_pkg']
[1.294s] Level 1:colcon.colcon_core.package_identification:_identify(src/perceptron_robot_hardware) by extension 'colcon_pkg'
[1.294s] Level 1:colcon.colcon_core.package_identification:_identify(src/perceptron_robot_hardware) by extensions ['colcon_meta']
[1.294s] Level 1:colcon.colcon_core.package_identification:_identify(src/perceptron_robot_hardware) by extension 'colcon_meta'
[1.295s] Level 1:colcon.colcon_core.package_identification:_identify(src/perceptron_robot_hardware) by extensions ['ros']
[1.295s] Level 1:colcon.colcon_core.package_identification:_identify(src/perceptron_robot_hardware) by extension 'ros'
[1.299s] DEBUG:colcon.colcon_core.package_identification:Package 'src/perceptron_robot_hardware' with type 'ros.ament_cmake' and name 'perceptron_robot_hardware'
[1.299s] Level 1:colcon.colcon_core.package_discovery:discover_packages(recursive) using defaults
[1.299s] Level 1:colcon.colcon_core.package_discovery:discover_packages(ignore) discover
[1.300s] Level 1:colcon.colcon_core.package_discovery:discover_packages(ignore) using defaults
[1.300s] Level 1:colcon.colcon_core.package_discovery:discover_packages(path) discover
[1.300s] Level 1:colcon.colcon_core.package_discovery:discover_packages(path) using defaults
[1.387s] Level 5:colcon.colcon_core.verb:set package 'perceptron_robot_description' build argument 'cmake_args' from command line to 'None'
[1.387s] Level 5:colcon.colcon_core.verb:set package 'perceptron_robot_description' build argument 'cmake_target' from command line to 'None'
[1.388s] Level 5:colcon.colcon_core.verb:set package 'perceptron_robot_description' build argument 'cmake_target_skip_unavailable' from command line to 'False'
[1.388s] Level 5:colcon.colcon_core.verb:set package 'perceptron_robot_description' build argument 'cmake_clean_cache' from command line to 'False'
[1.388s] Level 5:colcon.colcon_core.verb:set package 'perceptron_robot_description' build argument 'cmake_clean_first' from command line to 'False'
[1.388s] Level 5:colcon.colcon_core.verb:set package 'perceptron_robot_description' build argument 'cmake_force_configure' from command line to 'False'
[1.388s] Level 5:colcon.colcon_core.verb:set package 'perceptron_robot_description' build argument 'ament_cmake_args' from command line to 'None'
[1.388s] Level 5:colcon.colcon_core.verb:set package 'perceptron_robot_description' build argument 'catkin_cmake_args' from command line to 'None'
[1.388s] Level 5:colcon.colcon_core.verb:set package 'perceptron_robot_description' build argument 'catkin_skip_building_tests' from command line to 'False'
[1.389s] DEBUG:colcon.colcon_core.verb:Building package 'perceptron_robot_description' with the following arguments: {'ament_cmake_args': None, 'build_base': '/ros2_ws/perceptron/build/perceptron_robot_description', 'catkin_cmake_args': None, 'catkin_skip_building_tests': False, 'cmake_args': None, 'cmake_clean_cache': False, 'cmake_clean_first': False, 'cmake_force_configure': False, 'cmake_target': None, 'cmake_target_skip_unavailable': False, 'install_base': '/ros2_ws/perceptron/install/perceptron_robot_description', 'merge_install': False, 'path': '/ros2_ws/perceptron/src/perceptron_robot_description', 'symlink_install': True, 'test_result_base': None}
[1.390s] Level 5:colcon.colcon_core.verb:set package 'perceptron_robot_hardware' build argument 'cmake_args' from command line to 'None'
[1.391s] Level 5:colcon.colcon_core.verb:set package 'perceptron_robot_hardware' build argument 'cmake_target' from command line to 'None'
[1.391s] Level 5:colcon.colcon_core.verb:set package 'perceptron_robot_hardware' build argument 'cmake_target_skip_unavailable' from command line to 'False'
[1.391s] Level 5:colcon.colcon_core.verb:set package 'perceptron_robot_hardware' build argument 'cmake_clean_cache' from command line to 'False'
[1.391s] Level 5:colcon.colcon_core.verb:set package 'perceptron_robot_hardware' build argument 'cmake_clean_first' from command line to 'False'
[1.391s] Level 5:colcon.colcon_core.verb:set package 'perceptron_robot_hardware' build argument 'cmake_force_configure' from command line to 'False'
[1.391s] Level 5:colcon.colcon_core.verb:set package 'perceptron_robot_hardware' build argument 'ament_cmake_args' from command line to 'None'
[1.392s] Level 5:colcon.colcon_core.verb:set package 'perceptron_robot_hardware' build argument 'catkin_cmake_args' from command line to 'None'
[1.392s] Level 5:colcon.colcon_core.verb:set package 'perceptron_robot_hardware' build argument 'catkin_skip_building_tests' from command line to 'False'
[1.392s] DEBUG:colcon.colcon_core.verb:Building package 'perceptron_robot_hardware' with the following arguments: {'ament_cmake_args': None, 'build_base': '/ros2_ws/perceptron/build/perceptron_robot_hardware', 'catkin_cmake_args': None, 'catkin_skip_building_tests': False, 'cmake_args': None, 'cmake_clean_cache': False, 'cmake_clean_first': False, 'cmake_force_configure': False, 'cmake_target': None, 'cmake_target_skip_unavailable': False, 'install_base': '/ros2_ws/perceptron/install/perceptron_robot_hardware', 'merge_install': False, 'path': '/ros2_ws/perceptron/src/perceptron_robot_hardware', 'symlink_install': True, 'test_result_base': None}
[1.392s] INFO:colcon.colcon_core.executor:Executing jobs using 'parallel' executor
[1.396s] DEBUG:colcon.colcon_parallel_executor.executor.parallel:run_until_complete
[1.397s] INFO:colcon.colcon_ros.task.ament_python.build:Building ROS package in '/ros2_ws/perceptron/src/perceptron_robot_description' with build type 'ament_python'
[1.397s] Level 1:colcon.colcon_core.shell:create_environment_hook('perceptron_robot_description', 'ament_prefix_path')
[1.408s] INFO:colcon.colcon_core.plugin_system:Skipping extension 'colcon_core.shell.bat': Not used on non-Windows systems
[1.409s] INFO:colcon.colcon_core.shell:Creating environment hook '/ros2_ws/perceptron/install/perceptron_robot_description/share/perceptron_robot_description/hook/ament_prefix_path.ps1'
[1.412s] INFO:colcon.colcon_core.shell:Creating environment descriptor '/ros2_ws/perceptron/install/perceptron_robot_description/share/perceptron_robot_description/hook/ament_prefix_path.dsv'
[1.413s] INFO:colcon.colcon_core.shell:Creating environment hook '/ros2_ws/perceptron/install/perceptron_robot_description/share/perceptron_robot_description/hook/ament_prefix_path.sh'
[1.417s] INFO:colcon.colcon_core.shell:Skip shell extension 'powershell' for command environment: Not usable outside of PowerShell
[1.417s] DEBUG:colcon.colcon_core.shell:Skip shell extension 'dsv' for command environment
[1.423s] WARNING:colcon.colcon_ros.prefix_path.ament:The path '/ros2_ws/perceptron/install/perceptron_robot_hardware' in the environment variable AMENT_PREFIX_PATH doesn't exist
[1.424s] WARNING:colcon.colcon_ros.prefix_path.catkin:The path '/ros2_ws/perceptron/install/perceptron_robot_hardware' in the environment variable CMAKE_PREFIX_PATH doesn't exist
[1.439s] INFO:colcon.colcon_ros.task.ament_cmake.build:Building ROS package in '/ros2_ws/perceptron/src/perceptron_robot_hardware' with build type 'ament_cmake'
[1.440s] INFO:colcon.colcon_cmake.task.cmake.build:Building CMake package in '/ros2_ws/perceptron/src/perceptron_robot_hardware'
[1.441s] INFO:colcon.colcon_core.shell:Skip shell extension 'powershell' for command environment: Not usable outside of PowerShell
[1.441s] DEBUG:colcon.colcon_core.shell:Skip shell extension 'dsv' for command environment
[2.473s] INFO:colcon.colcon_core.task.python.build:Building Python package in '/ros2_ws/perceptron/src/perceptron_robot_description'
[2.475s] INFO:colcon.colcon_core.shell:Skip shell extension 'powershell' for command environment: Not usable outside of PowerShell
[2.475s] DEBUG:colcon.colcon_core.shell:Skip shell extension 'dsv' for command environment
[2.496s] DEBUG:colcon.colcon_core.event_handler.log_command:Invoking command in '/ros2_ws/perceptron/build/perceptron_robot_hardware': CMAKE_PREFIX_PATH=${CMAKE_PREFIX_PATH}:/ros2_ws/perceptron/install/perceptron_robot_description:/opt/ros/humble /usr/bin/cmake /ros2_ws/perceptron/src/perceptron_robot_hardware -DAMENT_CMAKE_SYMLINK_INSTALL=1 -DCMAKE_INSTALL_PREFIX=/ros2_ws/perceptron/install/perceptron_robot_hardware
[4.097s] DEBUG:colcon.colcon_core.event_handler.log_command:Invoking command in '/ros2_ws/perceptron/build/perceptron_robot_description': PYTHONPATH=/ros2_ws/perceptron/build/perceptron_robot_description/prefix_override:/usr/lib/python3/dist-packages/colcon_core/task/python/colcon_distutils_commands:/ros2_ws/perceptron/install/perceptron_robot_description/lib/python3.10/site-packages:${PYTHONPATH} /usr/bin/python3 -W ignore:setup.py install is deprecated -W ignore:easy_install command is deprecated setup.py develop --editable --build-directory /ros2_ws/perceptron/build/perceptron_robot_description/build --no-deps symlink_data
[5.967s] Level 1:colcon.colcon_core.shell:create_environment_hook('perceptron_robot_description', 'pythonpath_develop')
[5.968s] INFO:colcon.colcon_core.shell:Creating environment hook '/ros2_ws/perceptron/build/perceptron_robot_description/share/perceptron_robot_description/hook/pythonpath_develop.ps1'
[5.969s] DEBUG:colcon.colcon_core.event_handler.log_command:Invoked command in '/ros2_ws/perceptron/build/perceptron_robot_description' returned '0': PYTHONPATH=/ros2_ws/perceptron/build/perceptron_robot_description/prefix_override:/usr/lib/python3/dist-packages/colcon_core/task/python/colcon_distutils_commands:/ros2_ws/perceptron/install/perceptron_robot_description/lib/python3.10/site-packages:${PYTHONPATH} /usr/bin/python3 -W ignore:setup.py install is deprecated -W ignore:easy_install command is deprecated setup.py develop --editable --build-directory /ros2_ws/perceptron/build/perceptron_robot_description/build --no-deps symlink_data
[5.971s] INFO:colcon.colcon_core.shell:Creating environment descriptor '/ros2_ws/perceptron/build/perceptron_robot_description/share/perceptron_robot_description/hook/pythonpath_develop.dsv'
[5.973s] INFO:colcon.colcon_core.shell:Creating environment hook '/ros2_ws/perceptron/build/perceptron_robot_description/share/perceptron_robot_description/hook/pythonpath_develop.sh'
[5.984s] Level 1:colcon.colcon_core.environment:checking '/ros2_ws/perceptron/install/perceptron_robot_description' for CMake module files
[5.986s] Level 1:colcon.colcon_core.environment:checking '/ros2_ws/perceptron/install/perceptron_robot_description' for CMake config files
[5.989s] Level 1:colcon.colcon_core.environment:checking '/ros2_ws/perceptron/install/perceptron_robot_description/lib'
[5.990s] Level 1:colcon.colcon_core.environment:checking '/ros2_ws/perceptron/install/perceptron_robot_description/bin'
[5.990s] Level 1:colcon.colcon_core.environment:checking '/ros2_ws/perceptron/install/perceptron_robot_description/lib/pkgconfig/perceptron_robot_description.pc'
[5.991s] Level 1:colcon.colcon_core.environment:checking '/ros2_ws/perceptron/install/perceptron_robot_description/lib/python3.10/site-packages'
[5.992s] Level 1:colcon.colcon_core.shell:create_environment_hook('perceptron_robot_description', 'pythonpath')
[5.993s] INFO:colcon.colcon_core.shell:Creating environment hook '/ros2_ws/perceptron/install/perceptron_robot_description/share/perceptron_robot_description/hook/pythonpath.ps1'
[5.995s] INFO:colcon.colcon_core.shell:Creating environment descriptor '/ros2_ws/perceptron/install/perceptron_robot_description/share/perceptron_robot_description/hook/pythonpath.dsv'
[5.996s] INFO:colcon.colcon_core.shell:Creating environment hook '/ros2_ws/perceptron/install/perceptron_robot_description/share/perceptron_robot_description/hook/pythonpath.sh'
[5.998s] Level 1:colcon.colcon_core.environment:checking '/ros2_ws/perceptron/install/perceptron_robot_description/bin'
[5.999s] Level 1:colcon.colcon_core.environment:create_environment_scripts_only(perceptron_robot_description)
[6.000s] INFO:colcon.colcon_core.shell:Creating package script '/ros2_ws/perceptron/install/perceptron_robot_description/share/perceptron_robot_description/package.ps1'
[6.004s] INFO:colcon.colcon_core.shell:Creating package descriptor '/ros2_ws/perceptron/install/perceptron_robot_description/share/perceptron_robot_description/package.dsv'
[6.007s] INFO:colcon.colcon_core.shell:Creating package script '/ros2_ws/perceptron/install/perceptron_robot_description/share/perceptron_robot_description/package.sh'
[6.011s] INFO:colcon.colcon_core.shell:Creating package script '/ros2_ws/perceptron/install/perceptron_robot_description/share/perceptron_robot_description/package.bash'
[6.015s] INFO:colcon.colcon_core.shell:Creating package script '/ros2_ws/perceptron/install/perceptron_robot_description/share/perceptron_robot_description/package.zsh'
[6.018s] Level 1:colcon.colcon_core.environment:create_file_with_runtime_dependencies(/ros2_ws/perceptron/install/perceptron_robot_description/share/colcon-core/packages/perceptron_robot_description)
[8.506s] DEBUG:colcon.colcon_core.event_handler.log_command:Invoked command in '/ros2_ws/perceptron/build/perceptron_robot_hardware' returned '0': CMAKE_PREFIX_PATH=${CMAKE_PREFIX_PATH}:/ros2_ws/perceptron/install/perceptron_robot_description:/opt/ros/humble /usr/bin/cmake /ros2_ws/perceptron/src/perceptron_robot_hardware -DAMENT_CMAKE_SYMLINK_INSTALL=1 -DCMAKE_INSTALL_PREFIX=/ros2_ws/perceptron/install/perceptron_robot_hardware
[8.512s] DEBUG:colcon.colcon_core.event_handler.log_command:Invoking command in '/ros2_ws/perceptron/build/perceptron_robot_hardware': CMAKE_PREFIX_PATH=${CMAKE_PREFIX_PATH}:/ros2_ws/perceptron/install/perceptron_robot_description:/opt/ros/humble /usr/bin/cmake --build /ros2_ws/perceptron/build/perceptron_robot_hardware -- -j4 -l4
[8.643s] DEBUG:colcon.colcon_core.event_handler.log_command:Invoked command in '/ros2_ws/perceptron/build/perceptron_robot_hardware' returned '0': CMAKE_PREFIX_PATH=${CMAKE_PREFIX_PATH}:/ros2_ws/perceptron/install/perceptron_robot_description:/opt/ros/humble /usr/bin/cmake --build /ros2_ws/perceptron/build/perceptron_robot_hardware -- -j4 -l4
[8.673s] DEBUG:colcon.colcon_core.event_handler.log_command:Invoking command in '/ros2_ws/perceptron/build/perceptron_robot_hardware': CMAKE_PREFIX_PATH=${CMAKE_PREFIX_PATH}:/ros2_ws/perceptron/install/perceptron_robot_description:/opt/ros/humble /usr/bin/cmake --install /ros2_ws/perceptron/build/perceptron_robot_hardware
[9.090s] Level 1:colcon.colcon_core.environment:create_environment_scripts_only(perceptron_robot_hardware)
[9.091s] Level 1:colcon.colcon_core.environment:checking '/ros2_ws/perceptron/install/perceptron_robot_hardware' for CMake module files
[9.093s] DEBUG:colcon.colcon_core.event_handler.log_command:Invoked command in '/ros2_ws/perceptron/build/perceptron_robot_hardware' returned '0': CMAKE_PREFIX_PATH=${CMAKE_PREFIX_PATH}:/ros2_ws/perceptron/install/perceptron_robot_description:/opt/ros/humble /usr/bin/cmake --install /ros2_ws/perceptron/build/perceptron_robot_hardware
[9.094s] Level 1:colcon.colcon_core.environment:checking '/ros2_ws/perceptron/install/perceptron_robot_hardware' for CMake config files
[9.096s] Level 1:colcon.colcon_core.shell:create_environment_hook('perceptron_robot_hardware', 'cmake_prefix_path')
[9.097s] INFO:colcon.colcon_core.shell:Creating environment hook '/ros2_ws/perceptron/install/perceptron_robot_hardware/share/perceptron_robot_hardware/hook/cmake_prefix_path.ps1'
[9.099s] INFO:colcon.colcon_core.shell:Creating environment descriptor '/ros2_ws/perceptron/install/perceptron_robot_hardware/share/perceptron_robot_hardware/hook/cmake_prefix_path.dsv'
[9.100s] INFO:colcon.colcon_core.shell:Creating environment hook '/ros2_ws/perceptron/install/perceptron_robot_hardware/share/perceptron_robot_hardware/hook/cmake_prefix_path.sh'
[9.102s] Level 1:colcon.colcon_core.environment:checking '/ros2_ws/perceptron/install/perceptron_robot_hardware/bin'
[9.102s] Level 1:colcon.colcon_core.environment:checking '/ros2_ws/perceptron/install/perceptron_robot_hardware/lib/pkgconfig/perceptron_robot_hardware.pc'
[9.103s] Level 1:colcon.colcon_core.environment:checking '/ros2_ws/perceptron/install/perceptron_robot_hardware/lib/python3.10/site-packages'
[9.104s] Level 1:colcon.colcon_core.environment:checking '/ros2_ws/perceptron/install/perceptron_robot_hardware/bin'
[9.106s] INFO:colcon.colcon_core.shell:Creating package script '/ros2_ws/perceptron/install/perceptron_robot_hardware/share/perceptron_robot_hardware/package.ps1'
[9.107s] INFO:colcon.colcon_core.shell:Creating package descriptor '/ros2_ws/perceptron/install/perceptron_robot_hardware/share/perceptron_robot_hardware/package.dsv'
[9.109s] INFO:colcon.colcon_core.shell:Creating package script '/ros2_ws/perceptron/install/perceptron_robot_hardware/share/perceptron_robot_hardware/package.sh'
[9.110s] INFO:colcon.colcon_core.shell:Creating package script '/ros2_ws/perceptron/install/perceptron_robot_hardware/share/perceptron_robot_hardware/package.bash'
[9.112s] INFO:colcon.colcon_core.shell:Creating package script '/ros2_ws/perceptron/install/perceptron_robot_hardware/share/perceptron_robot_hardware/package.zsh'
[9.113s] Level 1:colcon.colcon_core.environment:create_file_with_runtime_dependencies(/ros2_ws/perceptron/install/perceptron_robot_hardware/share/colcon-core/packages/perceptron_robot_hardware)
[9.115s] Level 1:colcon.colcon_core.environment:create_environment_scripts_only(perceptron_robot_hardware)
[9.116s] Level 1:colcon.colcon_core.environment:checking '/ros2_ws/perceptron/install/perceptron_robot_hardware' for CMake module files
[9.119s] Level 1:colcon.colcon_core.environment:checking '/ros2_ws/perceptron/install/perceptron_robot_hardware' for CMake config files
[9.120s] Level 1:colcon.colcon_core.shell:create_environment_hook('perceptron_robot_hardware', 'cmake_prefix_path')
[9.121s] INFO:colcon.colcon_core.shell:Creating environment hook '/ros2_ws/perceptron/install/perceptron_robot_hardware/share/perceptron_robot_hardware/hook/cmake_prefix_path.ps1'
[9.123s] INFO:colcon.colcon_core.shell:Creating environment descriptor '/ros2_ws/perceptron/install/perceptron_robot_hardware/share/perceptron_robot_hardware/hook/cmake_prefix_path.dsv'
[9.124s] INFO:colcon.colcon_core.shell:Creating environment hook '/ros2_ws/perceptron/install/perceptron_robot_hardware/share/perceptron_robot_hardware/hook/cmake_prefix_path.sh'
[9.127s] Level 1:colcon.colcon_core.environment:checking '/ros2_ws/perceptron/install/perceptron_robot_hardware/bin'
[9.127s] Level 1:colcon.colcon_core.environment:checking '/ros2_ws/perceptron/install/perceptron_robot_hardware/lib/pkgconfig/perceptron_robot_hardware.pc'
[9.128s] Level 1:colcon.colcon_core.environment:checking '/ros2_ws/perceptron/install/perceptron_robot_hardware/lib/python3.10/site-packages'
[9.129s] Level 1:colcon.colcon_core.environment:checking '/ros2_ws/perceptron/install/perceptron_robot_hardware/bin'
[9.130s] INFO:colcon.colcon_core.shell:Creating package script '/ros2_ws/perceptron/install/perceptron_robot_hardware/share/perceptron_robot_hardware/package.ps1'
[9.132s] INFO:colcon.colcon_core.shell:Creating package descriptor '/ros2_ws/perceptron/install/perceptron_robot_hardware/share/perceptron_robot_hardware/package.dsv'
[9.134s] INFO:colcon.colcon_core.shell:Creating package script '/ros2_ws/perceptron/install/perceptron_robot_hardware/share/perceptron_robot_hardware/package.sh'
[9.137s] INFO:colcon.colcon_core.shell:Creating package script '/ros2_ws/perceptron/install/perceptron_robot_hardware/share/perceptron_robot_hardware/package.bash'
[9.139s] INFO:colcon.colcon_core.shell:Creating package script '/ros2_ws/perceptron/install/perceptron_robot_hardware/share/perceptron_robot_hardware/package.zsh'
[9.141s] Level 1:colcon.colcon_core.environment:create_file_with_runtime_dependencies(/ros2_ws/perceptron/install/perceptron_robot_hardware/share/colcon-core/packages/perceptron_robot_hardware)
[9.142s] DEBUG:colcon.colcon_parallel_executor.executor.parallel:closing loop
[9.143s] DEBUG:colcon.colcon_parallel_executor.executor.parallel:loop closed
[9.143s] DEBUG:colcon.colcon_parallel_executor.executor.parallel:run_until_complete finished with '0'
[9.143s] DEBUG:colcon.colcon_core.event_reactor:joining thread
[9.166s] INFO:colcon.colcon_core.plugin_system:Skipping extension 'colcon_notification.desktop_notification.notify_send': Could not find 'notify-send'
[9.166s] INFO:colcon.colcon_core.plugin_system:Skipping extension 'colcon_notification.desktop_notification.terminal_notifier': Not used on non-Darwin systems
[9.167s] INFO:colcon.colcon_core.plugin_system:Skipping extension 'colcon_notification.desktop_notification.win32': Not used on non-Windows systems
[9.167s] INFO:colcon.colcon_notification.desktop_notification:Sending desktop notification using 'notify2'
[9.173s] DEBUG:colcon.colcon_notification.desktop_notification.notify2:Failed to initialize notify2: org.freedesktop.DBus.Error.Spawn.ExecFailed: /usr/bin/dbus-launch terminated abnormally without any error message
[9.173s] DEBUG:colcon.colcon_core.event_reactor:joined thread
[9.175s] INFO:colcon.colcon_core.shell:Creating prefix script '/ros2_ws/perceptron/install/local_setup.ps1'
[9.180s] INFO:colcon.colcon_core.shell:Creating prefix util module '/ros2_ws/perceptron/install/_local_setup_util_ps1.py'
[9.186s] INFO:colcon.colcon_core.shell:Creating prefix chain script '/ros2_ws/perceptron/install/setup.ps1'
[9.191s] INFO:colcon.colcon_core.shell:Creating prefix script '/ros2_ws/perceptron/install/local_setup.sh'
[9.193s] INFO:colcon.colcon_core.shell:Creating prefix util module '/ros2_ws/perceptron/install/_local_setup_util_sh.py'
[9.195s] INFO:colcon.colcon_core.shell:Creating prefix chain script '/ros2_ws/perceptron/install/setup.sh'
[9.249s] INFO:colcon.colcon_core.shell:Creating prefix script '/ros2_ws/perceptron/install/local_setup.bash'
[9.251s] INFO:colcon.colcon_core.shell:Creating prefix chain script '/ros2_ws/perceptron/install/setup.bash'
[9.256s] INFO:colcon.colcon_core.shell:Creating prefix script '/ros2_ws/perceptron/install/local_setup.zsh'
[9.258s] INFO:colcon.colcon_core.shell:Creating prefix chain script '/ros2_ws/perceptron/install/setup.zsh'
