[1.746s] Invoking command in '/home/yadi/perceptron/src/perceptron_robot_bringup': PYTHONPATH=/home/yadi/perceptron/build/perceptron_robot_bringup/prefix_override:/usr/lib/python3/dist-packages/colcon_core/task/python/colcon_distutils_commands:/home/yadi/perceptron/install/perceptron_robot_bringup/lib/python3.10/site-packages:${PYTHONPATH} /usr/bin/python3 -W ignore:setup.py install is deprecated -W ignore:easy_install command is deprecated setup.py egg_info --egg-base ../../build/perceptron_robot_bringup build --build-base /home/yadi/perceptron/build/perceptron_robot_bringup/build install --record /home/yadi/perceptron/build/perceptron_robot_bringup/install.log --single-version-externally-managed install_data
[2.076s] running egg_info
[2.077s] writing ../../build/perceptron_robot_bringup/perceptron_robot_bringup.egg-info/PKG-INFO
[2.079s] writing dependency_links to ../../build/perceptron_robot_bringup/perceptron_robot_bringup.egg-info/dependency_links.txt
[2.080s] writing entry points to ../../build/perceptron_robot_bringup/perceptron_robot_bringup.egg-info/entry_points.txt
[2.080s] writing requirements to ../../build/perceptron_robot_bringup/perceptron_robot_bringup.egg-info/requires.txt
[2.081s] writing top-level names to ../../build/perceptron_robot_bringup/perceptron_robot_bringup.egg-info/top_level.txt
[2.085s] reading manifest file '../../build/perceptron_robot_bringup/perceptron_robot_bringup.egg-info/SOURCES.txt'
[2.087s] writing manifest file '../../build/perceptron_robot_bringup/perceptron_robot_bringup.egg-info/SOURCES.txt'
[2.088s] running build
[2.088s] running build_py
[2.088s] running install
[2.089s] running install_lib
[2.094s] running install_data
[2.095s] running install_egg_info
[2.098s] removing '/home/yadi/perceptron/install/perceptron_robot_bringup/lib/python3.10/site-packages/perceptron_robot_bringup-0.0.0-py3.10.egg-info' (and everything under it)
[2.101s] Copying ../../build/perceptron_robot_bringup/perceptron_robot_bringup.egg-info to /home/yadi/perceptron/install/perceptron_robot_bringup/lib/python3.10/site-packages/perceptron_robot_bringup-0.0.0-py3.10.egg-info
[2.106s] running install_scripts
[2.142s] writing list of installed files to '/home/yadi/perceptron/build/perceptron_robot_bringup/install.log'
[2.206s] Invoked command in '/home/yadi/perceptron/src/perceptron_robot_bringup' returned '0': PYTHONPATH=/home/yadi/perceptron/build/perceptron_robot_bringup/prefix_override:/usr/lib/python3/dist-packages/colcon_core/task/python/colcon_distutils_commands:/home/yadi/perceptron/install/perceptron_robot_bringup/lib/python3.10/site-packages:${PYTHONPATH} /usr/bin/python3 -W ignore:setup.py install is deprecated -W ignore:easy_install command is deprecated setup.py egg_info --egg-base ../../build/perceptron_robot_bringup build --build-base /home/yadi/perceptron/build/perceptron_robot_bringup/build install --record /home/yadi/perceptron/build/perceptron_robot_bringup/install.log --single-version-externally-managed install_data
