running egg_info
creating ../../build/perceptron_robot_control/perceptron_robot_control.egg-info
writing ../../build/perceptron_robot_control/perceptron_robot_control.egg-info/PKG-INFO
writing dependency_links to ../../build/perceptron_robot_control/perceptron_robot_control.egg-info/dependency_links.txt
writing entry points to ../../build/perceptron_robot_control/perceptron_robot_control.egg-info/entry_points.txt
writing requirements to ../../build/perceptron_robot_control/perceptron_robot_control.egg-info/requires.txt
writing top-level names to ../../build/perceptron_robot_control/perceptron_robot_control.egg-info/top_level.txt
writing manifest file '../../build/perceptron_robot_control/perceptron_robot_control.egg-info/SOURCES.txt'
reading manifest file '../../build/perceptron_robot_control/perceptron_robot_control.egg-info/SOURCES.txt'
writing manifest file '../../build/perceptron_robot_control/perceptron_robot_control.egg-info/SOURCES.txt'
running build
running build_py
creating /home/yadi/perceptron/build/perceptron_robot_control/build
creating /home/yadi/perceptron/build/perceptron_robot_control/build/lib
creating /home/yadi/perceptron/build/perceptron_robot_control/build/lib/perceptron_robot_control
copying perceptron_robot_control/__init__.py -> /home/yadi/perceptron/build/perceptron_robot_control/build/lib/perceptron_robot_control
running install
running install_lib
creating /home/yadi/perceptron/install/perceptron_robot_control/lib/python3.10/site-packages/perceptron_robot_control
copying /home/yadi/perceptron/build/perceptron_robot_control/build/lib/perceptron_robot_control/__init__.py -> /home/yadi/perceptron/install/perceptron_robot_control/lib/python3.10/site-packages/perceptron_robot_control
byte-compiling /home/yadi/perceptron/install/perceptron_robot_control/lib/python3.10/site-packages/perceptron_robot_control/__init__.py to __init__.cpython-310.pyc
running install_data
creating /home/yadi/perceptron/install/perceptron_robot_control/share/ament_index
creating /home/yadi/perceptron/install/perceptron_robot_control/share/ament_index/resource_index
creating /home/yadi/perceptron/install/perceptron_robot_control/share/ament_index/resource_index/packages
copying resource/perceptron_robot_control -> /home/yadi/perceptron/install/perceptron_robot_control/share/ament_index/resource_index/packages
copying package.xml -> /home/yadi/perceptron/install/perceptron_robot_control/share/perceptron_robot_control
creating /home/yadi/perceptron/install/perceptron_robot_control/share/perceptron_robot_control/config
copying config/controllers.yaml -> /home/yadi/perceptron/install/perceptron_robot_control/share/perceptron_robot_control/config
running install_egg_info
Copying ../../build/perceptron_robot_control/perceptron_robot_control.egg-info to /home/yadi/perceptron/install/perceptron_robot_control/lib/python3.10/site-packages/perceptron_robot_control-0.0.0-py3.10.egg-info
running install_scripts
writing list of installed files to '/home/yadi/perceptron/build/perceptron_robot_control/install.log'
