[1.724s] Invoking command in '/home/yadi/perceptron/src/perceptron_robot_control': PYTHONPATH=/home/yadi/perceptron/build/perceptron_robot_control/prefix_override:/usr/lib/python3/dist-packages/colcon_core/task/python/colcon_distutils_commands:/home/yadi/perceptron/install/perceptron_robot_control/lib/python3.10/site-packages:${PYTHONPATH} /usr/bin/python3 -W ignore:setup.py install is deprecated -W ignore:easy_install command is deprecated setup.py egg_info --egg-base ../../build/perceptron_robot_control build --build-base /home/yadi/perceptron/build/perceptron_robot_control/build install --record /home/yadi/perceptron/build/perceptron_robot_control/install.log --single-version-externally-managed install_data
[2.054s] running egg_info
[2.055s] creating ../../build/perceptron_robot_control/perceptron_robot_control.egg-info
[2.056s] writing ../../build/perceptron_robot_control/perceptron_robot_control.egg-info/PKG-INFO
[2.058s] writing dependency_links to ../../build/perceptron_robot_control/perceptron_robot_control.egg-info/dependency_links.txt
[2.058s] writing entry points to ../../build/perceptron_robot_control/perceptron_robot_control.egg-info/entry_points.txt
[2.058s] writing requirements to ../../build/perceptron_robot_control/perceptron_robot_control.egg-info/requires.txt
[2.059s] writing top-level names to ../../build/perceptron_robot_control/perceptron_robot_control.egg-info/top_level.txt
[2.059s] writing manifest file '../../build/perceptron_robot_control/perceptron_robot_control.egg-info/SOURCES.txt'
[2.061s] reading manifest file '../../build/perceptron_robot_control/perceptron_robot_control.egg-info/SOURCES.txt'
[2.065s] writing manifest file '../../build/perceptron_robot_control/perceptron_robot_control.egg-info/SOURCES.txt'
[2.065s] running build
[2.066s] running build_py
[2.066s] creating /home/yadi/perceptron/build/perceptron_robot_control/build
[2.066s] creating /home/yadi/perceptron/build/perceptron_robot_control/build/lib
[2.066s] creating /home/yadi/perceptron/build/perceptron_robot_control/build/lib/perceptron_robot_control
[2.066s] copying perceptron_robot_control/__init__.py -> /home/yadi/perceptron/build/perceptron_robot_control/build/lib/perceptron_robot_control
[2.067s] running install
[2.067s] running install_lib
[2.071s] creating /home/yadi/perceptron/install/perceptron_robot_control/lib/python3.10/site-packages/perceptron_robot_control
[2.071s] copying /home/yadi/perceptron/build/perceptron_robot_control/build/lib/perceptron_robot_control/__init__.py -> /home/yadi/perceptron/install/perceptron_robot_control/lib/python3.10/site-packages/perceptron_robot_control
[2.072s] byte-compiling /home/yadi/perceptron/install/perceptron_robot_control/lib/python3.10/site-packages/perceptron_robot_control/__init__.py to __init__.cpython-310.pyc
[2.072s] running install_data
[2.073s] creating /home/yadi/perceptron/install/perceptron_robot_control/share/ament_index
[2.073s] creating /home/yadi/perceptron/install/perceptron_robot_control/share/ament_index/resource_index
[2.073s] creating /home/yadi/perceptron/install/perceptron_robot_control/share/ament_index/resource_index/packages
[2.073s] copying resource/perceptron_robot_control -> /home/yadi/perceptron/install/perceptron_robot_control/share/ament_index/resource_index/packages
[2.073s] copying package.xml -> /home/yadi/perceptron/install/perceptron_robot_control/share/perceptron_robot_control
[2.073s] creating /home/yadi/perceptron/install/perceptron_robot_control/share/perceptron_robot_control/config
[2.073s] copying config/controllers.yaml -> /home/yadi/perceptron/install/perceptron_robot_control/share/perceptron_robot_control/config
[2.073s] running install_egg_info
[2.073s] Copying ../../build/perceptron_robot_control/perceptron_robot_control.egg-info to /home/yadi/perceptron/install/perceptron_robot_control/lib/python3.10/site-packages/perceptron_robot_control-0.0.0-py3.10.egg-info
[2.074s] running install_scripts
[2.103s] writing list of installed files to '/home/yadi/perceptron/build/perceptron_robot_control/install.log'
[2.175s] Invoked command in '/home/yadi/perceptron/src/perceptron_robot_control' returned '0': PYTHONPATH=/home/yadi/perceptron/build/perceptron_robot_control/prefix_override:/usr/lib/python3/dist-packages/colcon_core/task/python/colcon_distutils_commands:/home/yadi/perceptron/install/perceptron_robot_control/lib/python3.10/site-packages:${PYTHONPATH} /usr/bin/python3 -W ignore:setup.py install is deprecated -W ignore:easy_install command is deprecated setup.py egg_info --egg-base ../../build/perceptron_robot_control build --build-base /home/yadi/perceptron/build/perceptron_robot_control/build install --record /home/yadi/perceptron/build/perceptron_robot_control/install.log --single-version-externally-managed install_data
