[0.292s] DEBUG:colcon:Command line arguments: ['/usr/bin/colcon', 'build']
[0.292s] DEBUG:colcon:Parsed command line arguments: Namespace(log_base=None, log_level=None, verb_name='build', build_base='build', install_base='install', merge_install=False, symlink_install=False, test_result_base=None, continue_on_error=False, executor='parallel', parallel_workers=8, event_handlers=None, ignore_user_meta=False, metas=['./colcon.meta'], base_paths=['.'], packages_ignore=None, packages_ignore_regex=None, paths=None, packages_up_to=None, packages_up_to_regex=None, packages_above=None, packages_above_and_dependencies=None, packages_above_depth=None, packages_select_by_dep=None, packages_skip_by_dep=None, packages_skip_up_to=None, packages_select_build_failed=False, packages_skip_build_finished=False, packages_select_test_failures=False, packages_skip_test_passed=False, packages_select=None, packages_skip=None, packages_select_regex=None, packages_skip_regex=None, packages_start=None, packages_end=None, allow_overriding=[], cmake_args=None, cmake_target=None, cmake_target_skip_unavailable=False, cmake_clean_cache=False, cmake_clean_first=False, cmake_force_configure=False, ament_cmake_args=None, catkin_cmake_args=None, catkin_skip_building_tests=False, verb_parser=<colcon_defaults.argument_parser.defaults.DefaultArgumentsDecorator object at 0x7f671f471f60>, verb_extension=<colcon_core.verb.build.BuildVerb object at 0x7f671f471120>, main=<bound method BuildVerb.main of <colcon_core.verb.build.BuildVerb object at 0x7f671f471120>>)
[0.529s] Level 1:colcon.colcon_core.package_discovery:discover_packages(colcon_meta) check parameters
[0.530s] Level 1:colcon.colcon_core.package_discovery:discover_packages(recursive) check parameters
[0.530s] Level 1:colcon.colcon_core.package_discovery:discover_packages(ignore) check parameters
[0.530s] Level 1:colcon.colcon_core.package_discovery:discover_packages(path) check parameters
[0.530s] Level 1:colcon.colcon_core.package_discovery:discover_packages(colcon_meta) discover
[0.530s] Level 1:colcon.colcon_core.package_discovery:discover_packages(recursive) discover
[0.530s] INFO:colcon.colcon_core.package_discovery:Crawling recursively for packages in '/home/yadi/perceptron'
[0.530s] Level 1:colcon.colcon_core.package_identification:_identify(.) by extensions ['ignore', 'ignore_ament_install']
[0.530s] Level 1:colcon.colcon_core.package_identification:_identify(.) by extension 'ignore'
[0.531s] Level 1:colcon.colcon_core.package_identification:_identify(.) by extension 'ignore_ament_install'
[0.531s] Level 1:colcon.colcon_core.package_identification:_identify(.) by extensions ['colcon_pkg']
[0.531s] Level 1:colcon.colcon_core.package_identification:_identify(.) by extension 'colcon_pkg'
[0.531s] Level 1:colcon.colcon_core.package_identification:_identify(.) by extensions ['colcon_meta']
[0.531s] Level 1:colcon.colcon_core.package_identification:_identify(.) by extension 'colcon_meta'
[0.531s] Level 1:colcon.colcon_core.package_identification:_identify(.) by extensions ['ros']
[0.531s] Level 1:colcon.colcon_core.package_identification:_identify(.) by extension 'ros'
[0.546s] Level 1:colcon.colcon_core.package_identification:_identify(.) by extensions ['cmake', 'python']
[0.546s] Level 1:colcon.colcon_core.package_identification:_identify(.) by extension 'cmake'
[0.546s] Level 1:colcon.colcon_core.package_identification:_identify(.) by extension 'python'
[0.546s] Level 1:colcon.colcon_core.package_identification:_identify(.) by extensions ['python_setup_py']
[0.546s] Level 1:colcon.colcon_core.package_identification:_identify(.) by extension 'python_setup_py'
[0.546s] Level 1:colcon.colcon_core.package_identification:_identify(build) by extensions ['ignore', 'ignore_ament_install']
[0.547s] Level 1:colcon.colcon_core.package_identification:_identify(build) by extension 'ignore'
[0.547s] Level 1:colcon.colcon_core.package_identification:_identify(build) ignored
[0.547s] Level 1:colcon.colcon_core.package_identification:_identify(install) by extensions ['ignore', 'ignore_ament_install']
[0.547s] Level 1:colcon.colcon_core.package_identification:_identify(install) by extension 'ignore'
[0.547s] Level 1:colcon.colcon_core.package_identification:_identify(install) ignored
[0.547s] Level 1:colcon.colcon_core.package_identification:_identify(log) by extensions ['ignore', 'ignore_ament_install']
[0.547s] Level 1:colcon.colcon_core.package_identification:_identify(log) by extension 'ignore'
[0.547s] Level 1:colcon.colcon_core.package_identification:_identify(log) ignored
[0.547s] Level 1:colcon.colcon_core.package_identification:_identify(src) by extensions ['ignore', 'ignore_ament_install']
[0.547s] Level 1:colcon.colcon_core.package_identification:_identify(src) by extension 'ignore'
[0.548s] Level 1:colcon.colcon_core.package_identification:_identify(src) by extension 'ignore_ament_install'
[0.548s] Level 1:colcon.colcon_core.package_identification:_identify(src) by extensions ['colcon_pkg']
[0.548s] Level 1:colcon.colcon_core.package_identification:_identify(src) by extension 'colcon_pkg'
[0.548s] Level 1:colcon.colcon_core.package_identification:_identify(src) by extensions ['colcon_meta']
[0.548s] Level 1:colcon.colcon_core.package_identification:_identify(src) by extension 'colcon_meta'
[0.548s] Level 1:colcon.colcon_core.package_identification:_identify(src) by extensions ['ros']
[0.548s] Level 1:colcon.colcon_core.package_identification:_identify(src) by extension 'ros'
[0.548s] Level 1:colcon.colcon_core.package_identification:_identify(src) by extensions ['cmake', 'python']
[0.549s] Level 1:colcon.colcon_core.package_identification:_identify(src) by extension 'cmake'
[0.549s] Level 1:colcon.colcon_core.package_identification:_identify(src) by extension 'python'
[0.549s] Level 1:colcon.colcon_core.package_identification:_identify(src) by extensions ['python_setup_py']
[0.549s] Level 1:colcon.colcon_core.package_identification:_identify(src) by extension 'python_setup_py'
[0.549s] Level 1:colcon.colcon_core.package_identification:_identify(src/perceptron_robot_bringup) by extensions ['ignore', 'ignore_ament_install']
[0.549s] Level 1:colcon.colcon_core.package_identification:_identify(src/perceptron_robot_bringup) by extension 'ignore'
[0.549s] Level 1:colcon.colcon_core.package_identification:_identify(src/perceptron_robot_bringup) by extension 'ignore_ament_install'
[0.549s] Level 1:colcon.colcon_core.package_identification:_identify(src/perceptron_robot_bringup) by extensions ['colcon_pkg']
[0.549s] Level 1:colcon.colcon_core.package_identification:_identify(src/perceptron_robot_bringup) by extension 'colcon_pkg'
[0.549s] Level 1:colcon.colcon_core.package_identification:_identify(src/perceptron_robot_bringup) by extensions ['colcon_meta']
[0.549s] Level 1:colcon.colcon_core.package_identification:_identify(src/perceptron_robot_bringup) by extension 'colcon_meta'
[0.549s] Level 1:colcon.colcon_core.package_identification:_identify(src/perceptron_robot_bringup) by extensions ['ros']
[0.549s] Level 1:colcon.colcon_core.package_identification:_identify(src/perceptron_robot_bringup) by extension 'ros'
[0.553s] DEBUG:colcon.colcon_core.package_identification:Package 'src/perceptron_robot_bringup' with type 'ros.ament_python' and name 'perceptron_robot_bringup'
[0.553s] Level 1:colcon.colcon_core.package_identification:_identify(src/perceptron_robot_control) by extensions ['ignore', 'ignore_ament_install']
[0.553s] Level 1:colcon.colcon_core.package_identification:_identify(src/perceptron_robot_control) by extension 'ignore'
[0.553s] Level 1:colcon.colcon_core.package_identification:_identify(src/perceptron_robot_control) by extension 'ignore_ament_install'
[0.553s] Level 1:colcon.colcon_core.package_identification:_identify(src/perceptron_robot_control) by extensions ['colcon_pkg']
[0.553s] Level 1:colcon.colcon_core.package_identification:_identify(src/perceptron_robot_control) by extension 'colcon_pkg'
[0.553s] Level 1:colcon.colcon_core.package_identification:_identify(src/perceptron_robot_control) by extensions ['colcon_meta']
[0.553s] Level 1:colcon.colcon_core.package_identification:_identify(src/perceptron_robot_control) by extension 'colcon_meta'
[0.554s] Level 1:colcon.colcon_core.package_identification:_identify(src/perceptron_robot_control) by extensions ['ros']
[0.554s] Level 1:colcon.colcon_core.package_identification:_identify(src/perceptron_robot_control) by extension 'ros'
[0.555s] DEBUG:colcon.colcon_core.package_identification:Package 'src/perceptron_robot_control' with type 'ros.ament_python' and name 'perceptron_robot_control'
[0.555s] Level 1:colcon.colcon_core.package_identification:_identify(src/perceptron_robot_description) by extensions ['ignore', 'ignore_ament_install']
[0.555s] Level 1:colcon.colcon_core.package_identification:_identify(src/perceptron_robot_description) by extension 'ignore'
[0.555s] Level 1:colcon.colcon_core.package_identification:_identify(src/perceptron_robot_description) by extension 'ignore_ament_install'
[0.555s] Level 1:colcon.colcon_core.package_identification:_identify(src/perceptron_robot_description) by extensions ['colcon_pkg']
[0.555s] Level 1:colcon.colcon_core.package_identification:_identify(src/perceptron_robot_description) by extension 'colcon_pkg'
[0.555s] Level 1:colcon.colcon_core.package_identification:_identify(src/perceptron_robot_description) by extensions ['colcon_meta']
[0.556s] Level 1:colcon.colcon_core.package_identification:_identify(src/perceptron_robot_description) by extension 'colcon_meta'
[0.556s] Level 1:colcon.colcon_core.package_identification:_identify(src/perceptron_robot_description) by extensions ['ros']
[0.556s] Level 1:colcon.colcon_core.package_identification:_identify(src/perceptron_robot_description) by extension 'ros'
[0.556s] DEBUG:colcon.colcon_core.package_identification:Package 'src/perceptron_robot_description' with type 'ros.ament_python' and name 'perceptron_robot_description'
[0.556s] Level 1:colcon.colcon_core.package_identification:_identify(src/perceptron_robot_gazebo) by extensions ['ignore', 'ignore_ament_install']
[0.556s] Level 1:colcon.colcon_core.package_identification:_identify(src/perceptron_robot_gazebo) by extension 'ignore'
[0.556s] Level 1:colcon.colcon_core.package_identification:_identify(src/perceptron_robot_gazebo) by extension 'ignore_ament_install'
[0.557s] Level 1:colcon.colcon_core.package_identification:_identify(src/perceptron_robot_gazebo) by extensions ['colcon_pkg']
[0.557s] Level 1:colcon.colcon_core.package_identification:_identify(src/perceptron_robot_gazebo) by extension 'colcon_pkg'
[0.557s] Level 1:colcon.colcon_core.package_identification:_identify(src/perceptron_robot_gazebo) by extensions ['colcon_meta']
[0.557s] Level 1:colcon.colcon_core.package_identification:_identify(src/perceptron_robot_gazebo) by extension 'colcon_meta'
[0.557s] Level 1:colcon.colcon_core.package_identification:_identify(src/perceptron_robot_gazebo) by extensions ['ros']
[0.557s] Level 1:colcon.colcon_core.package_identification:_identify(src/perceptron_robot_gazebo) by extension 'ros'
[0.558s] DEBUG:colcon.colcon_core.package_identification:Package 'src/perceptron_robot_gazebo' with type 'ros.ament_python' and name 'perceptron_robot_gazebo'
[0.558s] Level 1:colcon.colcon_core.package_discovery:discover_packages(recursive) using defaults
[0.558s] Level 1:colcon.colcon_core.package_discovery:discover_packages(ignore) discover
[0.558s] Level 1:colcon.colcon_core.package_discovery:discover_packages(ignore) using defaults
[0.558s] Level 1:colcon.colcon_core.package_discovery:discover_packages(path) discover
[0.558s] Level 1:colcon.colcon_core.package_discovery:discover_packages(path) using defaults
[0.594s] Level 1:colcon.colcon_core.package_discovery:discover_packages(prefix_path) check parameters
[0.594s] Level 1:colcon.colcon_core.package_discovery:discover_packages(prefix_path) discover
[0.597s] WARNING:colcon.colcon_ros.prefix_path.ament:The path '/home/yadi/ros2_ws/install/ros2_control_demos' in the environment variable AMENT_PREFIX_PATH doesn't exist
[0.597s] WARNING:colcon.colcon_ros.prefix_path.ament:The path '/home/yadi/ros2_ws/install/ros2_control_demo_example_9' in the environment variable AMENT_PREFIX_PATH doesn't exist
[0.597s] WARNING:colcon.colcon_ros.prefix_path.ament:The path '/home/yadi/ros2_ws/install/ros2_control_demo_example_8' in the environment variable AMENT_PREFIX_PATH doesn't exist
[0.598s] WARNING:colcon.colcon_ros.prefix_path.ament:The path '/home/yadi/ros2_ws/install/ros2_control_demo_example_7' in the environment variable AMENT_PREFIX_PATH doesn't exist
[0.598s] WARNING:colcon.colcon_ros.prefix_path.ament:The path '/home/yadi/ros2_ws/install/ros2_control_demo_example_6' in the environment variable AMENT_PREFIX_PATH doesn't exist
[0.598s] WARNING:colcon.colcon_ros.prefix_path.ament:The path '/home/yadi/ros2_ws/install/ros2_control_demo_example_15' in the environment variable AMENT_PREFIX_PATH doesn't exist
[0.598s] WARNING:colcon.colcon_ros.prefix_path.ament:The path '/home/yadi/ros2_ws/install/ros2_control_demo_example_13' in the environment variable AMENT_PREFIX_PATH doesn't exist
[0.598s] WARNING:colcon.colcon_ros.prefix_path.ament:The path '/home/yadi/ros2_ws/install/ros2_control_demo_example_5' in the environment variable AMENT_PREFIX_PATH doesn't exist
[0.598s] WARNING:colcon.colcon_ros.prefix_path.ament:The path '/home/yadi/ros2_ws/install/ros2_control_demo_example_4' in the environment variable AMENT_PREFIX_PATH doesn't exist
[0.598s] WARNING:colcon.colcon_ros.prefix_path.ament:The path '/home/yadi/ros2_ws/install/ros2_control_demo_example_3' in the environment variable AMENT_PREFIX_PATH doesn't exist
[0.598s] WARNING:colcon.colcon_ros.prefix_path.ament:The path '/home/yadi/ros2_ws/install/ros2_control_demo_example_2' in the environment variable AMENT_PREFIX_PATH doesn't exist
[0.598s] WARNING:colcon.colcon_ros.prefix_path.ament:The path '/home/yadi/ros2_ws/install/ros2_control_demo_example_14' in the environment variable AMENT_PREFIX_PATH doesn't exist
[0.598s] WARNING:colcon.colcon_ros.prefix_path.ament:The path '/home/yadi/ros2_ws/install/ros2_control_demo_example_12' in the environment variable AMENT_PREFIX_PATH doesn't exist
[0.599s] WARNING:colcon.colcon_ros.prefix_path.ament:The path '/home/yadi/ros2_ws/install/ros2_control_demo_example_11' in the environment variable AMENT_PREFIX_PATH doesn't exist
[0.599s] WARNING:colcon.colcon_ros.prefix_path.ament:The path '/home/yadi/ros2_ws/install/ros2_control_demo_example_10' in the environment variable AMENT_PREFIX_PATH doesn't exist
[0.599s] WARNING:colcon.colcon_ros.prefix_path.ament:The path '/home/yadi/ros2_ws/install/ros2_control_demo_example_1' in the environment variable AMENT_PREFIX_PATH doesn't exist
[0.599s] WARNING:colcon.colcon_ros.prefix_path.ament:The path '/home/yadi/ros2_ws/install/ros2_control_demo_description' in the environment variable AMENT_PREFIX_PATH doesn't exist
[0.601s] WARNING:colcon.colcon_ros.prefix_path.catkin:The path '/home/yadi/ros2_ws/install/ros2_control_demos' in the environment variable CMAKE_PREFIX_PATH doesn't exist
[0.601s] WARNING:colcon.colcon_ros.prefix_path.catkin:The path '/home/yadi/ros2_ws/install/ros2_control_demo_example_9' in the environment variable CMAKE_PREFIX_PATH doesn't exist
[0.601s] WARNING:colcon.colcon_ros.prefix_path.catkin:The path '/home/yadi/ros2_ws/install/ros2_control_demo_example_8' in the environment variable CMAKE_PREFIX_PATH doesn't exist
[0.601s] WARNING:colcon.colcon_ros.prefix_path.catkin:The path '/home/yadi/ros2_ws/install/ros2_control_demo_example_7' in the environment variable CMAKE_PREFIX_PATH doesn't exist
[0.601s] WARNING:colcon.colcon_ros.prefix_path.catkin:The path '/home/yadi/ros2_ws/install/ros2_control_demo_example_6' in the environment variable CMAKE_PREFIX_PATH doesn't exist
[0.601s] WARNING:colcon.colcon_ros.prefix_path.catkin:The path '/home/yadi/ros2_ws/install/ros2_control_demo_example_15' in the environment variable CMAKE_PREFIX_PATH doesn't exist
[0.602s] WARNING:colcon.colcon_ros.prefix_path.catkin:The path '/home/yadi/ros2_ws/install/ros2_control_demo_example_13' in the environment variable CMAKE_PREFIX_PATH doesn't exist
[0.602s] WARNING:colcon.colcon_ros.prefix_path.catkin:The path '/home/yadi/ros2_ws/install/ros2_control_demo_example_5' in the environment variable CMAKE_PREFIX_PATH doesn't exist
[0.602s] WARNING:colcon.colcon_ros.prefix_path.catkin:The path '/home/yadi/ros2_ws/install/ros2_control_demo_example_4' in the environment variable CMAKE_PREFIX_PATH doesn't exist
[0.602s] WARNING:colcon.colcon_ros.prefix_path.catkin:The path '/home/yadi/ros2_ws/install/ros2_control_demo_example_3' in the environment variable CMAKE_PREFIX_PATH doesn't exist
[0.602s] WARNING:colcon.colcon_ros.prefix_path.catkin:The path '/home/yadi/ros2_ws/install/ros2_control_demo_example_2' in the environment variable CMAKE_PREFIX_PATH doesn't exist
[0.602s] WARNING:colcon.colcon_ros.prefix_path.catkin:The path '/home/yadi/ros2_ws/install/ros2_control_demo_example_14' in the environment variable CMAKE_PREFIX_PATH doesn't exist
[0.602s] WARNING:colcon.colcon_ros.prefix_path.catkin:The path '/home/yadi/ros2_ws/install/ros2_control_demo_example_12' in the environment variable CMAKE_PREFIX_PATH doesn't exist
[0.602s] WARNING:colcon.colcon_ros.prefix_path.catkin:The path '/home/yadi/ros2_ws/install/ros2_control_demo_example_11' in the environment variable CMAKE_PREFIX_PATH doesn't exist
[0.602s] WARNING:colcon.colcon_ros.prefix_path.catkin:The path '/home/yadi/ros2_ws/install/ros2_control_demo_example_10' in the environment variable CMAKE_PREFIX_PATH doesn't exist
[0.602s] WARNING:colcon.colcon_ros.prefix_path.catkin:The path '/home/yadi/ros2_ws/install/ros2_control_demo_example_1' in the environment variable CMAKE_PREFIX_PATH doesn't exist
[0.602s] WARNING:colcon.colcon_ros.prefix_path.catkin:The path '/home/yadi/ros2_ws/install/ros2_control_demo_description' in the environment variable CMAKE_PREFIX_PATH doesn't exist
[0.603s] DEBUG:colcon.colcon_installed_package_information.package_discovery:Found 4 installed packages in /home/yadi/perceptron/install
[0.604s] DEBUG:colcon.colcon_installed_package_information.package_discovery:Found 1 installed packages in /home/yadi/demoRobot/install
[0.606s] DEBUG:colcon.colcon_installed_package_information.package_discovery:Found 6 installed packages in /home/yadi/ros2_ws/install
[0.609s] DEBUG:colcon.colcon_installed_package_information.package_discovery:Found 369 installed packages in /opt/ros/humble
[0.611s] Level 1:colcon.colcon_core.package_discovery:discover_packages(prefix_path) using defaults
[0.661s] Level 5:colcon.colcon_core.verb:set package 'perceptron_robot_bringup' build argument 'cmake_args' from command line to 'None'
[0.661s] Level 5:colcon.colcon_core.verb:set package 'perceptron_robot_bringup' build argument 'cmake_target' from command line to 'None'
[0.661s] Level 5:colcon.colcon_core.verb:set package 'perceptron_robot_bringup' build argument 'cmake_target_skip_unavailable' from command line to 'False'
[0.661s] Level 5:colcon.colcon_core.verb:set package 'perceptron_robot_bringup' build argument 'cmake_clean_cache' from command line to 'False'
[0.661s] Level 5:colcon.colcon_core.verb:set package 'perceptron_robot_bringup' build argument 'cmake_clean_first' from command line to 'False'
[0.661s] Level 5:colcon.colcon_core.verb:set package 'perceptron_robot_bringup' build argument 'cmake_force_configure' from command line to 'False'
[0.661s] Level 5:colcon.colcon_core.verb:set package 'perceptron_robot_bringup' build argument 'ament_cmake_args' from command line to 'None'
[0.662s] Level 5:colcon.colcon_core.verb:set package 'perceptron_robot_bringup' build argument 'catkin_cmake_args' from command line to 'None'
[0.662s] Level 5:colcon.colcon_core.verb:set package 'perceptron_robot_bringup' build argument 'catkin_skip_building_tests' from command line to 'False'
[0.662s] DEBUG:colcon.colcon_core.verb:Building package 'perceptron_robot_bringup' with the following arguments: {'ament_cmake_args': None, 'build_base': '/home/yadi/perceptron/build/perceptron_robot_bringup', 'catkin_cmake_args': None, 'catkin_skip_building_tests': False, 'cmake_args': None, 'cmake_clean_cache': False, 'cmake_clean_first': False, 'cmake_force_configure': False, 'cmake_target': None, 'cmake_target_skip_unavailable': False, 'install_base': '/home/yadi/perceptron/install/perceptron_robot_bringup', 'merge_install': False, 'path': '/home/yadi/perceptron/src/perceptron_robot_bringup', 'symlink_install': False, 'test_result_base': None}
[0.662s] Level 5:colcon.colcon_core.verb:set package 'perceptron_robot_control' build argument 'cmake_args' from command line to 'None'
[0.662s] Level 5:colcon.colcon_core.verb:set package 'perceptron_robot_control' build argument 'cmake_target' from command line to 'None'
[0.662s] Level 5:colcon.colcon_core.verb:set package 'perceptron_robot_control' build argument 'cmake_target_skip_unavailable' from command line to 'False'
[0.662s] Level 5:colcon.colcon_core.verb:set package 'perceptron_robot_control' build argument 'cmake_clean_cache' from command line to 'False'
[0.662s] Level 5:colcon.colcon_core.verb:set package 'perceptron_robot_control' build argument 'cmake_clean_first' from command line to 'False'
[0.662s] Level 5:colcon.colcon_core.verb:set package 'perceptron_robot_control' build argument 'cmake_force_configure' from command line to 'False'
[0.662s] Level 5:colcon.colcon_core.verb:set package 'perceptron_robot_control' build argument 'ament_cmake_args' from command line to 'None'
[0.662s] Level 5:colcon.colcon_core.verb:set package 'perceptron_robot_control' build argument 'catkin_cmake_args' from command line to 'None'
[0.662s] Level 5:colcon.colcon_core.verb:set package 'perceptron_robot_control' build argument 'catkin_skip_building_tests' from command line to 'False'
[0.662s] DEBUG:colcon.colcon_core.verb:Building package 'perceptron_robot_control' with the following arguments: {'ament_cmake_args': None, 'build_base': '/home/yadi/perceptron/build/perceptron_robot_control', 'catkin_cmake_args': None, 'catkin_skip_building_tests': False, 'cmake_args': None, 'cmake_clean_cache': False, 'cmake_clean_first': False, 'cmake_force_configure': False, 'cmake_target': None, 'cmake_target_skip_unavailable': False, 'install_base': '/home/yadi/perceptron/install/perceptron_robot_control', 'merge_install': False, 'path': '/home/yadi/perceptron/src/perceptron_robot_control', 'symlink_install': False, 'test_result_base': None}
[0.662s] Level 5:colcon.colcon_core.verb:set package 'perceptron_robot_description' build argument 'cmake_args' from command line to 'None'
[0.663s] Level 5:colcon.colcon_core.verb:set package 'perceptron_robot_description' build argument 'cmake_target' from command line to 'None'
[0.663s] Level 5:colcon.colcon_core.verb:set package 'perceptron_robot_description' build argument 'cmake_target_skip_unavailable' from command line to 'False'
[0.663s] Level 5:colcon.colcon_core.verb:set package 'perceptron_robot_description' build argument 'cmake_clean_cache' from command line to 'False'
[0.663s] Level 5:colcon.colcon_core.verb:set package 'perceptron_robot_description' build argument 'cmake_clean_first' from command line to 'False'
[0.663s] Level 5:colcon.colcon_core.verb:set package 'perceptron_robot_description' build argument 'cmake_force_configure' from command line to 'False'
[0.663s] Level 5:colcon.colcon_core.verb:set package 'perceptron_robot_description' build argument 'ament_cmake_args' from command line to 'None'
[0.663s] Level 5:colcon.colcon_core.verb:set package 'perceptron_robot_description' build argument 'catkin_cmake_args' from command line to 'None'
[0.663s] Level 5:colcon.colcon_core.verb:set package 'perceptron_robot_description' build argument 'catkin_skip_building_tests' from command line to 'False'
[0.663s] DEBUG:colcon.colcon_core.verb:Building package 'perceptron_robot_description' with the following arguments: {'ament_cmake_args': None, 'build_base': '/home/yadi/perceptron/build/perceptron_robot_description', 'catkin_cmake_args': None, 'catkin_skip_building_tests': False, 'cmake_args': None, 'cmake_clean_cache': False, 'cmake_clean_first': False, 'cmake_force_configure': False, 'cmake_target': None, 'cmake_target_skip_unavailable': False, 'install_base': '/home/yadi/perceptron/install/perceptron_robot_description', 'merge_install': False, 'path': '/home/yadi/perceptron/src/perceptron_robot_description', 'symlink_install': False, 'test_result_base': None}
[0.663s] Level 5:colcon.colcon_core.verb:set package 'perceptron_robot_gazebo' build argument 'cmake_args' from command line to 'None'
[0.663s] Level 5:colcon.colcon_core.verb:set package 'perceptron_robot_gazebo' build argument 'cmake_target' from command line to 'None'
[0.663s] Level 5:colcon.colcon_core.verb:set package 'perceptron_robot_gazebo' build argument 'cmake_target_skip_unavailable' from command line to 'False'
[0.663s] Level 5:colcon.colcon_core.verb:set package 'perceptron_robot_gazebo' build argument 'cmake_clean_cache' from command line to 'False'
[0.663s] Level 5:colcon.colcon_core.verb:set package 'perceptron_robot_gazebo' build argument 'cmake_clean_first' from command line to 'False'
[0.663s] Level 5:colcon.colcon_core.verb:set package 'perceptron_robot_gazebo' build argument 'cmake_force_configure' from command line to 'False'
[0.663s] Level 5:colcon.colcon_core.verb:set package 'perceptron_robot_gazebo' build argument 'ament_cmake_args' from command line to 'None'
[0.663s] Level 5:colcon.colcon_core.verb:set package 'perceptron_robot_gazebo' build argument 'catkin_cmake_args' from command line to 'None'
[0.663s] Level 5:colcon.colcon_core.verb:set package 'perceptron_robot_gazebo' build argument 'catkin_skip_building_tests' from command line to 'False'
[0.663s] DEBUG:colcon.colcon_core.verb:Building package 'perceptron_robot_gazebo' with the following arguments: {'ament_cmake_args': None, 'build_base': '/home/yadi/perceptron/build/perceptron_robot_gazebo', 'catkin_cmake_args': None, 'catkin_skip_building_tests': False, 'cmake_args': None, 'cmake_clean_cache': False, 'cmake_clean_first': False, 'cmake_force_configure': False, 'cmake_target': None, 'cmake_target_skip_unavailable': False, 'install_base': '/home/yadi/perceptron/install/perceptron_robot_gazebo', 'merge_install': False, 'path': '/home/yadi/perceptron/src/perceptron_robot_gazebo', 'symlink_install': False, 'test_result_base': None}
[0.663s] INFO:colcon.colcon_core.executor:Executing jobs using 'parallel' executor
[0.664s] DEBUG:colcon.colcon_parallel_executor.executor.parallel:run_until_complete
[0.665s] INFO:colcon.colcon_ros.task.ament_python.build:Building ROS package in '/home/yadi/perceptron/src/perceptron_robot_bringup' with build type 'ament_python'
[0.665s] Level 1:colcon.colcon_core.shell:create_environment_hook('perceptron_robot_bringup', 'ament_prefix_path')
[0.671s] INFO:colcon.colcon_core.plugin_system:Skipping extension 'colcon_core.shell.bat': Not used on non-Windows systems
[0.671s] INFO:colcon.colcon_core.shell:Creating environment hook '/home/yadi/perceptron/install/perceptron_robot_bringup/share/perceptron_robot_bringup/hook/ament_prefix_path.ps1'
[0.673s] INFO:colcon.colcon_core.shell:Creating environment descriptor '/home/yadi/perceptron/install/perceptron_robot_bringup/share/perceptron_robot_bringup/hook/ament_prefix_path.dsv'
[0.674s] INFO:colcon.colcon_core.shell:Creating environment hook '/home/yadi/perceptron/install/perceptron_robot_bringup/share/perceptron_robot_bringup/hook/ament_prefix_path.sh'
[0.675s] INFO:colcon.colcon_core.shell:Skip shell extension 'powershell' for command environment: Not usable outside of PowerShell
[0.675s] DEBUG:colcon.colcon_core.shell:Skip shell extension 'dsv' for command environment
[0.680s] INFO:colcon.colcon_ros.task.ament_python.build:Building ROS package in '/home/yadi/perceptron/src/perceptron_robot_control' with build type 'ament_python'
[0.680s] Level 1:colcon.colcon_core.shell:create_environment_hook('perceptron_robot_control', 'ament_prefix_path')
[0.680s] INFO:colcon.colcon_core.shell:Creating environment hook '/home/yadi/perceptron/install/perceptron_robot_control/share/perceptron_robot_control/hook/ament_prefix_path.ps1'
[0.682s] INFO:colcon.colcon_core.shell:Creating environment descriptor '/home/yadi/perceptron/install/perceptron_robot_control/share/perceptron_robot_control/hook/ament_prefix_path.dsv'
[0.682s] INFO:colcon.colcon_core.shell:Creating environment hook '/home/yadi/perceptron/install/perceptron_robot_control/share/perceptron_robot_control/hook/ament_prefix_path.sh'
[0.685s] INFO:colcon.colcon_core.shell:Skip shell extension 'powershell' for command environment: Not usable outside of PowerShell
[0.685s] DEBUG:colcon.colcon_core.shell:Skip shell extension 'dsv' for command environment
[0.692s] INFO:colcon.colcon_ros.task.ament_python.build:Building ROS package in '/home/yadi/perceptron/src/perceptron_robot_description' with build type 'ament_python'
[0.692s] Level 1:colcon.colcon_core.shell:create_environment_hook('perceptron_robot_description', 'ament_prefix_path')
[0.693s] INFO:colcon.colcon_core.shell:Creating environment hook '/home/yadi/perceptron/install/perceptron_robot_description/share/perceptron_robot_description/hook/ament_prefix_path.ps1'
[0.694s] INFO:colcon.colcon_core.shell:Creating environment descriptor '/home/yadi/perceptron/install/perceptron_robot_description/share/perceptron_robot_description/hook/ament_prefix_path.dsv'
[0.694s] INFO:colcon.colcon_core.shell:Creating environment hook '/home/yadi/perceptron/install/perceptron_robot_description/share/perceptron_robot_description/hook/ament_prefix_path.sh'
[0.695s] INFO:colcon.colcon_core.shell:Skip shell extension 'powershell' for command environment: Not usable outside of PowerShell
[0.695s] DEBUG:colcon.colcon_core.shell:Skip shell extension 'dsv' for command environment
[0.701s] INFO:colcon.colcon_ros.task.ament_python.build:Building ROS package in '/home/yadi/perceptron/src/perceptron_robot_gazebo' with build type 'ament_python'
[0.701s] Level 1:colcon.colcon_core.shell:create_environment_hook('perceptron_robot_gazebo', 'ament_prefix_path')
[0.702s] INFO:colcon.colcon_core.shell:Creating environment hook '/home/yadi/perceptron/install/perceptron_robot_gazebo/share/perceptron_robot_gazebo/hook/ament_prefix_path.ps1'
[0.705s] INFO:colcon.colcon_core.shell:Creating environment descriptor '/home/yadi/perceptron/install/perceptron_robot_gazebo/share/perceptron_robot_gazebo/hook/ament_prefix_path.dsv'
[0.706s] INFO:colcon.colcon_core.shell:Creating environment hook '/home/yadi/perceptron/install/perceptron_robot_gazebo/share/perceptron_robot_gazebo/hook/ament_prefix_path.sh'
[0.707s] INFO:colcon.colcon_core.shell:Skip shell extension 'powershell' for command environment: Not usable outside of PowerShell
[0.707s] DEBUG:colcon.colcon_core.shell:Skip shell extension 'dsv' for command environment
[0.980s] INFO:colcon.colcon_core.task.python.build:Building Python package in '/home/yadi/perceptron/src/perceptron_robot_bringup'
[0.980s] INFO:colcon.colcon_core.shell:Skip shell extension 'powershell' for command environment: Not usable outside of PowerShell
[0.980s] DEBUG:colcon.colcon_core.shell:Skip shell extension 'dsv' for command environment
[1.233s] INFO:colcon.colcon_core.task.python.build:Building Python package in '/home/yadi/perceptron/src/perceptron_robot_control'
[1.233s] INFO:colcon.colcon_core.shell:Skip shell extension 'powershell' for command environment: Not usable outside of PowerShell
[1.233s] DEBUG:colcon.colcon_core.shell:Skip shell extension 'dsv' for command environment
[1.485s] INFO:colcon.colcon_core.task.python.build:Building Python package in '/home/yadi/perceptron/src/perceptron_robot_description'
[1.486s] INFO:colcon.colcon_core.shell:Skip shell extension 'powershell' for command environment: Not usable outside of PowerShell
[1.486s] DEBUG:colcon.colcon_core.shell:Skip shell extension 'dsv' for command environment
[1.728s] INFO:colcon.colcon_core.task.python.build:Building Python package in '/home/yadi/perceptron/src/perceptron_robot_gazebo'
[1.729s] INFO:colcon.colcon_core.shell:Skip shell extension 'powershell' for command environment: Not usable outside of PowerShell
[1.729s] DEBUG:colcon.colcon_core.shell:Skip shell extension 'dsv' for command environment
[2.392s] DEBUG:colcon.colcon_core.event_handler.log_command:Invoking command in '/home/yadi/perceptron/src/perceptron_robot_gazebo': PYTHONPATH=/home/yadi/perceptron/build/perceptron_robot_gazebo/prefix_override:/usr/lib/python3/dist-packages/colcon_core/task/python/colcon_distutils_commands:/home/yadi/perceptron/install/perceptron_robot_gazebo/lib/python3.10/site-packages:${PYTHONPATH} /usr/bin/python3 -W ignore:setup.py install is deprecated -W ignore:easy_install command is deprecated setup.py egg_info --egg-base ../../build/perceptron_robot_gazebo build --build-base /home/yadi/perceptron/build/perceptron_robot_gazebo/build install --record /home/yadi/perceptron/build/perceptron_robot_gazebo/install.log --single-version-externally-managed install_data
[2.403s] DEBUG:colcon.colcon_core.event_handler.log_command:Invoking command in '/home/yadi/perceptron/src/perceptron_robot_description': PYTHONPATH=/home/yadi/perceptron/build/perceptron_robot_description/prefix_override:/usr/lib/python3/dist-packages/colcon_core/task/python/colcon_distutils_commands:/home/yadi/perceptron/install/perceptron_robot_description/lib/python3.10/site-packages:${PYTHONPATH} /usr/bin/python3 -W ignore:setup.py install is deprecated -W ignore:easy_install command is deprecated setup.py egg_info --egg-base ../../build/perceptron_robot_description build --build-base /home/yadi/perceptron/build/perceptron_robot_description/build install --record /home/yadi/perceptron/build/perceptron_robot_description/install.log --single-version-externally-managed install_data
[2.408s] DEBUG:colcon.colcon_core.event_handler.log_command:Invoking command in '/home/yadi/perceptron/src/perceptron_robot_control': PYTHONPATH=/home/yadi/perceptron/build/perceptron_robot_control/prefix_override:/usr/lib/python3/dist-packages/colcon_core/task/python/colcon_distutils_commands:/home/yadi/perceptron/install/perceptron_robot_control/lib/python3.10/site-packages:${PYTHONPATH} /usr/bin/python3 -W ignore:setup.py install is deprecated -W ignore:easy_install command is deprecated setup.py egg_info --egg-base ../../build/perceptron_robot_control build --build-base /home/yadi/perceptron/build/perceptron_robot_control/build install --record /home/yadi/perceptron/build/perceptron_robot_control/install.log --single-version-externally-managed install_data
[2.412s] DEBUG:colcon.colcon_core.event_handler.log_command:Invoking command in '/home/yadi/perceptron/src/perceptron_robot_bringup': PYTHONPATH=/home/yadi/perceptron/build/perceptron_robot_bringup/prefix_override:/usr/lib/python3/dist-packages/colcon_core/task/python/colcon_distutils_commands:/home/yadi/perceptron/install/perceptron_robot_bringup/lib/python3.10/site-packages:${PYTHONPATH} /usr/bin/python3 -W ignore:setup.py install is deprecated -W ignore:easy_install command is deprecated setup.py egg_info --egg-base ../../build/perceptron_robot_bringup build --build-base /home/yadi/perceptron/build/perceptron_robot_bringup/build install --record /home/yadi/perceptron/build/perceptron_robot_bringup/install.log --single-version-externally-managed install_data
[2.786s] DEBUG:colcon.colcon_core.event_handler.log_command:Invoked command in '/home/yadi/perceptron/src/perceptron_robot_gazebo' returned '0': PYTHONPATH=/home/yadi/perceptron/build/perceptron_robot_gazebo/prefix_override:/usr/lib/python3/dist-packages/colcon_core/task/python/colcon_distutils_commands:/home/yadi/perceptron/install/perceptron_robot_gazebo/lib/python3.10/site-packages:${PYTHONPATH} /usr/bin/python3 -W ignore:setup.py install is deprecated -W ignore:easy_install command is deprecated setup.py egg_info --egg-base ../../build/perceptron_robot_gazebo build --build-base /home/yadi/perceptron/build/perceptron_robot_gazebo/build install --record /home/yadi/perceptron/build/perceptron_robot_gazebo/install.log --single-version-externally-managed install_data
[2.792s] Level 1:colcon.colcon_core.environment:checking '/home/yadi/perceptron/install/perceptron_robot_gazebo' for CMake module files
[2.793s] Level 1:colcon.colcon_core.environment:checking '/home/yadi/perceptron/install/perceptron_robot_gazebo' for CMake config files
[2.794s] Level 1:colcon.colcon_core.environment:checking '/home/yadi/perceptron/install/perceptron_robot_gazebo/lib'
[2.794s] Level 1:colcon.colcon_core.environment:checking '/home/yadi/perceptron/install/perceptron_robot_gazebo/bin'
[2.794s] Level 1:colcon.colcon_core.environment:checking '/home/yadi/perceptron/install/perceptron_robot_gazebo/lib/pkgconfig/perceptron_robot_gazebo.pc'
[2.795s] Level 1:colcon.colcon_core.environment:checking '/home/yadi/perceptron/install/perceptron_robot_gazebo/lib/python3.10/site-packages'
[2.795s] Level 1:colcon.colcon_core.shell:create_environment_hook('perceptron_robot_gazebo', 'pythonpath')
[2.795s] INFO:colcon.colcon_core.shell:Creating environment hook '/home/yadi/perceptron/install/perceptron_robot_gazebo/share/perceptron_robot_gazebo/hook/pythonpath.ps1'
[2.797s] INFO:colcon.colcon_core.shell:Creating environment descriptor '/home/yadi/perceptron/install/perceptron_robot_gazebo/share/perceptron_robot_gazebo/hook/pythonpath.dsv'
[2.798s] INFO:colcon.colcon_core.shell:Creating environment hook '/home/yadi/perceptron/install/perceptron_robot_gazebo/share/perceptron_robot_gazebo/hook/pythonpath.sh'
[2.799s] Level 1:colcon.colcon_core.environment:checking '/home/yadi/perceptron/install/perceptron_robot_gazebo/bin'
[2.800s] Level 1:colcon.colcon_core.environment:create_environment_scripts_only(perceptron_robot_gazebo)
[2.800s] INFO:colcon.colcon_core.shell:Creating package script '/home/yadi/perceptron/install/perceptron_robot_gazebo/share/perceptron_robot_gazebo/package.ps1'
[2.802s] INFO:colcon.colcon_core.shell:Creating package descriptor '/home/yadi/perceptron/install/perceptron_robot_gazebo/share/perceptron_robot_gazebo/package.dsv'
[2.803s] INFO:colcon.colcon_core.shell:Creating package script '/home/yadi/perceptron/install/perceptron_robot_gazebo/share/perceptron_robot_gazebo/package.sh'
[2.805s] INFO:colcon.colcon_core.shell:Creating package script '/home/yadi/perceptron/install/perceptron_robot_gazebo/share/perceptron_robot_gazebo/package.bash'
[2.806s] INFO:colcon.colcon_core.shell:Creating package script '/home/yadi/perceptron/install/perceptron_robot_gazebo/share/perceptron_robot_gazebo/package.zsh'
[2.808s] Level 1:colcon.colcon_core.environment:create_file_with_runtime_dependencies(/home/yadi/perceptron/install/perceptron_robot_gazebo/share/colcon-core/packages/perceptron_robot_gazebo)
[2.820s] Level 1:colcon.colcon_core.environment:checking '/home/yadi/perceptron/install/perceptron_robot_description' for CMake module files
[2.821s] DEBUG:colcon.colcon_core.event_handler.log_command:Invoked command in '/home/yadi/perceptron/src/perceptron_robot_description' returned '0': PYTHONPATH=/home/yadi/perceptron/build/perceptron_robot_description/prefix_override:/usr/lib/python3/dist-packages/colcon_core/task/python/colcon_distutils_commands:/home/yadi/perceptron/install/perceptron_robot_description/lib/python3.10/site-packages:${PYTHONPATH} /usr/bin/python3 -W ignore:setup.py install is deprecated -W ignore:easy_install command is deprecated setup.py egg_info --egg-base ../../build/perceptron_robot_description build --build-base /home/yadi/perceptron/build/perceptron_robot_description/build install --record /home/yadi/perceptron/build/perceptron_robot_description/install.log --single-version-externally-managed install_data
[2.822s] Level 1:colcon.colcon_core.environment:checking '/home/yadi/perceptron/install/perceptron_robot_description' for CMake config files
[2.823s] Level 1:colcon.colcon_core.environment:checking '/home/yadi/perceptron/install/perceptron_robot_description/lib'
[2.823s] Level 1:colcon.colcon_core.environment:checking '/home/yadi/perceptron/install/perceptron_robot_description/bin'
[2.823s] Level 1:colcon.colcon_core.environment:checking '/home/yadi/perceptron/install/perceptron_robot_description/lib/pkgconfig/perceptron_robot_description.pc'
[2.824s] Level 1:colcon.colcon_core.environment:checking '/home/yadi/perceptron/install/perceptron_robot_description/lib/python3.10/site-packages'
[2.824s] Level 1:colcon.colcon_core.shell:create_environment_hook('perceptron_robot_description', 'pythonpath')
[2.824s] INFO:colcon.colcon_core.shell:Creating environment hook '/home/yadi/perceptron/install/perceptron_robot_description/share/perceptron_robot_description/hook/pythonpath.ps1'
[2.827s] INFO:colcon.colcon_core.shell:Creating environment descriptor '/home/yadi/perceptron/install/perceptron_robot_description/share/perceptron_robot_description/hook/pythonpath.dsv'
[2.828s] INFO:colcon.colcon_core.shell:Creating environment hook '/home/yadi/perceptron/install/perceptron_robot_description/share/perceptron_robot_description/hook/pythonpath.sh'
[2.829s] Level 1:colcon.colcon_core.environment:checking '/home/yadi/perceptron/install/perceptron_robot_description/bin'
[2.829s] Level 1:colcon.colcon_core.environment:create_environment_scripts_only(perceptron_robot_description)
[2.830s] INFO:colcon.colcon_core.shell:Creating package script '/home/yadi/perceptron/install/perceptron_robot_description/share/perceptron_robot_description/package.ps1'
[2.831s] INFO:colcon.colcon_core.shell:Creating package descriptor '/home/yadi/perceptron/install/perceptron_robot_description/share/perceptron_robot_description/package.dsv'
[2.832s] INFO:colcon.colcon_core.shell:Creating package script '/home/yadi/perceptron/install/perceptron_robot_description/share/perceptron_robot_description/package.sh'
[2.834s] INFO:colcon.colcon_core.shell:Creating package script '/home/yadi/perceptron/install/perceptron_robot_description/share/perceptron_robot_description/package.bash'
[2.834s] INFO:colcon.colcon_core.shell:Creating package script '/home/yadi/perceptron/install/perceptron_robot_description/share/perceptron_robot_description/package.zsh'
[2.835s] Level 1:colcon.colcon_core.environment:create_file_with_runtime_dependencies(/home/yadi/perceptron/install/perceptron_robot_description/share/colcon-core/packages/perceptron_robot_description)
[2.861s] Level 1:colcon.colcon_core.environment:checking '/home/yadi/perceptron/install/perceptron_robot_control' for CMake module files
[2.862s] DEBUG:colcon.colcon_core.event_handler.log_command:Invoked command in '/home/yadi/perceptron/src/perceptron_robot_control' returned '0': PYTHONPATH=/home/yadi/perceptron/build/perceptron_robot_control/prefix_override:/usr/lib/python3/dist-packages/colcon_core/task/python/colcon_distutils_commands:/home/yadi/perceptron/install/perceptron_robot_control/lib/python3.10/site-packages:${PYTHONPATH} /usr/bin/python3 -W ignore:setup.py install is deprecated -W ignore:easy_install command is deprecated setup.py egg_info --egg-base ../../build/perceptron_robot_control build --build-base /home/yadi/perceptron/build/perceptron_robot_control/build install --record /home/yadi/perceptron/build/perceptron_robot_control/install.log --single-version-externally-managed install_data
[2.862s] Level 1:colcon.colcon_core.environment:checking '/home/yadi/perceptron/install/perceptron_robot_control' for CMake config files
[2.863s] Level 1:colcon.colcon_core.environment:checking '/home/yadi/perceptron/install/perceptron_robot_control/lib'
[2.863s] Level 1:colcon.colcon_core.environment:checking '/home/yadi/perceptron/install/perceptron_robot_control/bin'
[2.863s] Level 1:colcon.colcon_core.environment:checking '/home/yadi/perceptron/install/perceptron_robot_control/lib/pkgconfig/perceptron_robot_control.pc'
[2.863s] Level 1:colcon.colcon_core.environment:checking '/home/yadi/perceptron/install/perceptron_robot_control/lib/python3.10/site-packages'
[2.863s] Level 1:colcon.colcon_core.shell:create_environment_hook('perceptron_robot_control', 'pythonpath')
[2.864s] INFO:colcon.colcon_core.shell:Creating environment hook '/home/yadi/perceptron/install/perceptron_robot_control/share/perceptron_robot_control/hook/pythonpath.ps1'
[2.864s] INFO:colcon.colcon_core.shell:Creating environment descriptor '/home/yadi/perceptron/install/perceptron_robot_control/share/perceptron_robot_control/hook/pythonpath.dsv'
[2.865s] INFO:colcon.colcon_core.shell:Creating environment hook '/home/yadi/perceptron/install/perceptron_robot_control/share/perceptron_robot_control/hook/pythonpath.sh'
[2.865s] Level 1:colcon.colcon_core.environment:checking '/home/yadi/perceptron/install/perceptron_robot_control/bin'
[2.865s] Level 1:colcon.colcon_core.environment:create_environment_scripts_only(perceptron_robot_control)
[2.866s] INFO:colcon.colcon_core.shell:Creating package script '/home/yadi/perceptron/install/perceptron_robot_control/share/perceptron_robot_control/package.ps1'
[2.867s] INFO:colcon.colcon_core.shell:Creating package descriptor '/home/yadi/perceptron/install/perceptron_robot_control/share/perceptron_robot_control/package.dsv'
[2.867s] INFO:colcon.colcon_core.shell:Creating package script '/home/yadi/perceptron/install/perceptron_robot_control/share/perceptron_robot_control/package.sh'
[2.868s] INFO:colcon.colcon_core.shell:Creating package script '/home/yadi/perceptron/install/perceptron_robot_control/share/perceptron_robot_control/package.bash'
[2.868s] INFO:colcon.colcon_core.shell:Creating package script '/home/yadi/perceptron/install/perceptron_robot_control/share/perceptron_robot_control/package.zsh'
[2.868s] Level 1:colcon.colcon_core.environment:create_file_with_runtime_dependencies(/home/yadi/perceptron/install/perceptron_robot_control/share/colcon-core/packages/perceptron_robot_control)
[2.871s] Level 1:colcon.colcon_core.environment:checking '/home/yadi/perceptron/install/perceptron_robot_bringup' for CMake module files
[2.873s] DEBUG:colcon.colcon_core.event_handler.log_command:Invoked command in '/home/yadi/perceptron/src/perceptron_robot_bringup' returned '0': PYTHONPATH=/home/yadi/perceptron/build/perceptron_robot_bringup/prefix_override:/usr/lib/python3/dist-packages/colcon_core/task/python/colcon_distutils_commands:/home/yadi/perceptron/install/perceptron_robot_bringup/lib/python3.10/site-packages:${PYTHONPATH} /usr/bin/python3 -W ignore:setup.py install is deprecated -W ignore:easy_install command is deprecated setup.py egg_info --egg-base ../../build/perceptron_robot_bringup build --build-base /home/yadi/perceptron/build/perceptron_robot_bringup/build install --record /home/yadi/perceptron/build/perceptron_robot_bringup/install.log --single-version-externally-managed install_data
[2.873s] Level 1:colcon.colcon_core.environment:checking '/home/yadi/perceptron/install/perceptron_robot_bringup' for CMake config files
[2.874s] Level 1:colcon.colcon_core.environment:checking '/home/yadi/perceptron/install/perceptron_robot_bringup/lib'
[2.875s] Level 1:colcon.colcon_core.environment:checking '/home/yadi/perceptron/install/perceptron_robot_bringup/bin'
[2.875s] Level 1:colcon.colcon_core.environment:checking '/home/yadi/perceptron/install/perceptron_robot_bringup/lib/pkgconfig/perceptron_robot_bringup.pc'
[2.875s] Level 1:colcon.colcon_core.environment:checking '/home/yadi/perceptron/install/perceptron_robot_bringup/lib/python3.10/site-packages'
[2.875s] Level 1:colcon.colcon_core.shell:create_environment_hook('perceptron_robot_bringup', 'pythonpath')
[2.875s] INFO:colcon.colcon_core.shell:Creating environment hook '/home/yadi/perceptron/install/perceptron_robot_bringup/share/perceptron_robot_bringup/hook/pythonpath.ps1'
[2.876s] INFO:colcon.colcon_core.shell:Creating environment descriptor '/home/yadi/perceptron/install/perceptron_robot_bringup/share/perceptron_robot_bringup/hook/pythonpath.dsv'
[2.876s] INFO:colcon.colcon_core.shell:Creating environment hook '/home/yadi/perceptron/install/perceptron_robot_bringup/share/perceptron_robot_bringup/hook/pythonpath.sh'
[2.877s] Level 1:colcon.colcon_core.environment:checking '/home/yadi/perceptron/install/perceptron_robot_bringup/bin'
[2.877s] Level 1:colcon.colcon_core.environment:create_environment_scripts_only(perceptron_robot_bringup)
[2.878s] INFO:colcon.colcon_core.shell:Creating package script '/home/yadi/perceptron/install/perceptron_robot_bringup/share/perceptron_robot_bringup/package.ps1'
[2.878s] INFO:colcon.colcon_core.shell:Creating package descriptor '/home/yadi/perceptron/install/perceptron_robot_bringup/share/perceptron_robot_bringup/package.dsv'
[2.879s] INFO:colcon.colcon_core.shell:Creating package script '/home/yadi/perceptron/install/perceptron_robot_bringup/share/perceptron_robot_bringup/package.sh'
[2.879s] INFO:colcon.colcon_core.shell:Creating package script '/home/yadi/perceptron/install/perceptron_robot_bringup/share/perceptron_robot_bringup/package.bash'
[2.880s] INFO:colcon.colcon_core.shell:Creating package script '/home/yadi/perceptron/install/perceptron_robot_bringup/share/perceptron_robot_bringup/package.zsh'
[2.881s] Level 1:colcon.colcon_core.environment:create_file_with_runtime_dependencies(/home/yadi/perceptron/install/perceptron_robot_bringup/share/colcon-core/packages/perceptron_robot_bringup)
[2.881s] DEBUG:colcon.colcon_parallel_executor.executor.parallel:closing loop
[2.882s] DEBUG:colcon.colcon_parallel_executor.executor.parallel:loop closed
[2.884s] DEBUG:colcon.colcon_parallel_executor.executor.parallel:run_until_complete finished with '0'
[2.885s] DEBUG:colcon.colcon_core.event_reactor:joining thread
[2.953s] INFO:colcon.colcon_core.plugin_system:Skipping extension 'colcon_notification.desktop_notification.notify_send': Could not find 'notify-send'
[2.953s] INFO:colcon.colcon_core.plugin_system:Skipping extension 'colcon_notification.desktop_notification.terminal_notifier': Not used on non-Darwin systems
[2.953s] INFO:colcon.colcon_core.plugin_system:Skipping extension 'colcon_notification.desktop_notification.win32': Not used on non-Windows systems
[2.953s] INFO:colcon.colcon_notification.desktop_notification:Sending desktop notification using 'notify2'
[2.954s] DEBUG:colcon.colcon_notification.desktop_notification.notify2:Failed to initialize notify2: org.freedesktop.DBus.Error.FileNotFound: Failed to connect to socket /run/user/1000/bus: No such file or directory
[2.954s] DEBUG:colcon.colcon_core.event_reactor:joined thread
[2.954s] INFO:colcon.colcon_core.shell:Creating prefix script '/home/yadi/perceptron/install/local_setup.ps1'
[2.955s] INFO:colcon.colcon_core.shell:Creating prefix util module '/home/yadi/perceptron/install/_local_setup_util_ps1.py'
[2.957s] INFO:colcon.colcon_core.shell:Creating prefix chain script '/home/yadi/perceptron/install/setup.ps1'
[2.959s] INFO:colcon.colcon_core.shell:Creating prefix script '/home/yadi/perceptron/install/local_setup.sh'
[2.961s] INFO:colcon.colcon_core.shell:Creating prefix util module '/home/yadi/perceptron/install/_local_setup_util_sh.py'
[2.962s] INFO:colcon.colcon_core.shell:Creating prefix chain script '/home/yadi/perceptron/install/setup.sh'
[2.963s] INFO:colcon.colcon_core.shell:Creating prefix script '/home/yadi/perceptron/install/local_setup.bash'
[2.964s] INFO:colcon.colcon_core.shell:Creating prefix chain script '/home/yadi/perceptron/install/setup.bash'
[2.965s] INFO:colcon.colcon_core.shell:Creating prefix script '/home/yadi/perceptron/install/local_setup.zsh'
[2.966s] INFO:colcon.colcon_core.shell:Creating prefix chain script '/home/yadi/perceptron/install/setup.zsh'
