[1.698s] Invoking command in '/home/yadi/perceptron/src/perceptron_robot_description': PYTHONPATH=/home/yadi/perceptron/build/perceptron_robot_description/prefix_override:/usr/lib/python3/dist-packages/colcon_core/task/python/colcon_distutils_commands:/home/yadi/perceptron/install/perceptron_robot_description/lib/python3.10/site-packages:${PYTHONPATH} /usr/bin/python3 -W ignore:setup.py install is deprecated -W ignore:easy_install command is deprecated setup.py egg_info --egg-base ../../build/perceptron_robot_description build --build-base /home/yadi/perceptron/build/perceptron_robot_description/build install --record /home/yadi/perceptron/build/perceptron_robot_description/install.log --single-version-externally-managed install_data
[2.032s] running egg_info
[2.033s] creating ../../build/perceptron_robot_description/perceptron_robot_description.egg-info
[2.034s] writing ../../build/perceptron_robot_description/perceptron_robot_description.egg-info/PKG-INFO
[2.035s] writing dependency_links to ../../build/perceptron_robot_description/perceptron_robot_description.egg-info/dependency_links.txt
[2.035s] writing entry points to ../../build/perceptron_robot_description/perceptron_robot_description.egg-info/entry_points.txt
[2.035s] writing requirements to ../../build/perceptron_robot_description/perceptron_robot_description.egg-info/requires.txt
[2.035s] writing top-level names to ../../build/perceptron_robot_description/perceptron_robot_description.egg-info/top_level.txt
[2.035s] writing manifest file '../../build/perceptron_robot_description/perceptron_robot_description.egg-info/SOURCES.txt'
[2.037s] reading manifest file '../../build/perceptron_robot_description/perceptron_robot_description.egg-info/SOURCES.txt'
[2.038s] writing manifest file '../../build/perceptron_robot_description/perceptron_robot_description.egg-info/SOURCES.txt'
[2.039s] running build
[2.039s] running build_py
[2.040s] creating /home/yadi/perceptron/build/perceptron_robot_description/build
[2.040s] creating /home/yadi/perceptron/build/perceptron_robot_description/build/lib
[2.043s] creating /home/yadi/perceptron/build/perceptron_robot_description/build/lib/perceptron_robot_description
[2.044s] copying perceptron_robot_description/__init__.py -> /home/yadi/perceptron/build/perceptron_robot_description/build/lib/perceptron_robot_description
[2.046s] running install
[2.046s] running install_lib
[2.046s] creating /home/yadi/perceptron/install/perceptron_robot_description/lib/python3.10/site-packages/perceptron_robot_description
[2.050s] copying /home/yadi/perceptron/build/perceptron_robot_description/build/lib/perceptron_robot_description/__init__.py -> /home/yadi/perceptron/install/perceptron_robot_description/lib/python3.10/site-packages/perceptron_robot_description
[2.052s] byte-compiling /home/yadi/perceptron/install/perceptron_robot_description/lib/python3.10/site-packages/perceptron_robot_description/__init__.py to __init__.cpython-310.pyc
[2.052s] running install_data
[2.053s] creating /home/yadi/perceptron/install/perceptron_robot_description/share/ament_index
[2.054s] creating /home/yadi/perceptron/install/perceptron_robot_description/share/ament_index/resource_index
[2.054s] creating /home/yadi/perceptron/install/perceptron_robot_description/share/ament_index/resource_index/packages
[2.054s] copying resource/perceptron_robot_description -> /home/yadi/perceptron/install/perceptron_robot_description/share/ament_index/resource_index/packages
[2.055s] copying package.xml -> /home/yadi/perceptron/install/perceptron_robot_description/share/perceptron_robot_description
[2.055s] creating /home/yadi/perceptron/install/perceptron_robot_description/share/perceptron_robot_description/urdf
[2.057s] copying urdf/perceptron_robot.trans -> /home/yadi/perceptron/install/perceptron_robot_description/share/perceptron_robot_description/urdf
[2.058s] copying urdf/perceptron_robot.gazebo -> /home/yadi/perceptron/install/perceptron_robot_description/share/perceptron_robot_description/urdf
[2.058s] copying urdf/materials.xacro -> /home/yadi/perceptron/install/perceptron_robot_description/share/perceptron_robot_description/urdf
[2.058s] copying urdf/perceptron_robot.xacro -> /home/yadi/perceptron/install/perceptron_robot_description/share/perceptron_robot_description/urdf
[2.058s] creating /home/yadi/perceptron/install/perceptron_robot_description/share/perceptron_robot_description/launch
[2.059s] copying launch/display.launch.py -> /home/yadi/perceptron/install/perceptron_robot_description/share/perceptron_robot_description/launch
[2.059s] creating /home/yadi/perceptron/install/perceptron_robot_description/share/perceptron_robot_description/meshes
[2.059s] copying meshes/rim_1_1.stl -> /home/yadi/perceptron/install/perceptron_robot_description/share/perceptron_robot_description/meshes
[2.071s] copying meshes/rim_1_6.stl -> /home/yadi/perceptron/install/perceptron_robot_description/share/perceptron_robot_description/meshes
[2.094s] copying meshes/tyre_6.stl -> /home/yadi/perceptron/install/perceptron_robot_description/share/perceptron_robot_description/meshes
[2.113s] copying meshes/rim_1_5.stl -> /home/yadi/perceptron/install/perceptron_robot_description/share/perceptron_robot_description/meshes
[2.136s] copying meshes/base_link.stl -> /home/yadi/perceptron/install/perceptron_robot_description/share/perceptron_robot_description/meshes
[2.139s] copying meshes/tyre_5.stl -> /home/yadi/perceptron/install/perceptron_robot_description/share/perceptron_robot_description/meshes
[2.155s] copying meshes/tyre_1.stl -> /home/yadi/perceptron/install/perceptron_robot_description/share/perceptron_robot_description/meshes
[2.158s] copying meshes/rim_1_7.stl -> /home/yadi/perceptron/install/perceptron_robot_description/share/perceptron_robot_description/meshes
[2.175s] copying meshes/tyre_7.stl -> /home/yadi/perceptron/install/perceptron_robot_description/share/perceptron_robot_description/meshes
[2.187s] running install_egg_info
[2.190s] Copying ../../build/perceptron_robot_description/perceptron_robot_description.egg-info to /home/yadi/perceptron/install/perceptron_robot_description/lib/python3.10/site-packages/perceptron_robot_description-0.0.0-py3.10.egg-info
[2.194s] running install_scripts
[2.217s] writing list of installed files to '/home/yadi/perceptron/build/perceptron_robot_description/install.log'
[2.246s] Invoked command in '/home/yadi/perceptron/src/perceptron_robot_description' returned '0': PYTHONPATH=/home/yadi/perceptron/build/perceptron_robot_description/prefix_override:/usr/lib/python3/dist-packages/colcon_core/task/python/colcon_distutils_commands:/home/yadi/perceptron/install/perceptron_robot_description/lib/python3.10/site-packages:${PYTHONPATH} /usr/bin/python3 -W ignore:setup.py install is deprecated -W ignore:easy_install command is deprecated setup.py egg_info --egg-base ../../build/perceptron_robot_description build --build-base /home/yadi/perceptron/build/perceptron_robot_description/build install --record /home/yadi/perceptron/build/perceptron_robot_description/install.log --single-version-externally-managed install_data
