/home/yadi/perceptron/install/perceptron_robot_description/lib/python3.10/site-packages/perceptron_robot_description/__init__.py
/home/yadi/perceptron/install/perceptron_robot_description/lib/python3.10/site-packages/perceptron_robot_description/__pycache__/__init__.cpython-310.pyc
/home/yadi/perceptron/install/perceptron_robot_description/share/ament_index/resource_index/packages/perceptron_robot_description
/home/yadi/perceptron/install/perceptron_robot_description/share/perceptron_robot_description/package.xml
/home/yadi/perceptron/install/perceptron_robot_description/share/perceptron_robot_description/urdf/perceptron_robot.trans
/home/yadi/perceptron/install/perceptron_robot_description/share/perceptron_robot_description/urdf/perceptron_robot.gazebo
/home/yadi/perceptron/install/perceptron_robot_description/share/perceptron_robot_description/urdf/materials.xacro
/home/yadi/perceptron/install/perceptron_robot_description/share/perceptron_robot_description/urdf/perceptron_robot.xacro
/home/yadi/perceptron/install/perceptron_robot_description/share/perceptron_robot_description/launch/display.launch.py
/home/yadi/perceptron/install/perceptron_robot_description/share/perceptron_robot_description/meshes/rim_1_1.stl
/home/yadi/perceptron/install/perceptron_robot_description/share/perceptron_robot_description/meshes/rim_1_6.stl
/home/yadi/perceptron/install/perceptron_robot_description/share/perceptron_robot_description/meshes/tyre_6.stl
/home/yadi/perceptron/install/perceptron_robot_description/share/perceptron_robot_description/meshes/rim_1_5.stl
/home/yadi/perceptron/install/perceptron_robot_description/share/perceptron_robot_description/meshes/base_link.stl
/home/yadi/perceptron/install/perceptron_robot_description/share/perceptron_robot_description/meshes/tyre_5.stl
/home/yadi/perceptron/install/perceptron_robot_description/share/perceptron_robot_description/meshes/tyre_1.stl
/home/yadi/perceptron/install/perceptron_robot_description/share/perceptron_robot_description/meshes/rim_1_7.stl
/home/yadi/perceptron/install/perceptron_robot_description/share/perceptron_robot_description/meshes/tyre_7.stl
/home/yadi/perceptron/install/perceptron_robot_description/lib/python3.10/site-packages/perceptron_robot_description-0.0.0-py3.10.egg-info/zip-safe
/home/yadi/perceptron/install/perceptron_robot_description/lib/python3.10/site-packages/perceptron_robot_description-0.0.0-py3.10.egg-info/top_level.txt
/home/yadi/perceptron/install/perceptron_robot_description/lib/python3.10/site-packages/perceptron_robot_description-0.0.0-py3.10.egg-info/dependency_links.txt
/home/yadi/perceptron/install/perceptron_robot_description/lib/python3.10/site-packages/perceptron_robot_description-0.0.0-py3.10.egg-info/entry_points.txt
/home/yadi/perceptron/install/perceptron_robot_description/lib/python3.10/site-packages/perceptron_robot_description-0.0.0-py3.10.egg-info/PKG-INFO
/home/yadi/perceptron/install/perceptron_robot_description/lib/python3.10/site-packages/perceptron_robot_description-0.0.0-py3.10.egg-info/requires.txt
/home/yadi/perceptron/install/perceptron_robot_description/lib/python3.10/site-packages/perceptron_robot_description-0.0.0-py3.10.egg-info/SOURCES.txt
