-- The C compiler identification is GNU 11.4.0
-- The CXX compiler identification is GNU 11.4.0
-- Detecting C compiler ABI info
-- Detecting C compiler ABI info - done
-- Check for working C compiler: /usr/bin/cc - skipped
-- Detecting C compile features
-- Detecting C compile features - done
-- Detecting CXX compiler ABI info
-- Detecting CXX compiler ABI info - done
-- Check for working CXX compiler: /usr/bin/c++ - skipped
-- Detecting CXX compile features
-- Detecting CXX compile features - done
-- Found ament_cmake: 1.3.12 (/opt/ros/humble/share/ament_cmake/cmake)
-- Found Python3: /usr/bin/python3 (found version "3.10.12") found components: Interpreter 
-- Override CMake install command with custom implementation using symlinks instead of copying resources
-- Found hardware_interface: 2.51.0 (/opt/ros/humble/share/hardware_interface/cmake)
-- Found rosidl_generator_c: 3.1.7 (/opt/ros/humble/share/rosidl_generator_c/cmake)
-- Found rosidl_adapter: 3.1.7 (/opt/ros/humble/share/rosidl_adapter/cmake)
-- Found rosidl_generator_cpp: 3.1.7 (/opt/ros/humble/share/rosidl_generator_cpp/cmake)
-- Using all available rosidl_typesupport_c: rosidl_typesupport_fastrtps_c;rosidl_typesupport_introspection_c
-- Using all available rosidl_typesupport_cpp: rosidl_typesupport_fastrtps_cpp;rosidl_typesupport_introspection_cpp
-- Found rmw_implementation_cmake: 6.1.2 (/opt/ros/humble/share/rmw_implementation_cmake/cmake)
-- Found rmw_fastrtps_cpp: 6.2.8 (/opt/ros/humble/share/rmw_fastrtps_cpp/cmake)
-- Found TinyXML2 via Config file: TinyXML2_DIR-NOTFOUND
-- Found OpenSSL: /usr/lib/aarch64-linux-gnu/libcrypto.so (found version "3.0.2")  
-- Found TinyXML2 via Config file: TinyXML2_DIR-NOTFOUND
-- Found FastRTPS: /opt/ros/humble/include  
-- Found TinyXML2 via Config file: TinyXML2_DIR-NOTFOUND
-- Found TinyXML2 via Config file: TinyXML2_DIR-NOTFOUND
-- Using RMW implementation 'rmw_fastrtps_cpp' as default
-- Looking for pthread.h
-- Looking for pthread.h - found
-- Performing Test CMAKE_HAVE_LIBC_PTHREAD
-- Performing Test CMAKE_HAVE_LIBC_PTHREAD - Success
-- Found Threads: TRUE  
-- Found ament_lint_auto: 0.12.14 (/opt/ros/humble/share/ament_lint_auto/cmake)
-- Added test 'lint_cmake' to check CMake code style
-- Added test 'xmllint' to check XML markup files
-- Configuring done
-- Generating done
-- Build files have been written to: /ros2_ws/perceptron/build/perceptron_robot_hardware
-- Install configuration: ""
-- Execute custom install script
-- Symlinking: /ros2_ws/perceptron/install/perceptron_robot_hardware/share/ament_index/resource_index/package_run_dependencies/perceptron_robot_hardware
-- Symlinking: /ros2_ws/perceptron/install/perceptron_robot_hardware/share/ament_index/resource_index/parent_prefix_path/perceptron_robot_hardware
-- Symlinking: /ros2_ws/perceptron/install/perceptron_robot_hardware/share/perceptron_robot_hardware/environment/ament_prefix_path.sh
-- Symlinking: /ros2_ws/perceptron/install/perceptron_robot_hardware/share/perceptron_robot_hardware/environment/ament_prefix_path.dsv
-- Symlinking: /ros2_ws/perceptron/install/perceptron_robot_hardware/share/perceptron_robot_hardware/environment/path.sh
-- Symlinking: /ros2_ws/perceptron/install/perceptron_robot_hardware/share/perceptron_robot_hardware/environment/path.dsv
-- Symlinking: /ros2_ws/perceptron/install/perceptron_robot_hardware/share/perceptron_robot_hardware/local_setup.bash
-- Symlinking: /ros2_ws/perceptron/install/perceptron_robot_hardware/share/perceptron_robot_hardware/local_setup.sh
-- Symlinking: /ros2_ws/perceptron/install/perceptron_robot_hardware/share/perceptron_robot_hardware/local_setup.zsh
-- Symlinking: /ros2_ws/perceptron/install/perceptron_robot_hardware/share/perceptron_robot_hardware/local_setup.dsv
-- Symlinking: /ros2_ws/perceptron/install/perceptron_robot_hardware/share/perceptron_robot_hardware/package.dsv
-- Symlinking: /ros2_ws/perceptron/install/perceptron_robot_hardware/share/ament_index/resource_index/packages/perceptron_robot_hardware
-- Symlinking: /ros2_ws/perceptron/install/perceptron_robot_hardware/share/perceptron_robot_hardware/cmake/perceptron_robot_hardwareConfig.cmake
-- Symlinking: /ros2_ws/perceptron/install/perceptron_robot_hardware/share/perceptron_robot_hardware/cmake/perceptron_robot_hardwareConfig-version.cmake
-- Symlinking: /ros2_ws/perceptron/install/perceptron_robot_hardware/share/perceptron_robot_hardware/package.xml
