[1.054s] Invoking command in '/ros2_ws/perceptron/build/perceptron_robot_hardware': CMAKE_PREFIX_PATH=${CMAKE_PREFIX_PATH}:/ros2_ws/perceptron/install/perceptron_robot_description:/opt/ros/humble /usr/bin/cmake /ros2_ws/perceptron/src/perceptron_robot_hardware -DAMENT_CMAKE_SYMLINK_INSTALL=1 -DCMAKE_INSTALL_PREFIX=/ros2_ws/perceptron/install/perceptron_robot_hardware
[1.386s] -- The C compiler identification is GNU 11.4.0
[1.638s] -- The CXX compiler identification is GNU 11.4.0
[1.662s] -- Detecting C compiler ABI info
[1.892s] -- Detecting C compiler ABI info - done
[1.925s] -- Check for working C compiler: /usr/bin/cc - skipped
[1.926s] -- Detecting C compile features
[1.927s] -- Detecting C compile features - done
[1.939s] -- Detecting CXX compiler ABI info
[2.211s] -- Detecting CXX compiler ABI info - done
[2.245s] -- Check for working CXX compiler: /usr/bin/c++ - skipped
[2.246s] -- Detecting CXX compile features
[2.248s] -- Detecting CXX compile features - done
[2.264s] -- Found ament_cmake: 1.3.12 (/opt/ros/humble/share/ament_cmake/cmake)
[2.920s] -- Found Python3: /usr/bin/python3 (found version "3.10.12") found components: Interpreter 
[3.206s] -- Override CMake install command with custom implementation using symlinks instead of copying resources
[3.371s] -- Found hardware_interface: 2.51.0 (/opt/ros/humble/share/hardware_interface/cmake)
[3.619s] -- Found rosidl_generator_c: 3.1.7 (/opt/ros/humble/share/rosidl_generator_c/cmake)
[3.654s] -- Found rosidl_adapter: 3.1.7 (/opt/ros/humble/share/rosidl_adapter/cmake)
[3.714s] -- Found rosidl_generator_cpp: 3.1.7 (/opt/ros/humble/share/rosidl_generator_cpp/cmake)
[3.795s] -- Using all available rosidl_typesupport_c: rosidl_typesupport_fastrtps_c;rosidl_typesupport_introspection_c
[3.896s] -- Using all available rosidl_typesupport_cpp: rosidl_typesupport_fastrtps_cpp;rosidl_typesupport_introspection_cpp
[5.148s] -- Found rmw_implementation_cmake: 6.1.2 (/opt/ros/humble/share/rmw_implementation_cmake/cmake)
[5.169s] -- Found rmw_fastrtps_cpp: 6.2.8 (/opt/ros/humble/share/rmw_fastrtps_cpp/cmake)
[5.348s] -- Found TinyXML2 via Config file: TinyXML2_DIR-NOTFOUND
[5.523s] -- Found OpenSSL: /usr/lib/aarch64-linux-gnu/libcrypto.so (found version "3.0.2")  
[5.539s] -- Found TinyXML2 via Config file: TinyXML2_DIR-NOTFOUND
[5.584s] -- Found FastRTPS: /opt/ros/humble/include  
[5.600s] -- Found TinyXML2 via Config file: TinyXML2_DIR-NOTFOUND
[5.627s] -- Found TinyXML2 via Config file: TinyXML2_DIR-NOTFOUND
[5.658s] -- Using RMW implementation 'rmw_fastrtps_cpp' as default
[5.721s] -- Looking for pthread.h
[6.019s] -- Looking for pthread.h - found
[6.020s] -- Performing Test CMAKE_HAVE_LIBC_PTHREAD
[6.258s] -- Performing Test CMAKE_HAVE_LIBC_PTHREAD - Success
[6.261s] -- Found Threads: TRUE  
[6.561s] -- Found ament_lint_auto: 0.12.14 (/opt/ros/humble/share/ament_lint_auto/cmake)
[6.971s] -- Added test 'lint_cmake' to check CMake code style
[6.978s] -- Added test 'xmllint' to check XML markup files
[6.991s] -- Configuring done
[7.018s] -- Generating done
[7.027s] -- Build files have been written to: /ros2_ws/perceptron/build/perceptron_robot_hardware
[7.064s] Invoked command in '/ros2_ws/perceptron/build/perceptron_robot_hardware' returned '0': CMAKE_PREFIX_PATH=${CMAKE_PREFIX_PATH}:/ros2_ws/perceptron/install/perceptron_robot_description:/opt/ros/humble /usr/bin/cmake /ros2_ws/perceptron/src/perceptron_robot_hardware -DAMENT_CMAKE_SYMLINK_INSTALL=1 -DCMAKE_INSTALL_PREFIX=/ros2_ws/perceptron/install/perceptron_robot_hardware
[7.070s] Invoking command in '/ros2_ws/perceptron/build/perceptron_robot_hardware': CMAKE_PREFIX_PATH=${CMAKE_PREFIX_PATH}:/ros2_ws/perceptron/install/perceptron_robot_description:/opt/ros/humble /usr/bin/cmake --build /ros2_ws/perceptron/build/perceptron_robot_hardware -- -j4 -l4
[7.201s] Invoked command in '/ros2_ws/perceptron/build/perceptron_robot_hardware' returned '0': CMAKE_PREFIX_PATH=${CMAKE_PREFIX_PATH}:/ros2_ws/perceptron/install/perceptron_robot_description:/opt/ros/humble /usr/bin/cmake --build /ros2_ws/perceptron/build/perceptron_robot_hardware -- -j4 -l4
[7.232s] Invoking command in '/ros2_ws/perceptron/build/perceptron_robot_hardware': CMAKE_PREFIX_PATH=${CMAKE_PREFIX_PATH}:/ros2_ws/perceptron/install/perceptron_robot_description:/opt/ros/humble /usr/bin/cmake --install /ros2_ws/perceptron/build/perceptron_robot_hardware
[7.253s] -- Install configuration: ""
[7.255s] -- Execute custom install script
[7.256s] -- Symlinking: /ros2_ws/perceptron/install/perceptron_robot_hardware/share/ament_index/resource_index/package_run_dependencies/perceptron_robot_hardware
[7.284s] -- Symlinking: /ros2_ws/perceptron/install/perceptron_robot_hardware/share/ament_index/resource_index/parent_prefix_path/perceptron_robot_hardware
[7.310s] -- Symlinking: /ros2_ws/perceptron/install/perceptron_robot_hardware/share/perceptron_robot_hardware/environment/ament_prefix_path.sh
[7.335s] -- Symlinking: /ros2_ws/perceptron/install/perceptron_robot_hardware/share/perceptron_robot_hardware/environment/ament_prefix_path.dsv
[7.361s] -- Symlinking: /ros2_ws/perceptron/install/perceptron_robot_hardware/share/perceptron_robot_hardware/environment/path.sh
[7.386s] -- Symlinking: /ros2_ws/perceptron/install/perceptron_robot_hardware/share/perceptron_robot_hardware/environment/path.dsv
[7.412s] -- Symlinking: /ros2_ws/perceptron/install/perceptron_robot_hardware/share/perceptron_robot_hardware/local_setup.bash
[7.438s] -- Symlinking: /ros2_ws/perceptron/install/perceptron_robot_hardware/share/perceptron_robot_hardware/local_setup.sh
[7.464s] -- Symlinking: /ros2_ws/perceptron/install/perceptron_robot_hardware/share/perceptron_robot_hardware/local_setup.zsh
[7.490s] -- Symlinking: /ros2_ws/perceptron/install/perceptron_robot_hardware/share/perceptron_robot_hardware/local_setup.dsv
[7.515s] -- Symlinking: /ros2_ws/perceptron/install/perceptron_robot_hardware/share/perceptron_robot_hardware/package.dsv
[7.541s] -- Symlinking: /ros2_ws/perceptron/install/perceptron_robot_hardware/share/ament_index/resource_index/packages/perceptron_robot_hardware
[7.567s] -- Symlinking: /ros2_ws/perceptron/install/perceptron_robot_hardware/share/perceptron_robot_hardware/cmake/perceptron_robot_hardwareConfig.cmake
[7.592s] -- Symlinking: /ros2_ws/perceptron/install/perceptron_robot_hardware/share/perceptron_robot_hardware/cmake/perceptron_robot_hardwareConfig-version.cmake
[7.618s] -- Symlinking: /ros2_ws/perceptron/install/perceptron_robot_hardware/share/perceptron_robot_hardware/package.xml
[7.651s] Invoked command in '/ros2_ws/perceptron/build/perceptron_robot_hardware' returned '0': CMAKE_PREFIX_PATH=${CMAKE_PREFIX_PATH}:/ros2_ws/perceptron/install/perceptron_robot_description:/opt/ros/humble /usr/bin/cmake --install /ros2_ws/perceptron/build/perceptron_robot_hardware
