[1.690s] Invoking command in '/home/yadi/perceptron/src/perceptron_robot_gazebo': PYTHONPATH=/home/yadi/perceptron/build/perceptron_robot_gazebo/prefix_override:/usr/lib/python3/dist-packages/colcon_core/task/python/colcon_distutils_commands:/home/yadi/perceptron/install/perceptron_robot_gazebo/lib/python3.10/site-packages:${PYTHONPATH} /usr/bin/python3 -W ignore:setup.py install is deprecated -W ignore:easy_install command is deprecated setup.py egg_info --egg-base ../../build/perceptron_robot_gazebo build --build-base /home/yadi/perceptron/build/perceptron_robot_gazebo/build install --record /home/yadi/perceptron/build/perceptron_robot_gazebo/install.log --single-version-externally-managed install_data
[1.967s] running egg_info
[1.969s] writing ../../build/perceptron_robot_gazebo/perceptron_robot_gazebo.egg-info/PKG-INFO
[1.970s] writing dependency_links to ../../build/perceptron_robot_gazebo/perceptron_robot_gazebo.egg-info/dependency_links.txt
[1.971s] writing entry points to ../../build/perceptron_robot_gazebo/perceptron_robot_gazebo.egg-info/entry_points.txt
[1.972s] writing requirements to ../../build/perceptron_robot_gazebo/perceptron_robot_gazebo.egg-info/requires.txt
[1.973s] writing top-level names to ../../build/perceptron_robot_gazebo/perceptron_robot_gazebo.egg-info/top_level.txt
[1.976s] reading manifest file '../../build/perceptron_robot_gazebo/perceptron_robot_gazebo.egg-info/SOURCES.txt'
[1.978s] writing manifest file '../../build/perceptron_robot_gazebo/perceptron_robot_gazebo.egg-info/SOURCES.txt'
[1.978s] running build
[1.978s] running build_py
[1.978s] running install
[1.979s] running install_lib
[1.982s] running install_data
[1.983s] running install_egg_info
[1.985s] removing '/home/yadi/perceptron/install/perceptron_robot_gazebo/lib/python3.10/site-packages/perceptron_robot_gazebo-0.0.0-py3.10.egg-info' (and everything under it)
[1.988s] Copying ../../build/perceptron_robot_gazebo/perceptron_robot_gazebo.egg-info to /home/yadi/perceptron/install/perceptron_robot_gazebo/lib/python3.10/site-packages/perceptron_robot_gazebo-0.0.0-py3.10.egg-info
[1.992s] running install_scripts
[2.025s] writing list of installed files to '/home/yadi/perceptron/build/perceptron_robot_gazebo/install.log'
[2.084s] Invoked command in '/home/yadi/perceptron/src/perceptron_robot_gazebo' returned '0': PYTHONPATH=/home/yadi/perceptron/build/perceptron_robot_gazebo/prefix_override:/usr/lib/python3/dist-packages/colcon_core/task/python/colcon_distutils_commands:/home/yadi/perceptron/install/perceptron_robot_gazebo/lib/python3.10/site-packages:${PYTHONPATH} /usr/bin/python3 -W ignore:setup.py install is deprecated -W ignore:easy_install command is deprecated setup.py egg_info --egg-base ../../build/perceptron_robot_gazebo build --build-base /home/yadi/perceptron/build/perceptron_robot_gazebo/build install --record /home/yadi/perceptron/build/perceptron_robot_gazebo/install.log --single-version-externally-managed install_data
