[1.909s] Invoking command in '/home/yadi/perceptron/src/perceptron_robot_gazebo': PYTHONPATH=/home/yadi/perceptron/build/perceptron_robot_gazebo/prefix_override:/usr/lib/python3/dist-packages/colcon_core/task/python/colcon_distutils_commands:/home/yadi/perceptron/install/perceptron_robot_gazebo/lib/python3.10/site-packages:${PYTHONPATH} /usr/bin/python3 -W ignore:setup.py install is deprecated -W ignore:easy_install command is deprecated setup.py egg_info --egg-base ../../build/perceptron_robot_gazebo build --build-base /home/yadi/perceptron/build/perceptron_robot_gazebo/build install --record /home/yadi/perceptron/build/perceptron_robot_gazebo/install.log --single-version-externally-managed install_data
[2.276s] running egg_info
[2.277s] creating ../../build/perceptron_robot_gazebo/perceptron_robot_gazebo.egg-info
[2.282s] writing ../../build/perceptron_robot_gazebo/perceptron_robot_gazebo.egg-info/PKG-INFO
[2.282s] writing dependency_links to ../../build/perceptron_robot_gazebo/perceptron_robot_gazebo.egg-info/dependency_links.txt
[2.282s] writing entry points to ../../build/perceptron_robot_gazebo/perceptron_robot_gazebo.egg-info/entry_points.txt
[2.282s] writing requirements to ../../build/perceptron_robot_gazebo/perceptron_robot_gazebo.egg-info/requires.txt
[2.282s] writing top-level names to ../../build/perceptron_robot_gazebo/perceptron_robot_gazebo.egg-info/top_level.txt
[2.283s] writing manifest file '../../build/perceptron_robot_gazebo/perceptron_robot_gazebo.egg-info/SOURCES.txt'
[2.284s] reading manifest file '../../build/perceptron_robot_gazebo/perceptron_robot_gazebo.egg-info/SOURCES.txt'
[2.286s] writing manifest file '../../build/perceptron_robot_gazebo/perceptron_robot_gazebo.egg-info/SOURCES.txt'
[2.286s] running build
[2.287s] running build_py
[2.287s] creating /home/yadi/perceptron/build/perceptron_robot_gazebo/build
[2.289s] creating /home/yadi/perceptron/build/perceptron_robot_gazebo/build/lib
[2.291s] creating /home/yadi/perceptron/build/perceptron_robot_gazebo/build/lib/perceptron_robot_gazebo
[2.292s] copying perceptron_robot_gazebo/__init__.py -> /home/yadi/perceptron/build/perceptron_robot_gazebo/build/lib/perceptron_robot_gazebo
[2.293s] running install
[2.293s] running install_lib
[2.298s] creating /home/yadi/perceptron/install/perceptron_robot_gazebo/lib/python3.10/site-packages/perceptron_robot_gazebo
[2.301s] copying /home/yadi/perceptron/build/perceptron_robot_gazebo/build/lib/perceptron_robot_gazebo/__init__.py -> /home/yadi/perceptron/install/perceptron_robot_gazebo/lib/python3.10/site-packages/perceptron_robot_gazebo
[2.302s] byte-compiling /home/yadi/perceptron/install/perceptron_robot_gazebo/lib/python3.10/site-packages/perceptron_robot_gazebo/__init__.py to __init__.cpython-310.pyc
[2.304s] running install_data
[2.305s] creating /home/yadi/perceptron/install/perceptron_robot_gazebo/share/ament_index
[2.305s] creating /home/yadi/perceptron/install/perceptron_robot_gazebo/share/ament_index/resource_index
[2.306s] creating /home/yadi/perceptron/install/perceptron_robot_gazebo/share/ament_index/resource_index/packages
[2.307s] copying resource/perceptron_robot_gazebo -> /home/yadi/perceptron/install/perceptron_robot_gazebo/share/ament_index/resource_index/packages
[2.308s] copying package.xml -> /home/yadi/perceptron/install/perceptron_robot_gazebo/share/perceptron_robot_gazebo
[2.308s] creating /home/yadi/perceptron/install/perceptron_robot_gazebo/share/perceptron_robot_gazebo/launch
[2.308s] copying launch/gazebo.launch.py -> /home/yadi/perceptron/install/perceptron_robot_gazebo/share/perceptron_robot_gazebo/launch
[2.309s] running install_egg_info
[2.311s] Copying ../../build/perceptron_robot_gazebo/perceptron_robot_gazebo.egg-info to /home/yadi/perceptron/install/perceptron_robot_gazebo/lib/python3.10/site-packages/perceptron_robot_gazebo-0.0.0-py3.10.egg-info
[2.314s] running install_scripts
[2.359s] writing list of installed files to '/home/yadi/perceptron/build/perceptron_robot_gazebo/install.log'
[2.435s] Invoked command in '/home/yadi/perceptron/src/perceptron_robot_gazebo' returned '0': PYTHONPATH=/home/yadi/perceptron/build/perceptron_robot_gazebo/prefix_override:/usr/lib/python3/dist-packages/colcon_core/task/python/colcon_distutils_commands:/home/yadi/perceptron/install/perceptron_robot_gazebo/lib/python3.10/site-packages:${PYTHONPATH} /usr/bin/python3 -W ignore:setup.py install is deprecated -W ignore:easy_install command is deprecated setup.py egg_info --egg-base ../../build/perceptron_robot_gazebo build --build-base /home/yadi/perceptron/build/perceptron_robot_gazebo/build install --record /home/yadi/perceptron/build/perceptron_robot_gazebo/install.log --single-version-externally-managed install_data
