[1.738s] Invoking command in '/home/yadi/perceptron/src/perceptron_robot_bringup': PYTHONPATH=/home/yadi/perceptron/build/perceptron_robot_bringup/prefix_override:/usr/lib/python3/dist-packages/colcon_core/task/python/colcon_distutils_commands:/home/yadi/perceptron/install/perceptron_robot_bringup/lib/python3.10/site-packages:${PYTHONPATH} /usr/bin/python3 -W ignore:setup.py install is deprecated -W ignore:easy_install command is deprecated setup.py egg_info --egg-base ../../build/perceptron_robot_bringup build --build-base /home/yadi/perceptron/build/perceptron_robot_bringup/build install --record /home/yadi/perceptron/build/perceptron_robot_bringup/install.log --single-version-externally-managed install_data
[2.066s] running egg_info
[2.067s] creating ../../build/perceptron_robot_bringup/perceptron_robot_bringup.egg-info
[2.067s] writing ../../build/perceptron_robot_bringup/perceptron_robot_bringup.egg-info/PKG-INFO
[2.068s] writing dependency_links to ../../build/perceptron_robot_bringup/perceptron_robot_bringup.egg-info/dependency_links.txt
[2.069s] writing entry points to ../../build/perceptron_robot_bringup/perceptron_robot_bringup.egg-info/entry_points.txt
[2.069s] writing requirements to ../../build/perceptron_robot_bringup/perceptron_robot_bringup.egg-info/requires.txt
[2.069s] writing top-level names to ../../build/perceptron_robot_bringup/perceptron_robot_bringup.egg-info/top_level.txt
[2.070s] writing manifest file '../../build/perceptron_robot_bringup/perceptron_robot_bringup.egg-info/SOURCES.txt'
[2.070s] reading manifest file '../../build/perceptron_robot_bringup/perceptron_robot_bringup.egg-info/SOURCES.txt'
[2.072s] writing manifest file '../../build/perceptron_robot_bringup/perceptron_robot_bringup.egg-info/SOURCES.txt'
[2.072s] running build
[2.073s] running build_py
[2.073s] creating /home/yadi/perceptron/build/perceptron_robot_bringup/build
[2.081s] creating /home/yadi/perceptron/build/perceptron_robot_bringup/build/lib
[2.081s] creating /home/yadi/perceptron/build/perceptron_robot_bringup/build/lib/perceptron_robot_bringup
[2.082s] copying perceptron_robot_bringup/__init__.py -> /home/yadi/perceptron/build/perceptron_robot_bringup/build/lib/perceptron_robot_bringup
[2.082s] running install
[2.082s] running install_lib
[2.082s] creating /home/yadi/perceptron/install/perceptron_robot_bringup/lib/python3.10/site-packages/perceptron_robot_bringup
[2.083s] copying /home/yadi/perceptron/build/perceptron_robot_bringup/build/lib/perceptron_robot_bringup/__init__.py -> /home/yadi/perceptron/install/perceptron_robot_bringup/lib/python3.10/site-packages/perceptron_robot_bringup
[2.083s] byte-compiling /home/yadi/perceptron/install/perceptron_robot_bringup/lib/python3.10/site-packages/perceptron_robot_bringup/__init__.py to __init__.cpython-310.pyc
[2.083s] running install_data
[2.084s] creating /home/yadi/perceptron/install/perceptron_robot_bringup/share/ament_index
[2.084s] creating /home/yadi/perceptron/install/perceptron_robot_bringup/share/ament_index/resource_index
[2.084s] creating /home/yadi/perceptron/install/perceptron_robot_bringup/share/ament_index/resource_index/packages
[2.084s] copying resource/perceptron_robot_bringup -> /home/yadi/perceptron/install/perceptron_robot_bringup/share/ament_index/resource_index/packages
[2.084s] copying package.xml -> /home/yadi/perceptron/install/perceptron_robot_bringup/share/perceptron_robot_bringup
[2.084s] creating /home/yadi/perceptron/install/perceptron_robot_bringup/share/perceptron_robot_bringup/launch
[2.084s] copying launch/rviz_control.launch.py -> /home/yadi/perceptron/install/perceptron_robot_bringup/share/perceptron_robot_bringup/launch
[2.084s] running install_egg_info
[2.086s] Copying ../../build/perceptron_robot_bringup/perceptron_robot_bringup.egg-info to /home/yadi/perceptron/install/perceptron_robot_bringup/lib/python3.10/site-packages/perceptron_robot_bringup-0.0.0-py3.10.egg-info
[2.086s] running install_scripts
[2.114s] writing list of installed files to '/home/yadi/perceptron/build/perceptron_robot_bringup/install.log'
[2.196s] Invoked command in '/home/yadi/perceptron/src/perceptron_robot_bringup' returned '0': PYTHONPATH=/home/yadi/perceptron/build/perceptron_robot_bringup/prefix_override:/usr/lib/python3/dist-packages/colcon_core/task/python/colcon_distutils_commands:/home/yadi/perceptron/install/perceptron_robot_bringup/lib/python3.10/site-packages:${PYTHONPATH} /usr/bin/python3 -W ignore:setup.py install is deprecated -W ignore:easy_install command is deprecated setup.py egg_info --egg-base ../../build/perceptron_robot_bringup build --build-base /home/yadi/perceptron/build/perceptron_robot_bringup/build install --record /home/yadi/perceptron/build/perceptron_robot_bringup/install.log --single-version-externally-managed install_data
