[1.752s] Invoking command in '/home/yadi/perceptron/src/perceptron_robot_bringup': PYTHONPATH=/home/yadi/perceptron/build/perceptron_robot_bringup/prefix_override:/usr/lib/python3/dist-packages/colcon_core/task/python/colcon_distutils_commands:/home/yadi/perceptron/install/perceptron_robot_bringup/lib/python3.10/site-packages:${PYTHONPATH} /usr/bin/python3 -W ignore:setup.py install is deprecated -W ignore:easy_install command is deprecated setup.py egg_info --egg-base ../../build/perceptron_robot_bringup build --build-base /home/yadi/perceptron/build/perceptron_robot_bringup/build install --record /home/yadi/perceptron/build/perceptron_robot_bringup/install.log --single-version-externally-managed install_data
[2.329s] running egg_info
[2.331s] creating ../../build/perceptron_robot_bringup/perceptron_robot_bringup.egg-info
[2.332s] writing ../../build/perceptron_robot_bringup/perceptron_robot_bringup.egg-info/PKG-INFO
[2.333s] writing dependency_links to ../../build/perceptron_robot_bringup/perceptron_robot_bringup.egg-info/dependency_links.txt
[2.333s] writing entry points to ../../build/perceptron_robot_bringup/perceptron_robot_bringup.egg-info/entry_points.txt
[2.333s] writing requirements to ../../build/perceptron_robot_bringup/perceptron_robot_bringup.egg-info/requires.txt
[2.333s] writing top-level names to ../../build/perceptron_robot_bringup/perceptron_robot_bringup.egg-info/top_level.txt
[2.334s] writing manifest file '../../build/perceptron_robot_bringup/perceptron_robot_bringup.egg-info/SOURCES.txt'
[2.338s] reading manifest file '../../build/perceptron_robot_bringup/perceptron_robot_bringup.egg-info/SOURCES.txt'
[2.339s] writing manifest file '../../build/perceptron_robot_bringup/perceptron_robot_bringup.egg-info/SOURCES.txt'
[2.340s] running build
[2.340s] running build_py
[2.340s] creating /home/yadi/perceptron/build/perceptron_robot_bringup/build
[2.340s] creating /home/yadi/perceptron/build/perceptron_robot_bringup/build/lib
[2.341s] creating /home/yadi/perceptron/build/perceptron_robot_bringup/build/lib/perceptron_robot_bringup
[2.342s] copying perceptron_robot_bringup/__init__.py -> /home/yadi/perceptron/build/perceptron_robot_bringup/build/lib/perceptron_robot_bringup
[2.342s] running install
[2.343s] running install_lib
[2.350s] creating /home/yadi/perceptron/install/perceptron_robot_bringup/lib/python3.10/site-packages/perceptron_robot_bringup
[2.351s] copying /home/yadi/perceptron/build/perceptron_robot_bringup/build/lib/perceptron_robot_bringup/__init__.py -> /home/yadi/perceptron/install/perceptron_robot_bringup/lib/python3.10/site-packages/perceptron_robot_bringup
[2.353s] byte-compiling /home/yadi/perceptron/install/perceptron_robot_bringup/lib/python3.10/site-packages/perceptron_robot_bringup/__init__.py to __init__.cpython-310.pyc
[2.356s] running install_data
[2.356s] creating /home/yadi/perceptron/install/perceptron_robot_bringup/share/ament_index
[2.357s] creating /home/yadi/perceptron/install/perceptron_robot_bringup/share/ament_index/resource_index
[2.358s] creating /home/yadi/perceptron/install/perceptron_robot_bringup/share/ament_index/resource_index/packages
[2.359s] copying resource/perceptron_robot_bringup -> /home/yadi/perceptron/install/perceptron_robot_bringup/share/ament_index/resource_index/packages
[2.359s] copying package.xml -> /home/yadi/perceptron/install/perceptron_robot_bringup/share/perceptron_robot_bringup
[2.359s] creating /home/yadi/perceptron/install/perceptron_robot_bringup/share/perceptron_robot_bringup/launch
[2.360s] copying launch/rviz_control.launch.py -> /home/yadi/perceptron/install/perceptron_robot_bringup/share/perceptron_robot_bringup/launch
[2.360s] copying launch/gazebo_control2.launch.py -> /home/yadi/perceptron/install/perceptron_robot_bringup/share/perceptron_robot_bringup/launch
[2.360s] running install_egg_info
[2.366s] Copying ../../build/perceptron_robot_bringup/perceptron_robot_bringup.egg-info to /home/yadi/perceptron/install/perceptron_robot_bringup/lib/python3.10/site-packages/perceptron_robot_bringup-0.0.0-py3.10.egg-info
[2.369s] running install_scripts
[2.424s] writing list of installed files to '/home/yadi/perceptron/build/perceptron_robot_bringup/install.log'
[2.479s] Invoked command in '/home/yadi/perceptron/src/perceptron_robot_bringup' returned '0': PYTHONPATH=/home/yadi/perceptron/build/perceptron_robot_bringup/prefix_override:/usr/lib/python3/dist-packages/colcon_core/task/python/colcon_distutils_commands:/home/yadi/perceptron/install/perceptron_robot_bringup/lib/python3.10/site-packages:${PYTHONPATH} /usr/bin/python3 -W ignore:setup.py install is deprecated -W ignore:easy_install command is deprecated setup.py egg_info --egg-base ../../build/perceptron_robot_bringup build --build-base /home/yadi/perceptron/build/perceptron_robot_bringup/build install --record /home/yadi/perceptron/build/perceptron_robot_bringup/install.log --single-version-externally-managed install_data
