[1.702s] Invoking command in '/home/yadi/perceptron/src/perceptron_robot_gazebo': PYTHONPATH=/home/yadi/perceptron/build/perceptron_robot_gazebo/prefix_override:/usr/lib/python3/dist-packages/colcon_core/task/python/colcon_distutils_commands:/home/yadi/perceptron/install/perceptron_robot_gazebo/lib/python3.10/site-packages:${PYTHONPATH} /usr/bin/python3 -W ignore:setup.py install is deprecated -W ignore:easy_install command is deprecated setup.py egg_info --egg-base ../../build/perceptron_robot_gazebo build --build-base /home/yadi/perceptron/build/perceptron_robot_gazebo/build install --record /home/yadi/perceptron/build/perceptron_robot_gazebo/install.log --single-version-externally-managed install_data
[2.224s] running egg_info
[2.225s] creating ../../build/perceptron_robot_gazebo/perceptron_robot_gazebo.egg-info
[2.226s] writing ../../build/perceptron_robot_gazebo/perceptron_robot_gazebo.egg-info/PKG-INFO
[2.227s] writing dependency_links to ../../build/perceptron_robot_gazebo/perceptron_robot_gazebo.egg-info/dependency_links.txt
[2.228s] writing entry points to ../../build/perceptron_robot_gazebo/perceptron_robot_gazebo.egg-info/entry_points.txt
[2.228s] writing requirements to ../../build/perceptron_robot_gazebo/perceptron_robot_gazebo.egg-info/requires.txt
[2.228s] writing top-level names to ../../build/perceptron_robot_gazebo/perceptron_robot_gazebo.egg-info/top_level.txt
[2.228s] writing manifest file '../../build/perceptron_robot_gazebo/perceptron_robot_gazebo.egg-info/SOURCES.txt'
[2.231s] reading manifest file '../../build/perceptron_robot_gazebo/perceptron_robot_gazebo.egg-info/SOURCES.txt'
[2.233s] writing manifest file '../../build/perceptron_robot_gazebo/perceptron_robot_gazebo.egg-info/SOURCES.txt'
[2.233s] running build
[2.233s] running build_py
[2.234s] creating /home/yadi/perceptron/build/perceptron_robot_gazebo/build
[2.234s] creating /home/yadi/perceptron/build/perceptron_robot_gazebo/build/lib
[2.234s] creating /home/yadi/perceptron/build/perceptron_robot_gazebo/build/lib/perceptron_robot_gazebo
[2.235s] copying perceptron_robot_gazebo/__init__.py -> /home/yadi/perceptron/build/perceptron_robot_gazebo/build/lib/perceptron_robot_gazebo
[2.236s] running install
[2.236s] running install_lib
[2.240s] creating /home/yadi/perceptron/install/perceptron_robot_gazebo/lib/python3.10/site-packages/perceptron_robot_gazebo
[2.241s] copying /home/yadi/perceptron/build/perceptron_robot_gazebo/build/lib/perceptron_robot_gazebo/__init__.py -> /home/yadi/perceptron/install/perceptron_robot_gazebo/lib/python3.10/site-packages/perceptron_robot_gazebo
[2.242s] byte-compiling /home/yadi/perceptron/install/perceptron_robot_gazebo/lib/python3.10/site-packages/perceptron_robot_gazebo/__init__.py to __init__.cpython-310.pyc
[2.244s] running install_data
[2.244s] creating /home/yadi/perceptron/install/perceptron_robot_gazebo/share/ament_index
[2.245s] creating /home/yadi/perceptron/install/perceptron_robot_gazebo/share/ament_index/resource_index
[2.245s] creating /home/yadi/perceptron/install/perceptron_robot_gazebo/share/ament_index/resource_index/packages
[2.246s] copying resource/perceptron_robot_gazebo -> /home/yadi/perceptron/install/perceptron_robot_gazebo/share/ament_index/resource_index/packages
[2.246s] copying package.xml -> /home/yadi/perceptron/install/perceptron_robot_gazebo/share/perceptron_robot_gazebo
[2.246s] creating /home/yadi/perceptron/install/perceptron_robot_gazebo/share/perceptron_robot_gazebo/launch
[2.247s] copying launch/gazebo.launch.py -> /home/yadi/perceptron/install/perceptron_robot_gazebo/share/perceptron_robot_gazebo/launch
[2.247s] running install_egg_info
[2.249s] Copying ../../build/perceptron_robot_gazebo/perceptron_robot_gazebo.egg-info to /home/yadi/perceptron/install/perceptron_robot_gazebo/lib/python3.10/site-packages/perceptron_robot_gazebo-0.0.0-py3.10.egg-info
[2.252s] running install_scripts
[2.300s] writing list of installed files to '/home/yadi/perceptron/build/perceptron_robot_gazebo/install.log'
[2.396s] Invoked command in '/home/yadi/perceptron/src/perceptron_robot_gazebo' returned '0': PYTHONPATH=/home/yadi/perceptron/build/perceptron_robot_gazebo/prefix_override:/usr/lib/python3/dist-packages/colcon_core/task/python/colcon_distutils_commands:/home/yadi/perceptron/install/perceptron_robot_gazebo/lib/python3.10/site-packages:${PYTHONPATH} /usr/bin/python3 -W ignore:setup.py install is deprecated -W ignore:easy_install command is deprecated setup.py egg_info --egg-base ../../build/perceptron_robot_gazebo build --build-base /home/yadi/perceptron/build/perceptron_robot_gazebo/build install --record /home/yadi/perceptron/build/perceptron_robot_gazebo/install.log --single-version-externally-managed install_data
