[1.728s] Invoking command in '/home/yadi/perceptron/src/perceptron_robot_control': PYTHONPATH=/home/yadi/perceptron/build/perceptron_robot_control/prefix_override:/usr/lib/python3/dist-packages/colcon_core/task/python/colcon_distutils_commands:/home/yadi/perceptron/install/perceptron_robot_control/lib/python3.10/site-packages:${PYTHONPATH} /usr/bin/python3 -W ignore:setup.py install is deprecated -W ignore:easy_install command is deprecated setup.py egg_info --egg-base ../../build/perceptron_robot_control build --build-base /home/yadi/perceptron/build/perceptron_robot_control/build install --record /home/yadi/perceptron/build/perceptron_robot_control/install.log --single-version-externally-managed install_data
[2.056s] running egg_info
[2.058s] writing ../../build/perceptron_robot_control/perceptron_robot_control.egg-info/PKG-INFO
[2.059s] writing dependency_links to ../../build/perceptron_robot_control/perceptron_robot_control.egg-info/dependency_links.txt
[2.060s] writing entry points to ../../build/perceptron_robot_control/perceptron_robot_control.egg-info/entry_points.txt
[2.060s] writing requirements to ../../build/perceptron_robot_control/perceptron_robot_control.egg-info/requires.txt
[2.061s] writing top-level names to ../../build/perceptron_robot_control/perceptron_robot_control.egg-info/top_level.txt
[2.065s] reading manifest file '../../build/perceptron_robot_control/perceptron_robot_control.egg-info/SOURCES.txt'
[2.067s] writing manifest file '../../build/perceptron_robot_control/perceptron_robot_control.egg-info/SOURCES.txt'
[2.068s] running build
[2.068s] running build_py
[2.068s] running install
[2.069s] running install_lib
[2.072s] running install_data
[2.073s] running install_egg_info
[2.076s] removing '/home/yadi/perceptron/install/perceptron_robot_control/lib/python3.10/site-packages/perceptron_robot_control-0.0.0-py3.10.egg-info' (and everything under it)
[2.080s] Copying ../../build/perceptron_robot_control/perceptron_robot_control.egg-info to /home/yadi/perceptron/install/perceptron_robot_control/lib/python3.10/site-packages/perceptron_robot_control-0.0.0-py3.10.egg-info
[2.083s] running install_scripts
[2.117s] writing list of installed files to '/home/yadi/perceptron/build/perceptron_robot_control/install.log'
[2.181s] Invoked command in '/home/yadi/perceptron/src/perceptron_robot_control' returned '0': PYTHONPATH=/home/yadi/perceptron/build/perceptron_robot_control/prefix_override:/usr/lib/python3/dist-packages/colcon_core/task/python/colcon_distutils_commands:/home/yadi/perceptron/install/perceptron_robot_control/lib/python3.10/site-packages:${PYTHONPATH} /usr/bin/python3 -W ignore:setup.py install is deprecated -W ignore:easy_install command is deprecated setup.py egg_info --egg-base ../../build/perceptron_robot_control build --build-base /home/yadi/perceptron/build/perceptron_robot_control/build install --record /home/yadi/perceptron/build/perceptron_robot_control/install.log --single-version-externally-managed install_data
