[1.732s] Invoking command in '/home/yadi/perceptron/src/perceptron_robot_control': PYTHONPATH=/home/yadi/perceptron/build/perceptron_robot_control/prefix_override:/usr/lib/python3/dist-packages/colcon_core/task/python/colcon_distutils_commands:/home/yadi/perceptron/install/perceptron_robot_control/lib/python3.10/site-packages:${PYTHONPATH} /usr/bin/python3 -W ignore:setup.py install is deprecated -W ignore:easy_install command is deprecated setup.py egg_info --egg-base ../../build/perceptron_robot_control build --build-base /home/yadi/perceptron/build/perceptron_robot_control/build install --record /home/yadi/perceptron/build/perceptron_robot_control/install.log --single-version-externally-managed install_data
[2.204s] running egg_info
[2.205s] creating ../../build/perceptron_robot_control/perceptron_robot_control.egg-info
[2.206s] writing ../../build/perceptron_robot_control/perceptron_robot_control.egg-info/PKG-INFO
[2.206s] writing dependency_links to ../../build/perceptron_robot_control/perceptron_robot_control.egg-info/dependency_links.txt
[2.207s] writing entry points to ../../build/perceptron_robot_control/perceptron_robot_control.egg-info/entry_points.txt
[2.207s] writing requirements to ../../build/perceptron_robot_control/perceptron_robot_control.egg-info/requires.txt
[2.207s] writing top-level names to ../../build/perceptron_robot_control/perceptron_robot_control.egg-info/top_level.txt
[2.207s] writing manifest file '../../build/perceptron_robot_control/perceptron_robot_control.egg-info/SOURCES.txt'
[2.210s] reading manifest file '../../build/perceptron_robot_control/perceptron_robot_control.egg-info/SOURCES.txt'
[2.212s] writing manifest file '../../build/perceptron_robot_control/perceptron_robot_control.egg-info/SOURCES.txt'
[2.213s] running build
[2.214s] running build_py
[2.214s] creating /home/yadi/perceptron/build/perceptron_robot_control/build
[2.215s] creating /home/yadi/perceptron/build/perceptron_robot_control/build/lib
[2.215s] creating /home/yadi/perceptron/build/perceptron_robot_control/build/lib/perceptron_robot_control
[2.215s] copying perceptron_robot_control/__init__.py -> /home/yadi/perceptron/build/perceptron_robot_control/build/lib/perceptron_robot_control
[2.215s] running install
[2.216s] running install_lib
[2.222s] creating /home/yadi/perceptron/install/perceptron_robot_control/lib/python3.10/site-packages/perceptron_robot_control
[2.223s] copying /home/yadi/perceptron/build/perceptron_robot_control/build/lib/perceptron_robot_control/__init__.py -> /home/yadi/perceptron/install/perceptron_robot_control/lib/python3.10/site-packages/perceptron_robot_control
[2.224s] byte-compiling /home/yadi/perceptron/install/perceptron_robot_control/lib/python3.10/site-packages/perceptron_robot_control/__init__.py to __init__.cpython-310.pyc
[2.225s] running install_data
[2.226s] creating /home/yadi/perceptron/install/perceptron_robot_control/share/ament_index
[2.226s] creating /home/yadi/perceptron/install/perceptron_robot_control/share/ament_index/resource_index
[2.227s] creating /home/yadi/perceptron/install/perceptron_robot_control/share/ament_index/resource_index/packages
[2.228s] copying resource/perceptron_robot_control -> /home/yadi/perceptron/install/perceptron_robot_control/share/ament_index/resource_index/packages
[2.228s] copying package.xml -> /home/yadi/perceptron/install/perceptron_robot_control/share/perceptron_robot_control
[2.228s] creating /home/yadi/perceptron/install/perceptron_robot_control/share/perceptron_robot_control/config
[2.228s] copying config/controllersRviz.yaml -> /home/yadi/perceptron/install/perceptron_robot_control/share/perceptron_robot_control/config
[2.229s] copying config/controllers.yaml -> /home/yadi/perceptron/install/perceptron_robot_control/share/perceptron_robot_control/config
[2.229s] running install_egg_info
[2.232s] Copying ../../build/perceptron_robot_control/perceptron_robot_control.egg-info to /home/yadi/perceptron/install/perceptron_robot_control/lib/python3.10/site-packages/perceptron_robot_control-0.0.0-py3.10.egg-info
[2.234s] running install_scripts
[2.272s] writing list of installed files to '/home/yadi/perceptron/build/perceptron_robot_control/install.log'
[2.356s] Invoked command in '/home/yadi/perceptron/src/perceptron_robot_control' returned '0': PYTHONPATH=/home/yadi/perceptron/build/perceptron_robot_control/prefix_override:/usr/lib/python3/dist-packages/colcon_core/task/python/colcon_distutils_commands:/home/yadi/perceptron/install/perceptron_robot_control/lib/python3.10/site-packages:${PYTHONPATH} /usr/bin/python3 -W ignore:setup.py install is deprecated -W ignore:easy_install command is deprecated setup.py egg_info --egg-base ../../build/perceptron_robot_control build --build-base /home/yadi/perceptron/build/perceptron_robot_control/build install --record /home/yadi/perceptron/build/perceptron_robot_control/install.log --single-version-externally-managed install_data
